[0.016s] Invoking command in '/home/th1rt3en/doco/uav_hw/src/workspace/doco_uav/build_static_check/uav_visual_landing': CMAKE_PREFIX_PATH=/opt/ros/humble /usr/bin/cmake /home/th1rt3en/doco/uav_hw/src/workspace/doco_uav/src/uav_visual_landing -DBUILD_TESTING=ON -DCMAKE_BUILD_TYPE=RelWithDebInfo -DCMAKE_INSTALL_PREFIX=/home/th1rt3en/doco/uav_hw/src/workspace/doco_uav/install_static_check
[0.135s] -- The C compiler identification is GNU 11.4.0
[0.219s] -- The CXX compiler identification is GNU 11.4.0
[0.227s] -- Detecting C compiler ABI info
[0.294s] -- Detecting C compiler ABI info - done
[0.299s] -- Check for working C compiler: /usr/bin/cc - skipped
[0.299s] -- Detecting C compile features
[0.300s] -- Detecting C compile features - done
[0.303s] -- Detecting CXX compiler ABI info
[0.379s] -- Detecting CXX compiler ABI info - done
[0.384s] -- Check for working CXX compiler: /usr/bin/c++ - skipped
[0.384s] -- Detecting CXX compile features
[0.385s] -- Detecting CXX compile features - done
[0.391s] -- Found ament_cmake: 1.3.13 (/opt/ros/humble/share/ament_cmake/cmake)
[0.523s] -- Found Python3: /usr/bin/python3 (found version "3.10.12") found components: Interpreter 
[0.602s] -- Found ament_cmake_gtest: 1.3.13 (/opt/ros/humble/share/ament_cmake_gtest/cmake)
[0.604s] -- Found rclcpp: 16.0.18 (/opt/ros/humble/share/rclcpp/cmake)
[0.647s] -- Found rosidl_generator_c: 3.1.8 (/opt/ros/humble/share/rosidl_generator_c/cmake)
[0.651s] -- Found rosidl_adapter: 3.1.8 (/opt/ros/humble/share/rosidl_adapter/cmake)
[0.660s] -- Found rosidl_generator_cpp: 3.1.8 (/opt/ros/humble/share/rosidl_generator_cpp/cmake)
[0.673s] -- Using all available rosidl_typesupport_c: rosidl_typesupport_fastrtps_c;rosidl_typesupport_introspection_c
[0.686s] -- Using all available rosidl_typesupport_cpp: rosidl_typesupport_fastrtps_cpp;rosidl_typesupport_introspection_cpp
[0.727s] -- Found rmw_implementation_cmake: 6.1.2 (/opt/ros/humble/share/rmw_implementation_cmake/cmake)
[0.730s] -- Found rmw_fastrtps_cpp: 6.2.10 (/opt/ros/humble/share/rmw_fastrtps_cpp/cmake)
[0.822s] -- Found OpenSSL: /usr/lib/x86_64-linux-gnu/libcrypto.so (found version "3.0.2")  
[0.855s] -- Found FastRTPS: /opt/ros/humble/include  
[0.905s] -- Using RMW implementation 'rmw_fastrtps_cpp' as default
[0.916s] -- Looking for pthread.h
[0.988s] -- Looking for pthread.h - found
[0.988s] -- Performing Test CMAKE_HAVE_LIBC_PTHREAD
[1.055s] -- Performing Test CMAKE_HAVE_LIBC_PTHREAD - Success
[1.056s] -- Found Threads: TRUE  
[1.104s] -- Found sensor_msgs: 4.9.1 (/opt/ros/humble/share/sensor_msgs/cmake)
[1.132s] -- Found nav_msgs: 4.9.1 (/opt/ros/humble/share/nav_msgs/cmake)
[1.156s] CMake Error at CMakeLists.txt:14 (find_package):
[1.156s]   By not providing "Findpx4_msgs.cmake" in CMAKE_MODULE_PATH this project has
[1.156s]   asked CMake to find a package configuration file provided by "px4_msgs",
[1.156s]   but CMake did not find one.
[1.156s] 
[1.156s]   Could not find a package configuration file provided by "px4_msgs" with any
[1.156s]   of the following names:
[1.156s] 
[1.156s]     px4_msgsConfig.cmake
[1.156s]     px4_msgs-config.cmake
[1.156s] 
[1.156s]   Add the installation prefix of "px4_msgs" to CMAKE_PREFIX_PATH or set
[1.156s]   "px4_msgs_DIR" to a directory containing one of the above files.  If
[1.156s]   "px4_msgs" provides a separate development package or SDK, be sure it has
[1.156s]   been installed.
[1.156s] 
[1.156s] 
[1.157s] -- Configuring incomplete, errors occurred!
[1.157s] See also "/home/th1rt3en/doco/uav_hw/src/workspace/doco_uav/build_static_check/uav_visual_landing/CMakeFiles/CMakeOutput.log".
[1.170s] Invoked command in '/home/th1rt3en/doco/uav_hw/src/workspace/doco_uav/build_static_check/uav_visual_landing' returned '1': CMAKE_PREFIX_PATH=/opt/ros/humble /usr/bin/cmake /home/th1rt3en/doco/uav_hw/src/workspace/doco_uav/src/uav_visual_landing -DBUILD_TESTING=ON -DCMAKE_BUILD_TYPE=RelWithDebInfo -DCMAKE_INSTALL_PREFIX=/home/th1rt3en/doco/uav_hw/src/workspace/doco_uav/install_static_check
