[0.013s] Invoking command in '/home/th1rt3en/doco/uav_hw/src/workspace/doco_uav/build_static_scan/uav_bringup': AMENT_PREFIX_PATH=/home/th1rt3en/doco/uav_hw/src/workspace/doco_uav/install_static_scan/uav_visual_landing:/home/th1rt3en/doco/uav_hw/src/workspace/doco_uav/install_static_scan/uav_bridge:${AMENT_PREFIX_PATH} CMAKE_PREFIX_PATH=/home/th1rt3en/doco/uav_hw/src/workspace/doco_uav/install_static_scan/uav_visual_landing:/home/th1rt3en/doco/uav_hw/src/workspace/doco_uav/install_static_scan/uav_bridge:/home/th1rt3en/doco/sim_full/install/ugv_sim_bringup:/home/th1rt3en/doco/sim_full/install/ugv_teleop:/home/th1rt3en/doco/sim_full/install/ugv_slam_tools:/home/th1rt3en/doco/sim_full/install/uav_sim_bringup:/home/th1rt3en/doco/sim_full/install/sim_worlds:/home/th1rt3en/doco/sim_full/install/ugv_sim_tools:/home/th1rt3en/doco/sim_full/install/ugv_safety_watchdog:/home/th1rt3en/doco/sim_full/install/ugv_controller_emulator:/home/th1rt3en/doco/sim_full/install/ugv_base_driver:/home/th1rt3en/doco/sim_full/install/uav_mode_supervisor:/home/th1rt3en/doco/sim_full/install/uav_bringup:/home/th1rt3en/doco/sim_full/install/uav_visual_landing:/home/th1rt3en/doco/sim_full/install/uav_gz_bridge:/home/th1rt3en/doco/sim_full/install/uav_description:/home/th1rt3en/doco/sim_full/install/uav_bridge:/home/th1rt3en/doco/sim_full/install/relative_position_fusion:/home/th1rt3en/doco/sim_full/install/quadrotor_msgs:/home/th1rt3en/doco/sim_full/install/px4_msgs:/home/th1rt3en/doco/sim_full/install/px4:/home/th1rt3en/doco/sim_full/install/orbbec_description:/home/th1rt3en/doco/sim_full/install/orbbec_camera:/home/th1rt3en/doco/sim_full/install/orbbec_camera_msgs:/home/th1rt3en/doco/sim_full/install/lslidar_driver:/home/th1rt3en/doco/sim_full/install/lslidar_msgs:/home/th1rt3en/doco/sim_full/install/duojin01_bringup:/home/th1rt3en/doco/sim_full/install/ugv_bringup:/home/th1rt3en/doco/sim_full/install/ugv_description:/opt/ros/humble LD_LIBRARY_PATH=/home/th1rt3en/doco/uav_hw/src/workspace/doco_uav/install_static_scan/uav_visual_landing/lib:${LD_LIBRARY_PATH} PYTHONPATH=/home/th1rt3en/doco/uav_hw/src/workspace/doco_uav/install_static_scan/uav_visual_landing/local/lib/python3.10/dist-packages:${PYTHONPATH} /usr/bin/cmake /home/th1rt3en/doco/uav_hw/src/workspace/doco_uav/src/uav_bringup -DBUILD_TESTING=ON -DCMAKE_EXPORT_COMPILE_COMMANDS=ON -DCMAKE_INSTALL_PREFIX=/home/th1rt3en/doco/uav_hw/src/workspace/doco_uav/install_static_scan/uav_bringup
[0.073s] -- The C compiler identification is GNU 11.4.0
[0.129s] -- The CXX compiler identification is GNU 11.4.0
[0.136s] -- Detecting C compiler ABI info
[0.220s] -- Detecting C compiler ABI info - done
[0.227s] -- Check for working C compiler: /usr/bin/cc - skipped
[0.227s] -- Detecting C compile features
[0.227s] -- Detecting C compile features - done
[0.229s] -- Detecting CXX compiler ABI info
[0.320s] -- Detecting CXX compiler ABI info - done
[0.326s] -- Check for working CXX compiler: /usr/bin/c++ - skipped
[0.326s] -- Detecting CXX compile features
[0.326s] -- Detecting CXX compile features - done
[0.331s] -- Found ament_cmake: 1.3.13 (/opt/ros/humble/share/ament_cmake/cmake)
[0.481s] -- Found Python3: /usr/bin/python3 (found version "3.10.12") found components: Interpreter 
[0.708s] -- Configuring done
[0.711s] -- Generating done
[0.712s] CMake Warning:
[0.712s]   Manually-specified variables were not used by the project:
[0.712s] 
[0.712s]     CMAKE_EXPORT_COMPILE_COMMANDS
[0.712s] 
[0.712s] 
[0.713s] -- Build files have been written to: /home/th1rt3en/doco/uav_hw/src/workspace/doco_uav/build_static_scan/uav_bringup
[0.718s] Invoked command in '/home/th1rt3en/doco/uav_hw/src/workspace/doco_uav/build_static_scan/uav_bringup' returned '0': AMENT_PREFIX_PATH=/home/th1rt3en/doco/uav_hw/src/workspace/doco_uav/install_static_scan/uav_visual_landing:/home/th1rt3en/doco/uav_hw/src/workspace/doco_uav/install_static_scan/uav_bridge:${AMENT_PREFIX_PATH} CMAKE_PREFIX_PATH=/home/th1rt3en/doco/uav_hw/src/workspace/doco_uav/install_static_scan/uav_visual_landing:/home/th1rt3en/doco/uav_hw/src/workspace/doco_uav/install_static_scan/uav_bridge:/home/th1rt3en/doco/sim_full/install/ugv_sim_bringup:/home/th1rt3en/doco/sim_full/install/ugv_teleop:/home/th1rt3en/doco/sim_full/install/ugv_slam_tools:/home/th1rt3en/doco/sim_full/install/uav_sim_bringup:/home/th1rt3en/doco/sim_full/install/sim_worlds:/home/th1rt3en/doco/sim_full/install/ugv_sim_tools:/home/th1rt3en/doco/sim_full/install/ugv_safety_watchdog:/home/th1rt3en/doco/sim_full/install/ugv_controller_emulator:/home/th1rt3en/doco/sim_full/install/ugv_base_driver:/home/th1rt3en/doco/sim_full/install/uav_mode_supervisor:/home/th1rt3en/doco/sim_full/install/uav_bringup:/home/th1rt3en/doco/sim_full/install/uav_visual_landing:/home/th1rt3en/doco/sim_full/install/uav_gz_bridge:/home/th1rt3en/doco/sim_full/install/uav_description:/home/th1rt3en/doco/sim_full/install/uav_bridge:/home/th1rt3en/doco/sim_full/install/relative_position_fusion:/home/th1rt3en/doco/sim_full/install/quadrotor_msgs:/home/th1rt3en/doco/sim_full/install/px4_msgs:/home/th1rt3en/doco/sim_full/install/px4:/home/th1rt3en/doco/sim_full/install/orbbec_description:/home/th1rt3en/doco/sim_full/install/orbbec_camera:/home/th1rt3en/doco/sim_full/install/orbbec_camera_msgs:/home/th1rt3en/doco/sim_full/install/lslidar_driver:/home/th1rt3en/doco/sim_full/install/lslidar_msgs:/home/th1rt3en/doco/sim_full/install/duojin01_bringup:/home/th1rt3en/doco/sim_full/install/ugv_bringup:/home/th1rt3en/doco/sim_full/install/ugv_description:/opt/ros/humble LD_LIBRARY_PATH=/home/th1rt3en/doco/uav_hw/src/workspace/doco_uav/install_static_scan/uav_visual_landing/lib:${LD_LIBRARY_PATH} PYTHONPATH=/home/th1rt3en/doco/uav_hw/src/workspace/doco_uav/install_static_scan/uav_visual_landing/local/lib/python3.10/dist-packages:${PYTHONPATH} /usr/bin/cmake /home/th1rt3en/doco/uav_hw/src/workspace/doco_uav/src/uav_bringup -DBUILD_TESTING=ON -DCMAKE_EXPORT_COMPILE_COMMANDS=ON -DCMAKE_INSTALL_PREFIX=/home/th1rt3en/doco/uav_hw/src/workspace/doco_uav/install_static_scan/uav_bringup
[0.719s] Invoking command in '/home/th1rt3en/doco/uav_hw/src/workspace/doco_uav/build_static_scan/uav_bringup': AMENT_PREFIX_PATH=/home/th1rt3en/doco/uav_hw/src/workspace/doco_uav/install_static_scan/uav_visual_landing:/home/th1rt3en/doco/uav_hw/src/workspace/doco_uav/install_static_scan/uav_bridge:${AMENT_PREFIX_PATH} CMAKE_PREFIX_PATH=/home/th1rt3en/doco/uav_hw/src/workspace/doco_uav/install_static_scan/uav_visual_landing:/home/th1rt3en/doco/uav_hw/src/workspace/doco_uav/install_static_scan/uav_bridge:/home/th1rt3en/doco/sim_full/install/ugv_sim_bringup:/home/th1rt3en/doco/sim_full/install/ugv_teleop:/home/th1rt3en/doco/sim_full/install/ugv_slam_tools:/home/th1rt3en/doco/sim_full/install/uav_sim_bringup:/home/th1rt3en/doco/sim_full/install/sim_worlds:/home/th1rt3en/doco/sim_full/install/ugv_sim_tools:/home/th1rt3en/doco/sim_full/install/ugv_safety_watchdog:/home/th1rt3en/doco/sim_full/install/ugv_controller_emulator:/home/th1rt3en/doco/sim_full/install/ugv_base_driver:/home/th1rt3en/doco/sim_full/install/uav_mode_supervisor:/home/th1rt3en/doco/sim_full/install/uav_bringup:/home/th1rt3en/doco/sim_full/install/uav_visual_landing:/home/th1rt3en/doco/sim_full/install/uav_gz_bridge:/home/th1rt3en/doco/sim_full/install/uav_description:/home/th1rt3en/doco/sim_full/install/uav_bridge:/home/th1rt3en/doco/sim_full/install/relative_position_fusion:/home/th1rt3en/doco/sim_full/install/quadrotor_msgs:/home/th1rt3en/doco/sim_full/install/px4_msgs:/home/th1rt3en/doco/sim_full/install/px4:/home/th1rt3en/doco/sim_full/install/orbbec_description:/home/th1rt3en/doco/sim_full/install/orbbec_camera:/home/th1rt3en/doco/sim_full/install/orbbec_camera_msgs:/home/th1rt3en/doco/sim_full/install/lslidar_driver:/home/th1rt3en/doco/sim_full/install/lslidar_msgs:/home/th1rt3en/doco/sim_full/install/duojin01_bringup:/home/th1rt3en/doco/sim_full/install/ugv_bringup:/home/th1rt3en/doco/sim_full/install/ugv_description:/opt/ros/humble LD_LIBRARY_PATH=/home/th1rt3en/doco/uav_hw/src/workspace/doco_uav/install_static_scan/uav_visual_landing/lib:${LD_LIBRARY_PATH} PYTHONPATH=/home/th1rt3en/doco/uav_hw/src/workspace/doco_uav/install_static_scan/uav_visual_landing/local/lib/python3.10/dist-packages:${PYTHONPATH} /usr/bin/cmake --build /home/th1rt3en/doco/uav_hw/src/workspace/doco_uav/build_static_scan/uav_bringup -- -j16 -l16
[0.784s] Built target ament_cmake_python_copy_uav_bringup
[0.950s] running egg_info
[0.950s] creating uav_bringup.egg-info
[0.950s] writing uav_bringup.egg-info/PKG-INFO
[0.951s] writing dependency_links to uav_bringup.egg-info/dependency_links.txt
[0.951s] writing top-level names to uav_bringup.egg-info/top_level.txt
[0.951s] writing manifest file 'uav_bringup.egg-info/SOURCES.txt'
[0.952s] reading manifest file 'uav_bringup.egg-info/SOURCES.txt'
[0.952s] writing manifest file 'uav_bringup.egg-info/SOURCES.txt'
[0.978s] Built target ament_cmake_python_build_uav_bringup_egg
[0.988s] Invoked command in '/home/th1rt3en/doco/uav_hw/src/workspace/doco_uav/build_static_scan/uav_bringup' returned '0': AMENT_PREFIX_PATH=/home/th1rt3en/doco/uav_hw/src/workspace/doco_uav/install_static_scan/uav_visual_landing:/home/th1rt3en/doco/uav_hw/src/workspace/doco_uav/install_static_scan/uav_bridge:${AMENT_PREFIX_PATH} CMAKE_PREFIX_PATH=/home/th1rt3en/doco/uav_hw/src/workspace/doco_uav/install_static_scan/uav_visual_landing:/home/th1rt3en/doco/uav_hw/src/workspace/doco_uav/install_static_scan/uav_bridge:/home/th1rt3en/doco/sim_full/install/ugv_sim_bringup:/home/th1rt3en/doco/sim_full/install/ugv_teleop:/home/th1rt3en/doco/sim_full/install/ugv_slam_tools:/home/th1rt3en/doco/sim_full/install/uav_sim_bringup:/home/th1rt3en/doco/sim_full/install/sim_worlds:/home/th1rt3en/doco/sim_full/install/ugv_sim_tools:/home/th1rt3en/doco/sim_full/install/ugv_safety_watchdog:/home/th1rt3en/doco/sim_full/install/ugv_controller_emulator:/home/th1rt3en/doco/sim_full/install/ugv_base_driver:/home/th1rt3en/doco/sim_full/install/uav_mode_supervisor:/home/th1rt3en/doco/sim_full/install/uav_bringup:/home/th1rt3en/doco/sim_full/install/uav_visual_landing:/home/th1rt3en/doco/sim_full/install/uav_gz_bridge:/home/th1rt3en/doco/sim_full/install/uav_description:/home/th1rt3en/doco/sim_full/install/uav_bridge:/home/th1rt3en/doco/sim_full/install/relative_position_fusion:/home/th1rt3en/doco/sim_full/install/quadrotor_msgs:/home/th1rt3en/doco/sim_full/install/px4_msgs:/home/th1rt3en/doco/sim_full/install/px4:/home/th1rt3en/doco/sim_full/install/orbbec_description:/home/th1rt3en/doco/sim_full/install/orbbec_camera:/home/th1rt3en/doco/sim_full/install/orbbec_camera_msgs:/home/th1rt3en/doco/sim_full/install/lslidar_driver:/home/th1rt3en/doco/sim_full/install/lslidar_msgs:/home/th1rt3en/doco/sim_full/install/duojin01_bringup:/home/th1rt3en/doco/sim_full/install/ugv_bringup:/home/th1rt3en/doco/sim_full/install/ugv_description:/opt/ros/humble LD_LIBRARY_PATH=/home/th1rt3en/doco/uav_hw/src/workspace/doco_uav/install_static_scan/uav_visual_landing/lib:${LD_LIBRARY_PATH} PYTHONPATH=/home/th1rt3en/doco/uav_hw/src/workspace/doco_uav/install_static_scan/uav_visual_landing/local/lib/python3.10/dist-packages:${PYTHONPATH} /usr/bin/cmake --build /home/th1rt3en/doco/uav_hw/src/workspace/doco_uav/build_static_scan/uav_bringup -- -j16 -l16
[0.990s] Invoking command in '/home/th1rt3en/doco/uav_hw/src/workspace/doco_uav/build_static_scan/uav_bringup': AMENT_PREFIX_PATH=/home/th1rt3en/doco/uav_hw/src/workspace/doco_uav/install_static_scan/uav_visual_landing:/home/th1rt3en/doco/uav_hw/src/workspace/doco_uav/install_static_scan/uav_bridge:${AMENT_PREFIX_PATH} CMAKE_PREFIX_PATH=/home/th1rt3en/doco/uav_hw/src/workspace/doco_uav/install_static_scan/uav_visual_landing:/home/th1rt3en/doco/uav_hw/src/workspace/doco_uav/install_static_scan/uav_bridge:/home/th1rt3en/doco/sim_full/install/ugv_sim_bringup:/home/th1rt3en/doco/sim_full/install/ugv_teleop:/home/th1rt3en/doco/sim_full/install/ugv_slam_tools:/home/th1rt3en/doco/sim_full/install/uav_sim_bringup:/home/th1rt3en/doco/sim_full/install/sim_worlds:/home/th1rt3en/doco/sim_full/install/ugv_sim_tools:/home/th1rt3en/doco/sim_full/install/ugv_safety_watchdog:/home/th1rt3en/doco/sim_full/install/ugv_controller_emulator:/home/th1rt3en/doco/sim_full/install/ugv_base_driver:/home/th1rt3en/doco/sim_full/install/uav_mode_supervisor:/home/th1rt3en/doco/sim_full/install/uav_bringup:/home/th1rt3en/doco/sim_full/install/uav_visual_landing:/home/th1rt3en/doco/sim_full/install/uav_gz_bridge:/home/th1rt3en/doco/sim_full/install/uav_description:/home/th1rt3en/doco/sim_full/install/uav_bridge:/home/th1rt3en/doco/sim_full/install/relative_position_fusion:/home/th1rt3en/doco/sim_full/install/quadrotor_msgs:/home/th1rt3en/doco/sim_full/install/px4_msgs:/home/th1rt3en/doco/sim_full/install/px4:/home/th1rt3en/doco/sim_full/install/orbbec_description:/home/th1rt3en/doco/sim_full/install/orbbec_camera:/home/th1rt3en/doco/sim_full/install/orbbec_camera_msgs:/home/th1rt3en/doco/sim_full/install/lslidar_driver:/home/th1rt3en/doco/sim_full/install/lslidar_msgs:/home/th1rt3en/doco/sim_full/install/duojin01_bringup:/home/th1rt3en/doco/sim_full/install/ugv_bringup:/home/th1rt3en/doco/sim_full/install/ugv_description:/opt/ros/humble LD_LIBRARY_PATH=/home/th1rt3en/doco/uav_hw/src/workspace/doco_uav/install_static_scan/uav_visual_landing/lib:${LD_LIBRARY_PATH} PYTHONPATH=/home/th1rt3en/doco/uav_hw/src/workspace/doco_uav/install_static_scan/uav_visual_landing/local/lib/python3.10/dist-packages:${PYTHONPATH} /usr/bin/cmake --install /home/th1rt3en/doco/uav_hw/src/workspace/doco_uav/build_static_scan/uav_bringup
[0.997s] -- Install configuration: ""
[0.997s] -- Installing: /home/th1rt3en/doco/uav_hw/src/workspace/doco_uav/install_static_scan/uav_bringup/share/uav_bringup/environment/pythonpath.sh
[0.997s] -- Installing: /home/th1rt3en/doco/uav_hw/src/workspace/doco_uav/install_static_scan/uav_bringup/share/uav_bringup/environment/pythonpath.dsv
[0.997s] -- Installing: /home/th1rt3en/doco/uav_hw/src/workspace/doco_uav/install_static_scan/uav_bringup/local/lib/python3.10/dist-packages/uav_bringup-0.1.0-py3.10.egg-info
[0.998s] -- Installing: /home/th1rt3en/doco/uav_hw/src/workspace/doco_uav/install_static_scan/uav_bringup/local/lib/python3.10/dist-packages/uav_bringup-0.1.0-py3.10.egg-info/top_level.txt
[0.998s] -- Installing: /home/th1rt3en/doco/uav_hw/src/workspace/doco_uav/install_static_scan/uav_bringup/local/lib/python3.10/dist-packages/uav_bringup-0.1.0-py3.10.egg-info/PKG-INFO
[0.998s] -- Installing: /home/th1rt3en/doco/uav_hw/src/workspace/doco_uav/install_static_scan/uav_bringup/local/lib/python3.10/dist-packages/uav_bringup-0.1.0-py3.10.egg-info/SOURCES.txt
[0.998s] -- Installing: /home/th1rt3en/doco/uav_hw/src/workspace/doco_uav/install_static_scan/uav_bringup/local/lib/python3.10/dist-packages/uav_bringup-0.1.0-py3.10.egg-info/dependency_links.txt
[0.998s] -- Installing: /home/th1rt3en/doco/uav_hw/src/workspace/doco_uav/install_static_scan/uav_bringup/local/lib/python3.10/dist-packages/uav_bringup
[0.998s] -- Installing: /home/th1rt3en/doco/uav_hw/src/workspace/doco_uav/install_static_scan/uav_bringup/local/lib/python3.10/dist-packages/uav_bringup/__init__.py
[0.998s] -- Installing: /home/th1rt3en/doco/uav_hw/src/workspace/doco_uav/install_static_scan/uav_bringup/local/lib/python3.10/dist-packages/uav_bringup/profile_defaults.py
[1.030s] Listing '/home/th1rt3en/doco/uav_hw/src/workspace/doco_uav/install_static_scan/uav_bringup/local/lib/python3.10/dist-packages/uav_bringup'...
[1.030s] Compiling '/home/th1rt3en/doco/uav_hw/src/workspace/doco_uav/install_static_scan/uav_bringup/local/lib/python3.10/dist-packages/uav_bringup/__init__.py'...
[1.030s] Compiling '/home/th1rt3en/doco/uav_hw/src/workspace/doco_uav/install_static_scan/uav_bringup/local/lib/python3.10/dist-packages/uav_bringup/profile_defaults.py'...
[1.038s] -- Installing: /home/th1rt3en/doco/uav_hw/src/workspace/doco_uav/install_static_scan/uav_bringup/share/uav_bringup/launch
[1.038s] -- Installing: /home/th1rt3en/doco/uav_hw/src/workspace/doco_uav/install_static_scan/uav_bringup/share/uav_bringup/launch/openvins_orbbec_bootstrap_source.launch.py
[1.038s] -- Installing: /home/th1rt3en/doco/uav_hw/src/workspace/doco_uav/install_static_scan/uav_bringup/share/uav_bringup/launch/orbbec_depth_camera.launch.py
[1.038s] -- Installing: /home/th1rt3en/doco/uav_hw/src/workspace/doco_uav/install_static_scan/uav_bringup/share/uav_bringup/launch/openvins_orbbec.launch.py
[1.038s] -- Installing: /home/th1rt3en/doco/uav_hw/src/workspace/doco_uav/install_static_scan/uav_bringup/share/uav_bringup/launch/visual_landing.launch.py
[1.038s] -- Installing: /home/th1rt3en/doco/uav_hw/src/workspace/doco_uav/install_static_scan/uav_bringup/share/uav_bringup/launch/px4_planar_odom.launch.py
[1.038s] -- Installing: /home/th1rt3en/doco/uav_hw/src/workspace/doco_uav/install_static_scan/uav_bringup/share/uav_bringup/launch/minimal_visual_landing.launch.py
[1.039s] -- Installing: /home/th1rt3en/doco/uav_hw/src/workspace/doco_uav/install_static_scan/uav_bringup/share/uav_bringup/launch/mono_camera.launch.py
[1.039s] -- Installing: /home/th1rt3en/doco/uav_hw/src/workspace/doco_uav/install_static_scan/uav_bringup/share/uav_bringup/launch/minimal_control.launch.py
[1.039s] -- Installing: /home/th1rt3en/doco/uav_hw/src/workspace/doco_uav/install_static_scan/uav_bringup/share/uav_bringup/launch/__pycache__
[1.040s] -- Installing: /home/th1rt3en/doco/uav_hw/src/workspace/doco_uav/install_static_scan/uav_bringup/share/uav_bringup/launch/__pycache__/minimal_control.launch.cpython-310.pyc
[1.040s] -- Installing: /home/th1rt3en/doco/uav_hw/src/workspace/doco_uav/install_static_scan/uav_bringup/share/uav_bringup/launch/__pycache__/openvins_orbbec_bootstrap_source.launch.cpython-310.pyc
[1.040s] -- Installing: /home/th1rt3en/doco/uav_hw/src/workspace/doco_uav/install_static_scan/uav_bringup/share/uav_bringup/launch/__pycache__/mono_camera.launch.cpython-310.pyc
[1.040s] -- Installing: /home/th1rt3en/doco/uav_hw/src/workspace/doco_uav/install_static_scan/uav_bringup/share/uav_bringup/launch/__pycache__/minimal_visual_landing.launch.cpython-310.pyc
[1.040s] -- Installing: /home/th1rt3en/doco/uav_hw/src/workspace/doco_uav/install_static_scan/uav_bringup/share/uav_bringup/launch/__pycache__/orbbec_depth_camera.launch.cpython-310.pyc
[1.040s] -- Installing: /home/th1rt3en/doco/uav_hw/src/workspace/doco_uav/install_static_scan/uav_bringup/share/uav_bringup/launch/__pycache__/openvins_orbbec.launch.cpython-310.pyc
[1.040s] -- Installing: /home/th1rt3en/doco/uav_hw/src/workspace/doco_uav/install_static_scan/uav_bringup/share/uav_bringup/launch/__pycache__/openvins_orbbec_calibration.launch.cpython-310.pyc
[1.041s] -- Installing: /home/th1rt3en/doco/uav_hw/src/workspace/doco_uav/install_static_scan/uav_bringup/share/uav_bringup/launch/__pycache__/px4_planar_odom.launch.cpython-310.pyc
[1.041s] -- Installing: /home/th1rt3en/doco/uav_hw/src/workspace/doco_uav/install_static_scan/uav_bringup/share/uav_bringup/launch/__pycache__/visual_landing.launch.cpython-310.pyc
[1.041s] -- Installing: /home/th1rt3en/doco/uav_hw/src/workspace/doco_uav/install_static_scan/uav_bringup/share/uav_bringup/launch/openvins_orbbec_calibration.launch.py
[1.041s] -- Installing: /home/th1rt3en/doco/uav_hw/src/workspace/doco_uav/install_static_scan/uav_bringup/share/uav_bringup/config
[1.041s] -- Installing: /home/th1rt3en/doco/uav_hw/src/workspace/doco_uav/install_static_scan/uav_bringup/share/uav_bringup/config/openvins
[1.041s] -- Installing: /home/th1rt3en/doco/uav_hw/src/workspace/doco_uav/install_static_scan/uav_bringup/share/uav_bringup/config/openvins/orbbec_stereo_imu
[1.041s] -- Installing: /home/th1rt3en/doco/uav_hw/src/workspace/doco_uav/install_static_scan/uav_bringup/share/uav_bringup/config/openvins/orbbec_stereo_imu/frozen_final
[1.041s] -- Installing: /home/th1rt3en/doco/uav_hw/src/workspace/doco_uav/install_static_scan/uav_bringup/share/uav_bringup/config/openvins/orbbec_stereo_imu/frozen_final/estimator_config.flight.yaml
[1.041s] -- Installing: /home/th1rt3en/doco/uav_hw/src/workspace/doco_uav/install_static_scan/uav_bringup/share/uav_bringup/config/openvins/orbbec_stereo_imu/frozen_final/mask1.pgm
[1.043s] -- Installing: /home/th1rt3en/doco/uav_hw/src/workspace/doco_uav/install_static_scan/uav_bringup/share/uav_bringup/config/openvins/orbbec_stereo_imu/frozen_final/kalibr_imucam_chain.yaml
[1.043s] -- Installing: /home/th1rt3en/doco/uav_hw/src/workspace/doco_uav/install_static_scan/uav_bringup/share/uav_bringup/config/openvins/orbbec_stereo_imu/frozen_final/backups
[1.043s] -- Installing: /home/th1rt3en/doco/uav_hw/src/workspace/doco_uav/install_static_scan/uav_bringup/share/uav_bringup/config/openvins/orbbec_stereo_imu/frozen_final/backups/20260320_pre_drift_suppression
[1.044s] -- Installing: /home/th1rt3en/doco/uav_hw/src/workspace/doco_uav/install_static_scan/uav_bringup/share/uav_bringup/config/openvins/orbbec_stereo_imu/frozen_final/backups/20260320_pre_drift_suppression/estimator_config.flight.yaml
[1.044s] -- Installing: /home/th1rt3en/doco/uav_hw/src/workspace/doco_uav/install_static_scan/uav_bringup/share/uav_bringup/config/openvins/orbbec_stereo_imu/frozen_final/backups/20260320_pre_drift_suppression/kalibr_imucam_chain.yaml
[1.044s] -- Installing: /home/th1rt3en/doco/uav_hw/src/workspace/doco_uav/install_static_scan/uav_bringup/share/uav_bringup/config/openvins/orbbec_stereo_imu/frozen_final/backups/20260320_pre_drift_suppression/kalibr_imu_chain.yaml
[1.044s] -- Installing: /home/th1rt3en/doco/uav_hw/src/workspace/doco_uav/install_static_scan/uav_bringup/share/uav_bringup/config/openvins/orbbec_stereo_imu/frozen_final/kalibr_imu_chain.yaml
[1.044s] -- Installing: /home/th1rt3en/doco/uav_hw/src/workspace/doco_uav/install_static_scan/uav_bringup/share/uav_bringup/config/openvins/orbbec_stereo_imu/frozen_final/mask0.pgm
[1.045s] -- Installing: /home/th1rt3en/doco/uav_hw/src/workspace/doco_uav/install_static_scan/uav_bringup/share/uav_bringup/config/openvins/orbbec_stereo_imu/bootstrap
[1.045s] -- Installing: /home/th1rt3en/doco/uav_hw/src/workspace/doco_uav/install_static_scan/uav_bringup/share/uav_bringup/config/openvins/orbbec_stereo_imu/bootstrap/estimator_config.flight.yaml
[1.045s] -- Installing: /home/th1rt3en/doco/uav_hw/src/workspace/doco_uav/install_static_scan/uav_bringup/share/uav_bringup/config/openvins/orbbec_stereo_imu/bootstrap/estimator_config.calibration.yaml
[1.045s] -- Installing: /home/th1rt3en/doco/uav_hw/src/workspace/doco_uav/install_static_scan/uav_bringup/share/uav_bringup/config/openvins/orbbec_stereo_imu/bootstrap/mask1.pgm
[1.046s] -- Installing: /home/th1rt3en/doco/uav_hw/src/workspace/doco_uav/install_static_scan/uav_bringup/share/uav_bringup/config/openvins/orbbec_stereo_imu/bootstrap/kalibr_imucam_chain.yaml
[1.046s] -- Installing: /home/th1rt3en/doco/uav_hw/src/workspace/doco_uav/install_static_scan/uav_bringup/share/uav_bringup/config/openvins/orbbec_stereo_imu/bootstrap/kalibr_imu_chain.yaml
[1.046s] -- Installing: /home/th1rt3en/doco/uav_hw/src/workspace/doco_uav/install_static_scan/uav_bringup/share/uav_bringup/config/openvins/orbbec_stereo_imu/bootstrap/mask0.pgm
[1.047s] -- Installing: /home/th1rt3en/doco/uav_hw/src/workspace/doco_uav/install_static_scan/uav_bringup/share/uav_bringup/config/camera
[1.047s] -- Installing: /home/th1rt3en/doco/uav_hw/src/workspace/doco_uav/install_static_scan/uav_bringup/share/uav_bringup/config/camera/uav_mono_camera.example.yaml
[1.047s] -- Installing: /home/th1rt3en/doco/uav_hw/src/workspace/doco_uav/install_static_scan/uav_bringup/share/uav_bringup/config/px4
[1.047s] -- Installing: /home/th1rt3en/doco/uav_hw/src/workspace/doco_uav/install_static_scan/uav_bringup/share/uav_bringup/config/px4/airframes
[1.047s] -- Installing: /home/th1rt3en/doco/uav_hw/src/workspace/doco_uav/install_static_scan/uav_bringup/share/uav_bringup/config/px4/airframes/4901_gz_uav
[1.047s] -- Installing: /home/th1rt3en/doco/uav_hw/src/workspace/doco_uav/install_static_scan/uav_bringup/share/uav_bringup/config/px4/rc
[1.047s] -- Installing: /home/th1rt3en/doco/uav_hw/src/workspace/doco_uav/install_static_scan/uav_bringup/share/uav_bringup/config/px4/rc/px4-rc.params
[1.048s] -- Installing: /home/th1rt3en/doco/uav_hw/src/workspace/doco_uav/install_static_scan/uav_bringup/share/uav_bringup/config/px4/rc/frames
[1.048s] -- Installing: /home/th1rt3en/doco/uav_hw/src/workspace/doco_uav/install_static_scan/uav_bringup/share/uav_bringup/config/px4/rc/frames/uav.params
[1.048s] -- Installing: /home/th1rt3en/doco/uav_hw/src/workspace/doco_uav/install_static_scan/uav_bringup/lib/uav_bringup/generate_orbbec_openvins_bootstrap.py
[1.048s] -- Installing: /home/th1rt3en/doco/uav_hw/src/workspace/doco_uav/install_static_scan/uav_bringup/lib/uav_bringup/apply_openvins_calibration_result.py
[1.048s] -- Installing: /home/th1rt3en/doco/uav_hw/src/workspace/doco_uav/install_static_scan/uav_bringup/lib/uav_bringup/freeze_openvins_orbbec_config.py
[1.048s] -- Installing: /home/th1rt3en/doco/uav_hw/src/workspace/doco_uav/install_static_scan/uav_bringup/lib/uav_bringup/home_visual_landing_test_node.py
[1.049s] -- Installing: /home/th1rt3en/doco/uav_hw/src/workspace/doco_uav/install_static_scan/uav_bringup/lib/uav_bringup/monitor_topic_position.py
[1.049s] -- Installing: /home/th1rt3en/doco/uav_hw/src/workspace/doco_uav/install_static_scan/uav_bringup/lib/uav_bringup/openvins_supervisor.py
[1.049s] -- Installing: /home/th1rt3en/doco/uav_hw/src/workspace/doco_uav/install_static_scan/uav_bringup/share/ament_index/resource_index/package_run_dependencies/uav_bringup
[1.049s] -- Installing: /home/th1rt3en/doco/uav_hw/src/workspace/doco_uav/install_static_scan/uav_bringup/share/ament_index/resource_index/parent_prefix_path/uav_bringup
[1.050s] -- Installing: /home/th1rt3en/doco/uav_hw/src/workspace/doco_uav/install_static_scan/uav_bringup/share/uav_bringup/environment/ament_prefix_path.sh
[1.050s] -- Installing: /home/th1rt3en/doco/uav_hw/src/workspace/doco_uav/install_static_scan/uav_bringup/share/uav_bringup/environment/ament_prefix_path.dsv
[1.050s] -- Installing: /home/th1rt3en/doco/uav_hw/src/workspace/doco_uav/install_static_scan/uav_bringup/share/uav_bringup/environment/path.sh
[1.050s] -- Installing: /home/th1rt3en/doco/uav_hw/src/workspace/doco_uav/install_static_scan/uav_bringup/share/uav_bringup/environment/path.dsv
[1.050s] -- Installing: /home/th1rt3en/doco/uav_hw/src/workspace/doco_uav/install_static_scan/uav_bringup/share/uav_bringup/local_setup.bash
[1.050s] -- Installing: /home/th1rt3en/doco/uav_hw/src/workspace/doco_uav/install_static_scan/uav_bringup/share/uav_bringup/local_setup.sh
[1.051s] -- Installing: /home/th1rt3en/doco/uav_hw/src/workspace/doco_uav/install_static_scan/uav_bringup/share/uav_bringup/local_setup.zsh
[1.051s] -- Installing: /home/th1rt3en/doco/uav_hw/src/workspace/doco_uav/install_static_scan/uav_bringup/share/uav_bringup/local_setup.dsv
[1.051s] -- Installing: /home/th1rt3en/doco/uav_hw/src/workspace/doco_uav/install_static_scan/uav_bringup/share/uav_bringup/package.dsv
[1.051s] -- Installing: /home/th1rt3en/doco/uav_hw/src/workspace/doco_uav/install_static_scan/uav_bringup/share/ament_index/resource_index/packages/uav_bringup
[1.051s] -- Installing: /home/th1rt3en/doco/uav_hw/src/workspace/doco_uav/install_static_scan/uav_bringup/share/uav_bringup/cmake/uav_bringupConfig.cmake
[1.052s] -- Installing: /home/th1rt3en/doco/uav_hw/src/workspace/doco_uav/install_static_scan/uav_bringup/share/uav_bringup/cmake/uav_bringupConfig-version.cmake
[1.052s] -- Installing: /home/th1rt3en/doco/uav_hw/src/workspace/doco_uav/install_static_scan/uav_bringup/share/uav_bringup/package.xml
[1.054s] Invoked command in '/home/th1rt3en/doco/uav_hw/src/workspace/doco_uav/build_static_scan/uav_bringup' returned '0': AMENT_PREFIX_PATH=/home/th1rt3en/doco/uav_hw/src/workspace/doco_uav/install_static_scan/uav_visual_landing:/home/th1rt3en/doco/uav_hw/src/workspace/doco_uav/install_static_scan/uav_bridge:${AMENT_PREFIX_PATH} CMAKE_PREFIX_PATH=/home/th1rt3en/doco/uav_hw/src/workspace/doco_uav/install_static_scan/uav_visual_landing:/home/th1rt3en/doco/uav_hw/src/workspace/doco_uav/install_static_scan/uav_bridge:/home/th1rt3en/doco/sim_full/install/ugv_sim_bringup:/home/th1rt3en/doco/sim_full/install/ugv_teleop:/home/th1rt3en/doco/sim_full/install/ugv_slam_tools:/home/th1rt3en/doco/sim_full/install/uav_sim_bringup:/home/th1rt3en/doco/sim_full/install/sim_worlds:/home/th1rt3en/doco/sim_full/install/ugv_sim_tools:/home/th1rt3en/doco/sim_full/install/ugv_safety_watchdog:/home/th1rt3en/doco/sim_full/install/ugv_controller_emulator:/home/th1rt3en/doco/sim_full/install/ugv_base_driver:/home/th1rt3en/doco/sim_full/install/uav_mode_supervisor:/home/th1rt3en/doco/sim_full/install/uav_bringup:/home/th1rt3en/doco/sim_full/install/uav_visual_landing:/home/th1rt3en/doco/sim_full/install/uav_gz_bridge:/home/th1rt3en/doco/sim_full/install/uav_description:/home/th1rt3en/doco/sim_full/install/uav_bridge:/home/th1rt3en/doco/sim_full/install/relative_position_fusion:/home/th1rt3en/doco/sim_full/install/quadrotor_msgs:/home/th1rt3en/doco/sim_full/install/px4_msgs:/home/th1rt3en/doco/sim_full/install/px4:/home/th1rt3en/doco/sim_full/install/orbbec_description:/home/th1rt3en/doco/sim_full/install/orbbec_camera:/home/th1rt3en/doco/sim_full/install/orbbec_camera_msgs:/home/th1rt3en/doco/sim_full/install/lslidar_driver:/home/th1rt3en/doco/sim_full/install/lslidar_msgs:/home/th1rt3en/doco/sim_full/install/duojin01_bringup:/home/th1rt3en/doco/sim_full/install/ugv_bringup:/home/th1rt3en/doco/sim_full/install/ugv_description:/opt/ros/humble LD_LIBRARY_PATH=/home/th1rt3en/doco/uav_hw/src/workspace/doco_uav/install_static_scan/uav_visual_landing/lib:${LD_LIBRARY_PATH} PYTHONPATH=/home/th1rt3en/doco/uav_hw/src/workspace/doco_uav/install_static_scan/uav_visual_landing/local/lib/python3.10/dist-packages:${PYTHONPATH} /usr/bin/cmake --install /home/th1rt3en/doco/uav_hw/src/workspace/doco_uav/build_static_scan/uav_bringup
