[0.230s] DEBUG:colcon:Command line arguments: ['/home/th1rt3en/.local/bin/colcon', '--log-base', 'log_static_scan', 'build', '--build-base', 'build_static_scan', '--install-base', 'install_static_scan', '--packages-select', 'uav_bridge', '--cmake-args', '-DBUILD_TESTING=ON', '--event-handlers', 'console_direct+']
[0.230s] DEBUG:colcon:Parsed command line arguments: Namespace(log_base='log_static_scan', log_level=None, verb_name='build', build_base='/home/th1rt3en/doco/uav_hw/src/workspace/doco_uav/build_static_scan', install_base='/home/th1rt3en/doco/uav_hw/src/workspace/doco_uav/install_static_scan', merge_install=False, symlink_install=False, test_result_base=None, continue_on_error=False, executor='parallel', parallel_workers=16, event_handlers=['console_direct+'], ignore_user_meta=False, metas=['./colcon.meta'], base_paths=['.'], packages_ignore=None, packages_ignore_regex=None, paths=None, packages_up_to=None, packages_up_to_regex=None, packages_above=None, packages_above_and_dependencies=None, packages_above_depth=None, packages_select_by_dep=None, packages_skip_by_dep=None, packages_skip_up_to=None, packages_select_build_failed=False, packages_skip_build_finished=False, packages_select_test_failures=False, packages_skip_test_passed=False, packages_select=['uav_bridge'], packages_skip=None, packages_select_regex=None, packages_skip_regex=None, packages_start=None, packages_end=None, cmake_args=['-DBUILD_TESTING=ON'], cmake_target=None, cmake_target_skip_unavailable=False, cmake_clean_cache=False, cmake_clean_first=False, cmake_force_configure=False, ament_cmake_args=None, catkin_cmake_args=None, catkin_skip_building_tests=False, verb_parser=<colcon_defaults.argument_parser.defaults.DefaultArgumentsDecorator object at 0x77f800ee75b0>, verb_extension=<colcon_core.verb.build.BuildVerb object at 0x77f800ee7010>, main=<bound method BuildVerb.main of <colcon_core.verb.build.BuildVerb object at 0x77f800ee7010>>)
[0.569s] Level 1:colcon.colcon_core.package_discovery:discover_packages(colcon_meta) check parameters
[0.570s] Level 1:colcon.colcon_core.package_discovery:discover_packages(recursive) check parameters
[0.570s] Level 1:colcon.colcon_core.package_discovery:discover_packages(ignore) check parameters
[0.570s] Level 1:colcon.colcon_core.package_discovery:discover_packages(path) check parameters
[0.570s] Level 1:colcon.colcon_core.package_discovery:discover_packages(colcon_meta) discover
[0.570s] Level 1:colcon.colcon_core.package_discovery:discover_packages(recursive) discover
[0.570s] INFO:colcon.colcon_core.package_discovery:Crawling recursively for packages in '/home/th1rt3en/doco/uav_hw/src/workspace/doco_uav'
[0.570s] Level 1:colcon.colcon_core.package_identification:_identify(.) by extensions ['ignore', 'ignore_ament_install']
[0.571s] Level 1:colcon.colcon_core.package_identification:_identify(.) by extension 'ignore'
[0.571s] Level 1:colcon.colcon_core.package_identification:_identify(.) by extension 'ignore_ament_install'
[0.571s] Level 1:colcon.colcon_core.package_identification:_identify(.) by extensions ['colcon_pkg']
[0.571s] Level 1:colcon.colcon_core.package_identification:_identify(.) by extension 'colcon_pkg'
[0.571s] Level 1:colcon.colcon_core.package_identification:_identify(.) by extensions ['colcon_meta']
[0.571s] Level 1:colcon.colcon_core.package_identification:_identify(.) by extension 'colcon_meta'
[0.571s] Level 1:colcon.colcon_core.package_identification:_identify(.) by extensions ['ros']
[0.571s] Level 1:colcon.colcon_core.package_identification:_identify(.) by extension 'ros'
[0.598s] Level 1:colcon.colcon_core.package_identification:_identify(.) by extensions ['cmake', 'python']
[0.598s] Level 1:colcon.colcon_core.package_identification:_identify(.) by extension 'cmake'
[0.598s] Level 1:colcon.colcon_core.package_identification:_identify(.) by extension 'python'
[0.598s] Level 1:colcon.colcon_core.package_identification:_identify(.) by extensions ['python_setup_py']
[0.599s] Level 1:colcon.colcon_core.package_identification:_identify(.) by extension 'python_setup_py'
[0.599s] Level 1:colcon.colcon_core.package_identification:_identify(build) by extensions ['ignore', 'ignore_ament_install']
[0.599s] Level 1:colcon.colcon_core.package_identification:_identify(build) by extension 'ignore'
[0.599s] Level 1:colcon.colcon_core.package_identification:_identify(build) ignored
[0.600s] Level 1:colcon.colcon_core.package_identification:_identify(build_static_check) by extensions ['ignore', 'ignore_ament_install']
[0.600s] Level 1:colcon.colcon_core.package_identification:_identify(build_static_check) by extension 'ignore'
[0.600s] Level 1:colcon.colcon_core.package_identification:_identify(build_static_check) ignored
[0.600s] Level 1:colcon.colcon_core.package_identification:_identify(build_static_scan) by extensions ['ignore', 'ignore_ament_install']
[0.600s] Level 1:colcon.colcon_core.package_identification:_identify(build_static_scan) by extension 'ignore'
[0.601s] Level 1:colcon.colcon_core.package_identification:_identify(build_static_scan) ignored
[0.601s] Level 1:colcon.colcon_core.package_identification:_identify(install) by extensions ['ignore', 'ignore_ament_install']
[0.601s] Level 1:colcon.colcon_core.package_identification:_identify(install) by extension 'ignore'
[0.601s] Level 1:colcon.colcon_core.package_identification:_identify(install) ignored
[0.601s] Level 1:colcon.colcon_core.package_identification:_identify(install_static_check) by extensions ['ignore', 'ignore_ament_install']
[0.601s] Level 1:colcon.colcon_core.package_identification:_identify(install_static_check) by extension 'ignore'
[0.601s] Level 1:colcon.colcon_core.package_identification:_identify(install_static_check) ignored
[0.602s] Level 1:colcon.colcon_core.package_identification:_identify(install_static_scan) by extensions ['ignore', 'ignore_ament_install']
[0.602s] Level 1:colcon.colcon_core.package_identification:_identify(install_static_scan) by extension 'ignore'
[0.602s] Level 1:colcon.colcon_core.package_identification:_identify(install_static_scan) ignored
[0.602s] Level 1:colcon.colcon_core.package_identification:_identify(log) by extensions ['ignore', 'ignore_ament_install']
[0.602s] Level 1:colcon.colcon_core.package_identification:_identify(log) by extension 'ignore'
[0.602s] Level 1:colcon.colcon_core.package_identification:_identify(log) ignored
[0.602s] Level 1:colcon.colcon_core.package_identification:_identify(log_static_check) by extensions ['ignore', 'ignore_ament_install']
[0.602s] Level 1:colcon.colcon_core.package_identification:_identify(log_static_check) by extension 'ignore'
[0.602s] Level 1:colcon.colcon_core.package_identification:_identify(log_static_check) ignored
[0.603s] Level 1:colcon.colcon_core.package_identification:_identify(log_static_scan) by extensions ['ignore', 'ignore_ament_install']
[0.603s] Level 1:colcon.colcon_core.package_identification:_identify(log_static_scan) by extension 'ignore'
[0.603s] Level 1:colcon.colcon_core.package_identification:_identify(log_static_scan) ignored
[0.603s] Level 1:colcon.colcon_core.package_identification:_identify(src) by extensions ['ignore', 'ignore_ament_install']
[0.603s] Level 1:colcon.colcon_core.package_identification:_identify(src) by extension 'ignore'
[0.603s] Level 1:colcon.colcon_core.package_identification:_identify(src) by extension 'ignore_ament_install'
[0.603s] Level 1:colcon.colcon_core.package_identification:_identify(src) by extensions ['colcon_pkg']
[0.603s] Level 1:colcon.colcon_core.package_identification:_identify(src) by extension 'colcon_pkg'
[0.603s] Level 1:colcon.colcon_core.package_identification:_identify(src) by extensions ['colcon_meta']
[0.603s] Level 1:colcon.colcon_core.package_identification:_identify(src) by extension 'colcon_meta'
[0.603s] Level 1:colcon.colcon_core.package_identification:_identify(src) by extensions ['ros']
[0.603s] Level 1:colcon.colcon_core.package_identification:_identify(src) by extension 'ros'
[0.604s] Level 1:colcon.colcon_core.package_identification:_identify(src) by extensions ['cmake', 'python']
[0.604s] Level 1:colcon.colcon_core.package_identification:_identify(src) by extension 'cmake'
[0.604s] Level 1:colcon.colcon_core.package_identification:_identify(src) by extension 'python'
[0.604s] Level 1:colcon.colcon_core.package_identification:_identify(src) by extensions ['python_setup_py']
[0.604s] Level 1:colcon.colcon_core.package_identification:_identify(src) by extension 'python_setup_py'
[0.604s] Level 1:colcon.colcon_core.package_identification:_identify(src/uav_bridge) by extensions ['ignore', 'ignore_ament_install']
[0.604s] Level 1:colcon.colcon_core.package_identification:_identify(src/uav_bridge) by extension 'ignore'
[0.604s] Level 1:colcon.colcon_core.package_identification:_identify(src/uav_bridge) by extension 'ignore_ament_install'
[0.604s] Level 1:colcon.colcon_core.package_identification:_identify(src/uav_bridge) by extensions ['colcon_pkg']
[0.604s] Level 1:colcon.colcon_core.package_identification:_identify(src/uav_bridge) by extension 'colcon_pkg'
[0.604s] Level 1:colcon.colcon_core.package_identification:_identify(src/uav_bridge) by extensions ['colcon_meta']
[0.604s] Level 1:colcon.colcon_core.package_identification:_identify(src/uav_bridge) by extension 'colcon_meta'
[0.604s] Level 1:colcon.colcon_core.package_identification:_identify(src/uav_bridge) by extensions ['ros']
[0.604s] Level 1:colcon.colcon_core.package_identification:_identify(src/uav_bridge) by extension 'ros'
[0.612s] DEBUG:colcon.colcon_core.package_identification:Package 'src/uav_bridge' with type 'ros.ament_cmake' and name 'uav_bridge'
[0.612s] Level 1:colcon.colcon_core.package_identification:_identify(src/uav_bringup) by extensions ['ignore', 'ignore_ament_install']
[0.612s] Level 1:colcon.colcon_core.package_identification:_identify(src/uav_bringup) by extension 'ignore'
[0.613s] Level 1:colcon.colcon_core.package_identification:_identify(src/uav_bringup) by extension 'ignore_ament_install'
[0.613s] Level 1:colcon.colcon_core.package_identification:_identify(src/uav_bringup) by extensions ['colcon_pkg']
[0.613s] Level 1:colcon.colcon_core.package_identification:_identify(src/uav_bringup) by extension 'colcon_pkg'
[0.613s] Level 1:colcon.colcon_core.package_identification:_identify(src/uav_bringup) by extensions ['colcon_meta']
[0.613s] Level 1:colcon.colcon_core.package_identification:_identify(src/uav_bringup) by extension 'colcon_meta'
[0.613s] Level 1:colcon.colcon_core.package_identification:_identify(src/uav_bringup) by extensions ['ros']
[0.613s] Level 1:colcon.colcon_core.package_identification:_identify(src/uav_bringup) by extension 'ros'
[0.614s] DEBUG:colcon.colcon_core.package_identification:Package 'src/uav_bringup' with type 'ros.ament_cmake' and name 'uav_bringup'
[0.615s] Level 1:colcon.colcon_core.package_identification:_identify(src/uav_description) by extensions ['ignore', 'ignore_ament_install']
[0.615s] Level 1:colcon.colcon_core.package_identification:_identify(src/uav_description) by extension 'ignore'
[0.615s] Level 1:colcon.colcon_core.package_identification:_identify(src/uav_description) by extension 'ignore_ament_install'
[0.615s] Level 1:colcon.colcon_core.package_identification:_identify(src/uav_description) by extensions ['colcon_pkg']
[0.615s] Level 1:colcon.colcon_core.package_identification:_identify(src/uav_description) by extension 'colcon_pkg'
[0.615s] Level 1:colcon.colcon_core.package_identification:_identify(src/uav_description) by extensions ['colcon_meta']
[0.615s] Level 1:colcon.colcon_core.package_identification:_identify(src/uav_description) by extension 'colcon_meta'
[0.615s] Level 1:colcon.colcon_core.package_identification:_identify(src/uav_description) by extensions ['ros']
[0.615s] Level 1:colcon.colcon_core.package_identification:_identify(src/uav_description) by extension 'ros'
[0.617s] DEBUG:colcon.colcon_core.package_identification:Package 'src/uav_description' with type 'ros.ament_cmake' and name 'uav_description'
[0.617s] Level 1:colcon.colcon_core.package_identification:_identify(src/uav_mode_supervisor) by extensions ['ignore', 'ignore_ament_install']
[0.617s] Level 1:colcon.colcon_core.package_identification:_identify(src/uav_mode_supervisor) by extension 'ignore'
[0.617s] Level 1:colcon.colcon_core.package_identification:_identify(src/uav_mode_supervisor) by extension 'ignore_ament_install'
[0.617s] Level 1:colcon.colcon_core.package_identification:_identify(src/uav_mode_supervisor) by extensions ['colcon_pkg']
[0.617s] Level 1:colcon.colcon_core.package_identification:_identify(src/uav_mode_supervisor) by extension 'colcon_pkg'
[0.617s] Level 1:colcon.colcon_core.package_identification:_identify(src/uav_mode_supervisor) by extensions ['colcon_meta']
[0.617s] Level 1:colcon.colcon_core.package_identification:_identify(src/uav_mode_supervisor) by extension 'colcon_meta'
[0.617s] Level 1:colcon.colcon_core.package_identification:_identify(src/uav_mode_supervisor) by extensions ['ros']
[0.618s] Level 1:colcon.colcon_core.package_identification:_identify(src/uav_mode_supervisor) by extension 'ros'
[0.619s] DEBUG:colcon.colcon_core.package_identification:Package 'src/uav_mode_supervisor' with type 'ros.ament_cmake' and name 'uav_mode_supervisor'
[0.620s] Level 1:colcon.colcon_core.package_identification:_identify(src/uav_visual_landing) by extensions ['ignore', 'ignore_ament_install']
[0.620s] Level 1:colcon.colcon_core.package_identification:_identify(src/uav_visual_landing) by extension 'ignore'
[0.620s] Level 1:colcon.colcon_core.package_identification:_identify(src/uav_visual_landing) by extension 'ignore_ament_install'
[0.620s] Level 1:colcon.colcon_core.package_identification:_identify(src/uav_visual_landing) by extensions ['colcon_pkg']
[0.620s] Level 1:colcon.colcon_core.package_identification:_identify(src/uav_visual_landing) by extension 'colcon_pkg'
[0.620s] Level 1:colcon.colcon_core.package_identification:_identify(src/uav_visual_landing) by extensions ['colcon_meta']
[0.620s] Level 1:colcon.colcon_core.package_identification:_identify(src/uav_visual_landing) by extension 'colcon_meta'
[0.620s] Level 1:colcon.colcon_core.package_identification:_identify(src/uav_visual_landing) by extensions ['ros']
[0.620s] Level 1:colcon.colcon_core.package_identification:_identify(src/uav_visual_landing) by extension 'ros'
[0.623s] DEBUG:colcon.colcon_core.package_identification:Package 'src/uav_visual_landing' with type 'ros.ament_cmake' and name 'uav_visual_landing'
[0.623s] Level 1:colcon.colcon_core.package_discovery:discover_packages(recursive) using defaults
[0.623s] Level 1:colcon.colcon_core.package_discovery:discover_packages(ignore) discover
[0.623s] Level 1:colcon.colcon_core.package_discovery:discover_packages(ignore) using defaults
[0.623s] Level 1:colcon.colcon_core.package_discovery:discover_packages(path) discover
[0.623s] Level 1:colcon.colcon_core.package_discovery:discover_packages(path) using defaults
[0.673s] INFO:colcon.colcon_core.package_selection:Skipping not selected package 'uav_description' in 'src/uav_description'
[0.673s] INFO:colcon.colcon_core.package_selection:Skipping not selected package 'uav_visual_landing' in 'src/uav_visual_landing'
[0.673s] INFO:colcon.colcon_core.package_selection:Skipping not selected package 'uav_bringup' in 'src/uav_bringup'
[0.673s] INFO:colcon.colcon_core.package_selection:Skipping not selected package 'uav_mode_supervisor' in 'src/uav_mode_supervisor'
[0.674s] Level 5:colcon.colcon_core.verb:set package 'uav_bridge' build argument 'cmake_args' from command line to '['-DBUILD_TESTING=ON']'
[0.675s] Level 5:colcon.colcon_core.verb:set package 'uav_bridge' build argument 'cmake_target' from command line to 'None'
[0.675s] Level 5:colcon.colcon_core.verb:set package 'uav_bridge' build argument 'cmake_target_skip_unavailable' from command line to 'False'
[0.675s] Level 5:colcon.colcon_core.verb:set package 'uav_bridge' build argument 'cmake_clean_cache' from command line to 'False'
[0.675s] Level 5:colcon.colcon_core.verb:set package 'uav_bridge' build argument 'cmake_clean_first' from command line to 'False'
[0.675s] Level 5:colcon.colcon_core.verb:set package 'uav_bridge' build argument 'cmake_force_configure' from command line to 'False'
[0.675s] Level 5:colcon.colcon_core.verb:set package 'uav_bridge' build argument 'ament_cmake_args' from command line to 'None'
[0.675s] Level 5:colcon.colcon_core.verb:set package 'uav_bridge' build argument 'catkin_cmake_args' from command line to 'None'
[0.675s] Level 5:colcon.colcon_core.verb:set package 'uav_bridge' build argument 'catkin_skip_building_tests' from command line to 'False'
[0.675s] DEBUG:colcon.colcon_core.verb:Building package 'uav_bridge' with the following arguments: {'ament_cmake_args': None, 'build_base': '/home/th1rt3en/doco/uav_hw/src/workspace/doco_uav/build_static_scan/uav_bridge', 'catkin_cmake_args': None, 'catkin_skip_building_tests': False, 'cmake_args': ['-DBUILD_TESTING=ON'], 'cmake_clean_cache': False, 'cmake_clean_first': False, 'cmake_force_configure': False, 'cmake_target': None, 'cmake_target_skip_unavailable': False, 'install_base': '/home/th1rt3en/doco/uav_hw/src/workspace/doco_uav/install_static_scan/uav_bridge', 'merge_install': False, 'path': '/home/th1rt3en/doco/uav_hw/src/workspace/doco_uav/src/uav_bridge', 'symlink_install': False, 'test_result_base': None}
[0.676s] INFO:colcon.colcon_core.executor:Executing jobs using 'parallel' executor
[0.679s] DEBUG:colcon.colcon_parallel_executor.executor.parallel:run_until_complete
[0.680s] INFO:colcon.colcon_ros.task.ament_cmake.build:Building ROS package in '/home/th1rt3en/doco/uav_hw/src/workspace/doco_uav/src/uav_bridge' with build type 'ament_cmake'
[0.680s] INFO:colcon.colcon_cmake.task.cmake.build:Building CMake package in '/home/th1rt3en/doco/uav_hw/src/workspace/doco_uav/src/uav_bridge'
[0.686s] INFO:colcon.colcon_core.plugin_system:Skipping extension 'colcon_core.shell.bat': Not used on non-Windows systems
[0.686s] INFO:colcon.colcon_core.shell:Skip shell extension 'powershell' for command environment: Not usable outside of PowerShell
[0.686s] DEBUG:colcon.colcon_core.shell:Skip shell extension 'dsv' for command environment
[0.715s] DEBUG:colcon.colcon_core.event_handler.log_command:Invoking command in '/home/th1rt3en/doco/uav_hw/src/workspace/doco_uav/build_static_scan/uav_bridge': CMAKE_PREFIX_PATH=${CMAKE_PREFIX_PATH}:/home/th1rt3en/doco/sim_full/install/duojin01_bringup:/home/th1rt3en/doco/sim_full/install/ugv_bringup:/home/th1rt3en/doco/sim_full/install/ugv_description:/opt/ros/humble /usr/bin/cmake /home/th1rt3en/doco/uav_hw/src/workspace/doco_uav/src/uav_bridge -DBUILD_TESTING=ON -DCMAKE_INSTALL_PREFIX=/home/th1rt3en/doco/uav_hw/src/workspace/doco_uav/install_static_scan/uav_bridge
[2.339s] DEBUG:colcon.colcon_core.event_handler.log_command:Invoked command in '/home/th1rt3en/doco/uav_hw/src/workspace/doco_uav/build_static_scan/uav_bridge' returned '0': CMAKE_PREFIX_PATH=${CMAKE_PREFIX_PATH}:/home/th1rt3en/doco/sim_full/install/duojin01_bringup:/home/th1rt3en/doco/sim_full/install/ugv_bringup:/home/th1rt3en/doco/sim_full/install/ugv_description:/opt/ros/humble /usr/bin/cmake /home/th1rt3en/doco/uav_hw/src/workspace/doco_uav/src/uav_bridge -DBUILD_TESTING=ON -DCMAKE_INSTALL_PREFIX=/home/th1rt3en/doco/uav_hw/src/workspace/doco_uav/install_static_scan/uav_bridge
[2.345s] DEBUG:colcon.colcon_core.event_handler.log_command:Invoking command in '/home/th1rt3en/doco/uav_hw/src/workspace/doco_uav/build_static_scan/uav_bridge': CMAKE_PREFIX_PATH=${CMAKE_PREFIX_PATH}:/home/th1rt3en/doco/sim_full/install/duojin01_bringup:/home/th1rt3en/doco/sim_full/install/ugv_bringup:/home/th1rt3en/doco/sim_full/install/ugv_description:/opt/ros/humble /usr/bin/cmake --build /home/th1rt3en/doco/uav_hw/src/workspace/doco_uav/build_static_scan/uav_bridge -- -j16 -l16
[51.648s] DEBUG:colcon.colcon_core.event_handler.log_command:Invoked command in '/home/th1rt3en/doco/uav_hw/src/workspace/doco_uav/build_static_scan/uav_bridge' returned '0': CMAKE_PREFIX_PATH=${CMAKE_PREFIX_PATH}:/home/th1rt3en/doco/sim_full/install/duojin01_bringup:/home/th1rt3en/doco/sim_full/install/ugv_bringup:/home/th1rt3en/doco/sim_full/install/ugv_description:/opt/ros/humble /usr/bin/cmake --build /home/th1rt3en/doco/uav_hw/src/workspace/doco_uav/build_static_scan/uav_bridge -- -j16 -l16
[51.663s] DEBUG:colcon.colcon_core.event_handler.log_command:Invoking command in '/home/th1rt3en/doco/uav_hw/src/workspace/doco_uav/build_static_scan/uav_bridge': CMAKE_PREFIX_PATH=${CMAKE_PREFIX_PATH}:/home/th1rt3en/doco/sim_full/install/duojin01_bringup:/home/th1rt3en/doco/sim_full/install/ugv_bringup:/home/th1rt3en/doco/sim_full/install/ugv_description:/opt/ros/humble /usr/bin/cmake --install /home/th1rt3en/doco/uav_hw/src/workspace/doco_uav/build_static_scan/uav_bridge
[51.704s] Level 1:colcon.colcon_core.environment:create_environment_scripts_only(uav_bridge)
[51.705s] DEBUG:colcon.colcon_core.event_handler.log_command:Invoked command in '/home/th1rt3en/doco/uav_hw/src/workspace/doco_uav/build_static_scan/uav_bridge' returned '0': CMAKE_PREFIX_PATH=${CMAKE_PREFIX_PATH}:/home/th1rt3en/doco/sim_full/install/duojin01_bringup:/home/th1rt3en/doco/sim_full/install/ugv_bringup:/home/th1rt3en/doco/sim_full/install/ugv_description:/opt/ros/humble /usr/bin/cmake --install /home/th1rt3en/doco/uav_hw/src/workspace/doco_uav/build_static_scan/uav_bridge
[51.708s] Level 1:colcon.colcon_core.environment:checking '/home/th1rt3en/doco/uav_hw/src/workspace/doco_uav/install_static_scan/uav_bridge' for CMake module files
[51.708s] Level 1:colcon.colcon_core.environment:checking '/home/th1rt3en/doco/uav_hw/src/workspace/doco_uav/install_static_scan/uav_bridge' for CMake config files
[51.709s] Level 1:colcon.colcon_core.shell:create_environment_hook('uav_bridge', 'cmake_prefix_path')
[51.709s] INFO:colcon.colcon_core.shell:Creating environment hook '/home/th1rt3en/doco/uav_hw/src/workspace/doco_uav/install_static_scan/uav_bridge/share/uav_bridge/hook/cmake_prefix_path.ps1'
[51.710s] INFO:colcon.colcon_core.shell:Creating environment descriptor '/home/th1rt3en/doco/uav_hw/src/workspace/doco_uav/install_static_scan/uav_bridge/share/uav_bridge/hook/cmake_prefix_path.dsv'
[51.710s] INFO:colcon.colcon_core.shell:Creating environment hook '/home/th1rt3en/doco/uav_hw/src/workspace/doco_uav/install_static_scan/uav_bridge/share/uav_bridge/hook/cmake_prefix_path.sh'
[51.711s] Level 1:colcon.colcon_core.environment:checking '/home/th1rt3en/doco/uav_hw/src/workspace/doco_uav/install_static_scan/uav_bridge/lib'
[51.711s] Level 1:colcon.colcon_core.environment:checking '/home/th1rt3en/doco/uav_hw/src/workspace/doco_uav/install_static_scan/uav_bridge/bin'
[51.711s] Level 1:colcon.colcon_core.environment:checking '/home/th1rt3en/doco/uav_hw/src/workspace/doco_uav/install_static_scan/uav_bridge/lib/pkgconfig/uav_bridge.pc'
[51.713s] Level 1:colcon.colcon_core.environment:checking '/home/th1rt3en/doco/uav_hw/src/workspace/doco_uav/install_static_scan/uav_bridge/lib/python3.10/site-packages'
[51.713s] Level 1:colcon.colcon_core.environment:checking '/home/th1rt3en/doco/uav_hw/src/workspace/doco_uav/install_static_scan/uav_bridge/bin'
[51.714s] INFO:colcon.colcon_core.shell:Creating package script '/home/th1rt3en/doco/uav_hw/src/workspace/doco_uav/install_static_scan/uav_bridge/share/uav_bridge/package.ps1'
[51.715s] INFO:colcon.colcon_core.shell:Creating package descriptor '/home/th1rt3en/doco/uav_hw/src/workspace/doco_uav/install_static_scan/uav_bridge/share/uav_bridge/package.dsv'
[51.716s] INFO:colcon.colcon_core.shell:Creating package script '/home/th1rt3en/doco/uav_hw/src/workspace/doco_uav/install_static_scan/uav_bridge/share/uav_bridge/package.sh'
[51.716s] INFO:colcon.colcon_core.shell:Creating package script '/home/th1rt3en/doco/uav_hw/src/workspace/doco_uav/install_static_scan/uav_bridge/share/uav_bridge/package.bash'
[51.718s] INFO:colcon.colcon_core.shell:Creating package script '/home/th1rt3en/doco/uav_hw/src/workspace/doco_uav/install_static_scan/uav_bridge/share/uav_bridge/package.zsh'
[51.719s] Level 1:colcon.colcon_core.environment:create_file_with_runtime_dependencies(/home/th1rt3en/doco/uav_hw/src/workspace/doco_uav/install_static_scan/uav_bridge/share/colcon-core/packages/uav_bridge)
[51.720s] Level 1:colcon.colcon_core.environment:create_environment_scripts_only(uav_bridge)
[51.720s] Level 1:colcon.colcon_core.environment:checking '/home/th1rt3en/doco/uav_hw/src/workspace/doco_uav/install_static_scan/uav_bridge' for CMake module files
[51.721s] Level 1:colcon.colcon_core.environment:checking '/home/th1rt3en/doco/uav_hw/src/workspace/doco_uav/install_static_scan/uav_bridge' for CMake config files
[51.721s] Level 1:colcon.colcon_core.shell:create_environment_hook('uav_bridge', 'cmake_prefix_path')
[51.721s] INFO:colcon.colcon_core.shell:Creating environment hook '/home/th1rt3en/doco/uav_hw/src/workspace/doco_uav/install_static_scan/uav_bridge/share/uav_bridge/hook/cmake_prefix_path.ps1'
[51.722s] INFO:colcon.colcon_core.shell:Creating environment descriptor '/home/th1rt3en/doco/uav_hw/src/workspace/doco_uav/install_static_scan/uav_bridge/share/uav_bridge/hook/cmake_prefix_path.dsv'
[51.722s] INFO:colcon.colcon_core.shell:Creating environment hook '/home/th1rt3en/doco/uav_hw/src/workspace/doco_uav/install_static_scan/uav_bridge/share/uav_bridge/hook/cmake_prefix_path.sh'
[51.723s] Level 1:colcon.colcon_core.environment:checking '/home/th1rt3en/doco/uav_hw/src/workspace/doco_uav/install_static_scan/uav_bridge/lib'
[51.723s] Level 1:colcon.colcon_core.environment:checking '/home/th1rt3en/doco/uav_hw/src/workspace/doco_uav/install_static_scan/uav_bridge/bin'
[51.723s] Level 1:colcon.colcon_core.environment:checking '/home/th1rt3en/doco/uav_hw/src/workspace/doco_uav/install_static_scan/uav_bridge/lib/pkgconfig/uav_bridge.pc'
[51.723s] Level 1:colcon.colcon_core.environment:checking '/home/th1rt3en/doco/uav_hw/src/workspace/doco_uav/install_static_scan/uav_bridge/lib/python3.10/site-packages'
[51.724s] Level 1:colcon.colcon_core.environment:checking '/home/th1rt3en/doco/uav_hw/src/workspace/doco_uav/install_static_scan/uav_bridge/bin'
[51.724s] INFO:colcon.colcon_core.shell:Creating package script '/home/th1rt3en/doco/uav_hw/src/workspace/doco_uav/install_static_scan/uav_bridge/share/uav_bridge/package.ps1'
[51.725s] INFO:colcon.colcon_core.shell:Creating package descriptor '/home/th1rt3en/doco/uav_hw/src/workspace/doco_uav/install_static_scan/uav_bridge/share/uav_bridge/package.dsv'
[51.726s] INFO:colcon.colcon_core.shell:Creating package script '/home/th1rt3en/doco/uav_hw/src/workspace/doco_uav/install_static_scan/uav_bridge/share/uav_bridge/package.sh'
[51.726s] INFO:colcon.colcon_core.shell:Creating package script '/home/th1rt3en/doco/uav_hw/src/workspace/doco_uav/install_static_scan/uav_bridge/share/uav_bridge/package.bash'
[51.727s] INFO:colcon.colcon_core.shell:Creating package script '/home/th1rt3en/doco/uav_hw/src/workspace/doco_uav/install_static_scan/uav_bridge/share/uav_bridge/package.zsh'
[51.727s] Level 1:colcon.colcon_core.environment:create_file_with_runtime_dependencies(/home/th1rt3en/doco/uav_hw/src/workspace/doco_uav/install_static_scan/uav_bridge/share/colcon-core/packages/uav_bridge)
[51.727s] DEBUG:colcon.colcon_parallel_executor.executor.parallel:closing loop
[51.728s] DEBUG:colcon.colcon_parallel_executor.executor.parallel:loop closed
[51.728s] DEBUG:colcon.colcon_parallel_executor.executor.parallel:run_until_complete finished with '0'
[51.728s] DEBUG:colcon.colcon_core.event_reactor:joining thread
[51.750s] INFO:colcon.colcon_core.plugin_system:Skipping extension 'colcon_notification.desktop_notification.terminal_notifier': Not used on non-Darwin systems
[51.750s] INFO:colcon.colcon_core.plugin_system:Skipping extension 'colcon_notification.desktop_notification.win32': Not used on non-Windows systems
[51.750s] INFO:colcon.colcon_notification.desktop_notification:Sending desktop notification using 'notify2'
[51.762s] DEBUG:colcon.colcon_core.event_reactor:joined thread
[51.762s] INFO:colcon.colcon_core.shell:Creating prefix script '/home/th1rt3en/doco/uav_hw/src/workspace/doco_uav/install_static_scan/local_setup.ps1'
[51.763s] INFO:colcon.colcon_core.shell:Creating prefix util module '/home/th1rt3en/doco/uav_hw/src/workspace/doco_uav/install_static_scan/_local_setup_util_ps1.py'
[51.764s] INFO:colcon.colcon_core.shell:Creating prefix chain script '/home/th1rt3en/doco/uav_hw/src/workspace/doco_uav/install_static_scan/setup.ps1'
[51.766s] INFO:colcon.colcon_core.shell:Creating prefix script '/home/th1rt3en/doco/uav_hw/src/workspace/doco_uav/install_static_scan/local_setup.sh'
[51.766s] INFO:colcon.colcon_core.shell:Creating prefix util module '/home/th1rt3en/doco/uav_hw/src/workspace/doco_uav/install_static_scan/_local_setup_util_sh.py'
[51.767s] INFO:colcon.colcon_core.shell:Creating prefix chain script '/home/th1rt3en/doco/uav_hw/src/workspace/doco_uav/install_static_scan/setup.sh'
[51.769s] INFO:colcon.colcon_core.shell:Creating prefix script '/home/th1rt3en/doco/uav_hw/src/workspace/doco_uav/install_static_scan/local_setup.bash'
[51.769s] INFO:colcon.colcon_core.shell:Creating prefix chain script '/home/th1rt3en/doco/uav_hw/src/workspace/doco_uav/install_static_scan/setup.bash'
[51.771s] INFO:colcon.colcon_core.shell:Creating prefix script '/home/th1rt3en/doco/uav_hw/src/workspace/doco_uav/install_static_scan/local_setup.zsh'
[51.771s] INFO:colcon.colcon_core.shell:Creating prefix chain script '/home/th1rt3en/doco/uav_hw/src/workspace/doco_uav/install_static_scan/setup.zsh'
