-- Found ament_cmake: 1.3.13 (/opt/ros/humble/share/ament_cmake/cmake)
-- Found rclcpp: 16.0.18 (/opt/ros/humble/share/rclcpp/cmake)
-- Found rosidl_generator_c: 3.1.8 (/opt/ros/humble/share/rosidl_generator_c/cmake)
-- Found rosidl_adapter: 3.1.8 (/opt/ros/humble/share/rosidl_adapter/cmake)
-- Found rosidl_generator_cpp: 3.1.8 (/opt/ros/humble/share/rosidl_generator_cpp/cmake)
-- Using all available rosidl_typesupport_c: rosidl_typesupport_fastrtps_c;rosidl_typesupport_introspection_c
-- Using all available rosidl_typesupport_cpp: rosidl_typesupport_fastrtps_cpp;rosidl_typesupport_introspection_cpp
-- Found rmw_implementation_cmake: 6.1.2 (/opt/ros/humble/share/rmw_implementation_cmake/cmake)
-- Found rmw_fastrtps_cpp: 6.2.10 (/opt/ros/humble/share/rmw_fastrtps_cpp/cmake)
-- Using RMW implementation 'rmw_fastrtps_cpp' as default
-- Found sensor_msgs: 4.9.1 (/opt/ros/humble/share/sensor_msgs/cmake)
-- Found nav_msgs: 4.9.1 (/opt/ros/humble/share/nav_msgs/cmake)
-- Found std_srvs: 4.9.1 (/opt/ros/humble/share/std_srvs/cmake)
-- Found tf2: 0.25.19 (/opt/ros/humble/share/tf2/cmake)
-- Found tf2_ros: 0.25.19 (/opt/ros/humble/share/tf2_ros/cmake)
-- Found quadrotor_msgs: 0.0.0 (/home/th1rt3en/doco/sim_full/install/quadrotor_msgs/share/quadrotor_msgs/cmake)
-- Found px4_msgs: 2.0.1 (/home/th1rt3en/doco/sim_full/install/px4_msgs/share/px4_msgs/cmake)
-- Found OpenCV: /usr (found version "4.5.4") found components: core imgproc video videoio 
-- Found ament_cmake_gtest: 1.3.13 (/opt/ros/humble/share/ament_cmake_gtest/cmake)
-- Found ament_lint_auto: 0.12.15 (/opt/ros/humble/share/ament_lint_auto/cmake)
-- Found gtest sources under '/opt/ros/humble/src/gtest_vendor': C++ tests using 'Google Test' will be built
-- Added test 'cppcheck' to perform static code analysis on C / C++ code
-- Configured cppcheck include dirs: /home/th1rt3en/doco/uav_hw/src/workspace/doco_uav/src/uav_bridge/include
-- Configured cppcheck exclude dirs and/or files: 
-- Added test 'lint_cmake' to check CMake code style
-- Added test 'uncrustify' to check C / C++ code style
-- Configured uncrustify additional arguments: 
-- Added test 'xmllint' to check XML markup files
-- Configuring done
-- Generating done
-- Build files have been written to: /home/th1rt3en/doco/uav_hw/src/workspace/doco_uav/build_static_scan/uav_bridge
[ 15%] Building CXX object CMakeFiles/uav_control_node.dir/src/uav_control_node.cpp.o
[ 15%] Building CXX object CMakeFiles/uav_bridge_px4_odom_adapter_logic.dir/src/px4_odom_adapter_logic.cpp.o
[ 15%] Building CXX object gtest/CMakeFiles/gtest_main.dir/src/gtest_main.cc.o
[ 15%] Building CXX object CMakeFiles/openvins_px4_vision_bridge_node.dir/src/openvins_px4_vision_bridge_node.cpp.o
[ 15%] Building CXX object CMakeFiles/px4_planar_state_reader_node.dir/src/px4_planar_state_reader_node.cpp.o
[ 21%] Building CXX object gtest/CMakeFiles/gtest.dir/src/gtest-all.cc.o
[ 21%] Building CXX object CMakeFiles/uav_bridge_uav_state_bridge_logic.dir/src/uav_state_bridge_logic.cpp.o
[ 25%] Building CXX object CMakeFiles/uav_control_node.dir/src/math_utils.cpp.o
[ 28%] Building CXX object CMakeFiles/fmu_topic_namespace_bridge_node.dir/src/fmu_topic_namespace_bridge_node.cpp.o
[ 31%] Building CXX object CMakeFiles/mono_camera_source_node.dir/src/mono_camera_source_node.cpp.o
[ 34%] Building CXX object CMakeFiles/mono_video_recorder_node.dir/src/mono_video_recorder_node.cpp.o
[ 37%] Building CXX object CMakeFiles/openvins_px4_vision_bridge_node.dir/src/math_utils.cpp.o
[ 43%] Linking CXX static library libuav_bridge_px4_odom_adapter_logic.a
[ 43%] Linking CXX static library libuav_bridge_uav_state_bridge_logic.a
[ 43%] Built target uav_bridge_uav_state_bridge_logic
[ 43%] Built target uav_bridge_px4_odom_adapter_logic
[ 46%] Building CXX object CMakeFiles/uav_state_bridge_node.dir/src/uav_state_bridge_node.cpp.o
[ 50%] Linking CXX static library libgtest_main.a
[ 53%] Building CXX object CMakeFiles/px4_odom_adapter_node.dir/src/px4_odom_adapter_node.cpp.o
[ 53%] Built target gtest_main
[ 56%] Linking CXX static library libgtest.a
[ 56%] Built target gtest
[ 59%] Building CXX object CMakeFiles/test_uav_control_logic.dir/test/test_uav_control_logic.cpp.o
[ 62%] Building CXX object CMakeFiles/test_uav_state_bridge_logic.dir/test/test_uav_state_bridge_logic.cpp.o
[ 65%] Building CXX object CMakeFiles/test_px4_odom_adapter_logic.dir/test/test_px4_odom_adapter_logic.cpp.o
[ 68%] Linking CXX executable test_uav_control_logic
[ 71%] Linking CXX executable test_uav_state_bridge_logic
[ 71%] Built target test_uav_control_logic
[ 75%] Linking CXX executable test_px4_odom_adapter_logic
[ 75%] Built target test_uav_state_bridge_logic
[ 75%] Built target test_px4_odom_adapter_logic
[ 78%] Linking CXX executable mono_camera_source_node
[ 78%] Built target mono_camera_source_node
[ 81%] Linking CXX executable mono_video_recorder_node
[ 81%] Built target mono_video_recorder_node
[ 84%] Linking CXX executable openvins_px4_vision_bridge_node
[ 87%] Linking CXX executable px4_planar_state_reader_node
[ 87%] Built target openvins_px4_vision_bridge_node
[ 87%] Built target px4_planar_state_reader_node
[ 90%] Linking CXX executable uav_state_bridge_node
[ 93%] Linking CXX executable px4_odom_adapter_node
[ 93%] Built target px4_odom_adapter_node
[ 93%] Built target uav_state_bridge_node
[ 96%] Linking CXX executable uav_control_node
[ 96%] Built target uav_control_node
[100%] Linking CXX executable fmu_topic_namespace_bridge_node
[100%] Built target fmu_topic_namespace_bridge_node
-- Install configuration: ""
-- Installing: /home/th1rt3en/doco/uav_hw/src/workspace/doco_uav/install_static_scan/uav_bridge/lib/uav_bridge/libuav_bridge_px4_odom_adapter_logic.a
-- Installing: /home/th1rt3en/doco/uav_hw/src/workspace/doco_uav/install_static_scan/uav_bridge/lib/uav_bridge/mono_camera_source_node
-- Set runtime path of "/home/th1rt3en/doco/uav_hw/src/workspace/doco_uav/install_static_scan/uav_bridge/lib/uav_bridge/mono_camera_source_node" to ""
-- Installing: /home/th1rt3en/doco/uav_hw/src/workspace/doco_uav/install_static_scan/uav_bridge/lib/uav_bridge/mono_video_recorder_node
-- Set runtime path of "/home/th1rt3en/doco/uav_hw/src/workspace/doco_uav/install_static_scan/uav_bridge/lib/uav_bridge/mono_video_recorder_node" to ""
-- Installing: /home/th1rt3en/doco/uav_hw/src/workspace/doco_uav/install_static_scan/uav_bridge/lib/uav_bridge/px4_planar_state_reader_node
-- Set runtime path of "/home/th1rt3en/doco/uav_hw/src/workspace/doco_uav/install_static_scan/uav_bridge/lib/uav_bridge/px4_planar_state_reader_node" to ""
-- Installing: /home/th1rt3en/doco/uav_hw/src/workspace/doco_uav/install_static_scan/uav_bridge/lib/uav_bridge/px4_odom_adapter_node
-- Set runtime path of "/home/th1rt3en/doco/uav_hw/src/workspace/doco_uav/install_static_scan/uav_bridge/lib/uav_bridge/px4_odom_adapter_node" to ""
-- Installing: /home/th1rt3en/doco/uav_hw/src/workspace/doco_uav/install_static_scan/uav_bridge/lib/uav_bridge/uav_state_bridge_node
-- Set runtime path of "/home/th1rt3en/doco/uav_hw/src/workspace/doco_uav/install_static_scan/uav_bridge/lib/uav_bridge/uav_state_bridge_node" to ""
-- Installing: /home/th1rt3en/doco/uav_hw/src/workspace/doco_uav/install_static_scan/uav_bridge/lib/uav_bridge/uav_control_node
-- Set runtime path of "/home/th1rt3en/doco/uav_hw/src/workspace/doco_uav/install_static_scan/uav_bridge/lib/uav_bridge/uav_control_node" to ""
-- Installing: /home/th1rt3en/doco/uav_hw/src/workspace/doco_uav/install_static_scan/uav_bridge/lib/uav_bridge/fmu_topic_namespace_bridge_node
-- Set runtime path of "/home/th1rt3en/doco/uav_hw/src/workspace/doco_uav/install_static_scan/uav_bridge/lib/uav_bridge/fmu_topic_namespace_bridge_node" to ""
-- Installing: /home/th1rt3en/doco/uav_hw/src/workspace/doco_uav/install_static_scan/uav_bridge/lib/uav_bridge/openvins_px4_vision_bridge_node
-- Set runtime path of "/home/th1rt3en/doco/uav_hw/src/workspace/doco_uav/install_static_scan/uav_bridge/lib/uav_bridge/openvins_px4_vision_bridge_node" to ""
-- Installing: /home/th1rt3en/doco/uav_hw/src/workspace/doco_uav/install_static_scan/uav_bridge/include
-- Installing: /home/th1rt3en/doco/uav_hw/src/workspace/doco_uav/install_static_scan/uav_bridge/include/uav_bridge
-- Installing: /home/th1rt3en/doco/uav_hw/src/workspace/doco_uav/install_static_scan/uav_bridge/include/uav_bridge/math_utils.hpp
-- Installing: /home/th1rt3en/doco/uav_hw/src/workspace/doco_uav/install_static_scan/uav_bridge/include/uav_bridge/uav_control_logic.hpp
-- Installing: /home/th1rt3en/doco/uav_hw/src/workspace/doco_uav/install_static_scan/uav_bridge/include/uav_bridge/uav_state_bridge_logic.hpp
-- Installing: /home/th1rt3en/doco/uav_hw/src/workspace/doco_uav/install_static_scan/uav_bridge/include/uav_bridge/gz_topic_utils.hpp
-- Installing: /home/th1rt3en/doco/uav_hw/src/workspace/doco_uav/install_static_scan/uav_bridge/include/uav_bridge/frame_aligner.hpp
-- Installing: /home/th1rt3en/doco/uav_hw/src/workspace/doco_uav/install_static_scan/uav_bridge/include/uav_bridge/px4_odom_adapter_logic.hpp
-- Installing: /home/th1rt3en/doco/uav_hw/src/workspace/doco_uav/install_static_scan/uav_bridge/include/uav_bridge/px4_commander.hpp
-- Installing: /home/th1rt3en/doco/uav_hw/src/workspace/doco_uav/install_static_scan/uav_bridge/include/uav_bridge/flight_mode_manager.hpp
-- Installing: /home/th1rt3en/doco/uav_hw/src/workspace/doco_uav/install_static_scan/uav_bridge/share/ament_index/resource_index/package_run_dependencies/uav_bridge
-- Installing: /home/th1rt3en/doco/uav_hw/src/workspace/doco_uav/install_static_scan/uav_bridge/share/ament_index/resource_index/parent_prefix_path/uav_bridge
-- Installing: /home/th1rt3en/doco/uav_hw/src/workspace/doco_uav/install_static_scan/uav_bridge/share/uav_bridge/environment/ament_prefix_path.sh
-- Installing: /home/th1rt3en/doco/uav_hw/src/workspace/doco_uav/install_static_scan/uav_bridge/share/uav_bridge/environment/ament_prefix_path.dsv
-- Installing: /home/th1rt3en/doco/uav_hw/src/workspace/doco_uav/install_static_scan/uav_bridge/share/uav_bridge/environment/path.sh
-- Installing: /home/th1rt3en/doco/uav_hw/src/workspace/doco_uav/install_static_scan/uav_bridge/share/uav_bridge/environment/path.dsv
-- Installing: /home/th1rt3en/doco/uav_hw/src/workspace/doco_uav/install_static_scan/uav_bridge/share/uav_bridge/local_setup.bash
-- Installing: /home/th1rt3en/doco/uav_hw/src/workspace/doco_uav/install_static_scan/uav_bridge/share/uav_bridge/local_setup.sh
-- Installing: /home/th1rt3en/doco/uav_hw/src/workspace/doco_uav/install_static_scan/uav_bridge/share/uav_bridge/local_setup.zsh
-- Installing: /home/th1rt3en/doco/uav_hw/src/workspace/doco_uav/install_static_scan/uav_bridge/share/uav_bridge/local_setup.dsv
-- Installing: /home/th1rt3en/doco/uav_hw/src/workspace/doco_uav/install_static_scan/uav_bridge/share/uav_bridge/package.dsv
-- Installing: /home/th1rt3en/doco/uav_hw/src/workspace/doco_uav/install_static_scan/uav_bridge/share/ament_index/resource_index/packages/uav_bridge
-- Installing: /home/th1rt3en/doco/uav_hw/src/workspace/doco_uav/install_static_scan/uav_bridge/share/uav_bridge/cmake/ament_cmake_export_include_directories-extras.cmake
-- Installing: /home/th1rt3en/doco/uav_hw/src/workspace/doco_uav/install_static_scan/uav_bridge/share/uav_bridge/cmake/uav_bridgeConfig.cmake
-- Installing: /home/th1rt3en/doco/uav_hw/src/workspace/doco_uav/install_static_scan/uav_bridge/share/uav_bridge/cmake/uav_bridgeConfig-version.cmake
-- Installing: /home/th1rt3en/doco/uav_hw/src/workspace/doco_uav/install_static_scan/uav_bridge/share/uav_bridge/package.xml
