[0.015s] Invoking command in '/home/th1rt3en/doco/uav_hw/src/workspace/doco_uav/build_static_scan/uav_bridge': CMAKE_PREFIX_PATH=${CMAKE_PREFIX_PATH}:/home/th1rt3en/doco/sim_full/install/duojin01_bringup:/home/th1rt3en/doco/sim_full/install/ugv_bringup:/home/th1rt3en/doco/sim_full/install/ugv_description:/opt/ros/humble /usr/bin/cmake /home/th1rt3en/doco/uav_hw/src/workspace/doco_uav/src/uav_bridge -DBUILD_TESTING=ON -DCMAKE_EXPORT_COMPILE_COMMANDS=ON -DCMAKE_INSTALL_PREFIX=/home/th1rt3en/doco/uav_hw/src/workspace/doco_uav/install_static_scan/uav_bridge
[0.027s] -- Found ament_cmake: 1.3.13 (/opt/ros/humble/share/ament_cmake/cmake)
[0.177s] -- Found rclcpp: 16.0.18 (/opt/ros/humble/share/rclcpp/cmake)
[0.205s] -- Found rosidl_generator_c: 3.1.8 (/opt/ros/humble/share/rosidl_generator_c/cmake)
[0.206s] -- Found rosidl_adapter: 3.1.8 (/opt/ros/humble/share/rosidl_adapter/cmake)
[0.212s] -- Found rosidl_generator_cpp: 3.1.8 (/opt/ros/humble/share/rosidl_generator_cpp/cmake)
[0.220s] -- Using all available rosidl_typesupport_c: rosidl_typesupport_fastrtps_c;rosidl_typesupport_introspection_c
[0.230s] -- Using all available rosidl_typesupport_cpp: rosidl_typesupport_fastrtps_cpp;rosidl_typesupport_introspection_cpp
[0.254s] -- Found rmw_implementation_cmake: 6.1.2 (/opt/ros/humble/share/rmw_implementation_cmake/cmake)
[0.256s] -- Found rmw_fastrtps_cpp: 6.2.10 (/opt/ros/humble/share/rmw_fastrtps_cpp/cmake)
[0.374s] -- Using RMW implementation 'rmw_fastrtps_cpp' as default
[0.408s] -- Found sensor_msgs: 4.9.1 (/opt/ros/humble/share/sensor_msgs/cmake)
[0.431s] -- Found nav_msgs: 4.9.1 (/opt/ros/humble/share/nav_msgs/cmake)
[0.449s] -- Found std_srvs: 4.9.1 (/opt/ros/humble/share/std_srvs/cmake)
[0.460s] -- Found tf2: 0.25.19 (/opt/ros/humble/share/tf2/cmake)
[0.463s] -- Found tf2_ros: 0.25.19 (/opt/ros/humble/share/tf2_ros/cmake)
[0.531s] -- Found quadrotor_msgs: 0.0.0 (/home/th1rt3en/doco/sim_full/install/quadrotor_msgs/share/quadrotor_msgs/cmake)
[0.556s] -- Found px4_msgs: 2.0.1 (/home/th1rt3en/doco/sim_full/install/px4_msgs/share/px4_msgs/cmake)
[0.571s] -- Found OpenCV: /usr (found version "4.5.4") found components: core imgproc video videoio 
[0.595s] -- Found ament_cmake_gtest: 1.3.13 (/opt/ros/humble/share/ament_cmake_gtest/cmake)
[0.600s] -- Found ament_lint_auto: 0.12.15 (/opt/ros/humble/share/ament_lint_auto/cmake)
[0.706s] -- Found gtest sources under '/opt/ros/humble/src/gtest_vendor': C++ tests using 'Google Test' will be built
[0.720s] -- Added test 'cppcheck' to perform static code analysis on C / C++ code
[0.721s] -- Configured cppcheck include dirs: /home/th1rt3en/doco/uav_hw/src/workspace/doco_uav/src/uav_bridge/include
[0.721s] -- Configured cppcheck exclude dirs and/or files: 
[0.722s] -- Added test 'lint_cmake' to check CMake code style
[0.725s] -- Added test 'uncrustify' to check C / C++ code style
[0.726s] -- Configured uncrustify additional arguments: 
[0.727s] -- Added test 'xmllint' to check XML markup files
[0.730s] -- Configuring done
[0.787s] -- Generating done
[0.807s] -- Build files have been written to: /home/th1rt3en/doco/uav_hw/src/workspace/doco_uav/build_static_scan/uav_bridge
[0.832s] Invoked command in '/home/th1rt3en/doco/uav_hw/src/workspace/doco_uav/build_static_scan/uav_bridge' returned '0': CMAKE_PREFIX_PATH=${CMAKE_PREFIX_PATH}:/home/th1rt3en/doco/sim_full/install/duojin01_bringup:/home/th1rt3en/doco/sim_full/install/ugv_bringup:/home/th1rt3en/doco/sim_full/install/ugv_description:/opt/ros/humble /usr/bin/cmake /home/th1rt3en/doco/uav_hw/src/workspace/doco_uav/src/uav_bridge -DBUILD_TESTING=ON -DCMAKE_EXPORT_COMPILE_COMMANDS=ON -DCMAKE_INSTALL_PREFIX=/home/th1rt3en/doco/uav_hw/src/workspace/doco_uav/install_static_scan/uav_bridge
[0.835s] Invoking command in '/home/th1rt3en/doco/uav_hw/src/workspace/doco_uav/build_static_scan/uav_bridge': CMAKE_PREFIX_PATH=${CMAKE_PREFIX_PATH}:/home/th1rt3en/doco/sim_full/install/duojin01_bringup:/home/th1rt3en/doco/sim_full/install/ugv_bringup:/home/th1rt3en/doco/sim_full/install/ugv_description:/opt/ros/humble /usr/bin/cmake --build /home/th1rt3en/doco/uav_hw/src/workspace/doco_uav/build_static_scan/uav_bridge -- -j16 -l16
[0.907s] [ 15%] Building CXX object CMakeFiles/uav_control_node.dir/src/uav_control_node.cpp.o
[0.908s] [ 15%] Building CXX object CMakeFiles/uav_bridge_px4_odom_adapter_logic.dir/src/px4_odom_adapter_logic.cpp.o
[0.908s] [ 15%] Building CXX object gtest/CMakeFiles/gtest_main.dir/src/gtest_main.cc.o
[0.908s] [ 15%] Building CXX object CMakeFiles/openvins_px4_vision_bridge_node.dir/src/openvins_px4_vision_bridge_node.cpp.o
[0.908s] [ 15%] Building CXX object CMakeFiles/px4_planar_state_reader_node.dir/src/px4_planar_state_reader_node.cpp.o
[0.908s] [ 21%] Building CXX object gtest/CMakeFiles/gtest.dir/src/gtest-all.cc.o
[0.908s] [ 21%] Building CXX object CMakeFiles/uav_bridge_uav_state_bridge_logic.dir/src/uav_state_bridge_logic.cpp.o
[0.908s] [ 25%] Building CXX object CMakeFiles/uav_control_node.dir/src/math_utils.cpp.o
[0.908s] [ 28%] Building CXX object CMakeFiles/fmu_topic_namespace_bridge_node.dir/src/fmu_topic_namespace_bridge_node.cpp.o
[0.908s] [ 31%] Building CXX object CMakeFiles/mono_camera_source_node.dir/src/mono_camera_source_node.cpp.o
[0.919s] [ 34%] Building CXX object CMakeFiles/mono_video_recorder_node.dir/src/mono_video_recorder_node.cpp.o
[0.926s] [ 37%] Building CXX object CMakeFiles/openvins_px4_vision_bridge_node.dir/src/math_utils.cpp.o
[2.107s] [ 43%] Linking CXX static library libuav_bridge_px4_odom_adapter_logic.a
[2.108s] [ 43%] Linking CXX static library libuav_bridge_uav_state_bridge_logic.a
[2.376s] [ 43%] Built target uav_bridge_uav_state_bridge_logic
[2.383s] [ 43%] Built target uav_bridge_px4_odom_adapter_logic
[2.419s] [ 46%] Building CXX object CMakeFiles/uav_state_bridge_node.dir/src/uav_state_bridge_node.cpp.o
[2.423s] [ 50%] Linking CXX static library libgtest_main.a
[2.437s] [ 53%] Building CXX object CMakeFiles/px4_odom_adapter_node.dir/src/px4_odom_adapter_node.cpp.o
[2.548s] [ 53%] Built target gtest_main
[6.442s] [ 56%] Linking CXX static library libgtest.a
[6.689s] [ 56%] Built target gtest
[6.743s] [ 59%] Building CXX object CMakeFiles/test_uav_control_logic.dir/test/test_uav_control_logic.cpp.o
[6.749s] [ 62%] Building CXX object CMakeFiles/test_uav_state_bridge_logic.dir/test/test_uav_state_bridge_logic.cpp.o
[6.758s] [ 65%] Building CXX object CMakeFiles/test_px4_odom_adapter_logic.dir/test/test_px4_odom_adapter_logic.cpp.o
[8.744s] [ 68%] Linking CXX executable test_uav_control_logic
[9.036s] [ 71%] Linking CXX executable test_uav_state_bridge_logic
[9.071s] [ 71%] Built target test_uav_control_logic
[9.180s] [ 75%] Linking CXX executable test_px4_odom_adapter_logic
[9.457s] [ 75%] Built target test_uav_state_bridge_logic
[9.515s] [ 75%] Built target test_px4_odom_adapter_logic
[11.893s] [ 78%] Linking CXX executable mono_camera_source_node
[13.247s] [ 78%] Built target mono_camera_source_node
[15.213s] [ 81%] Linking CXX executable mono_video_recorder_node
[16.155s] [ 81%] Built target mono_video_recorder_node
[18.028s] [ 84%] Linking CXX executable openvins_px4_vision_bridge_node
[18.739s] [ 87%] Linking CXX executable px4_planar_state_reader_node
[18.948s] [ 87%] Built target openvins_px4_vision_bridge_node
[19.481s] [ 87%] Built target px4_planar_state_reader_node
[21.400s] [ 90%] Linking CXX executable uav_state_bridge_node
[21.412s] [ 93%] Linking CXX executable px4_odom_adapter_node
[22.375s] [ 93%] Built target px4_odom_adapter_node
[22.393s] [ 93%] Built target uav_state_bridge_node
[29.662s] [ 96%] Linking CXX executable uav_control_node
[31.195s] [ 96%] Built target uav_control_node
[38.228s] [100%] Linking CXX executable fmu_topic_namespace_bridge_node
[39.853s] [100%] Built target fmu_topic_namespace_bridge_node
[39.869s] Invoked command in '/home/th1rt3en/doco/uav_hw/src/workspace/doco_uav/build_static_scan/uav_bridge' returned '0': CMAKE_PREFIX_PATH=${CMAKE_PREFIX_PATH}:/home/th1rt3en/doco/sim_full/install/duojin01_bringup:/home/th1rt3en/doco/sim_full/install/ugv_bringup:/home/th1rt3en/doco/sim_full/install/ugv_description:/opt/ros/humble /usr/bin/cmake --build /home/th1rt3en/doco/uav_hw/src/workspace/doco_uav/build_static_scan/uav_bridge -- -j16 -l16
[39.871s] Invoking command in '/home/th1rt3en/doco/uav_hw/src/workspace/doco_uav/build_static_scan/uav_bridge': CMAKE_PREFIX_PATH=${CMAKE_PREFIX_PATH}:/home/th1rt3en/doco/sim_full/install/duojin01_bringup:/home/th1rt3en/doco/sim_full/install/ugv_bringup:/home/th1rt3en/doco/sim_full/install/ugv_description:/opt/ros/humble /usr/bin/cmake --install /home/th1rt3en/doco/uav_hw/src/workspace/doco_uav/build_static_scan/uav_bridge
[39.882s] -- Install configuration: ""
[39.883s] -- Installing: /home/th1rt3en/doco/uav_hw/src/workspace/doco_uav/install_static_scan/uav_bridge/lib/uav_bridge/libuav_bridge_px4_odom_adapter_logic.a
[39.883s] -- Installing: /home/th1rt3en/doco/uav_hw/src/workspace/doco_uav/install_static_scan/uav_bridge/lib/uav_bridge/mono_camera_source_node
[39.885s] -- Set runtime path of "/home/th1rt3en/doco/uav_hw/src/workspace/doco_uav/install_static_scan/uav_bridge/lib/uav_bridge/mono_camera_source_node" to ""
[39.885s] -- Installing: /home/th1rt3en/doco/uav_hw/src/workspace/doco_uav/install_static_scan/uav_bridge/lib/uav_bridge/mono_video_recorder_node
[39.889s] -- Set runtime path of "/home/th1rt3en/doco/uav_hw/src/workspace/doco_uav/install_static_scan/uav_bridge/lib/uav_bridge/mono_video_recorder_node" to ""
[39.889s] -- Installing: /home/th1rt3en/doco/uav_hw/src/workspace/doco_uav/install_static_scan/uav_bridge/lib/uav_bridge/px4_planar_state_reader_node
[39.896s] -- Set runtime path of "/home/th1rt3en/doco/uav_hw/src/workspace/doco_uav/install_static_scan/uav_bridge/lib/uav_bridge/px4_planar_state_reader_node" to ""
[39.896s] -- Installing: /home/th1rt3en/doco/uav_hw/src/workspace/doco_uav/install_static_scan/uav_bridge/lib/uav_bridge/px4_odom_adapter_node
[39.903s] -- Set runtime path of "/home/th1rt3en/doco/uav_hw/src/workspace/doco_uav/install_static_scan/uav_bridge/lib/uav_bridge/px4_odom_adapter_node" to ""
[39.903s] -- Installing: /home/th1rt3en/doco/uav_hw/src/workspace/doco_uav/install_static_scan/uav_bridge/lib/uav_bridge/uav_state_bridge_node
[39.911s] -- Set runtime path of "/home/th1rt3en/doco/uav_hw/src/workspace/doco_uav/install_static_scan/uav_bridge/lib/uav_bridge/uav_state_bridge_node" to ""
[39.912s] -- Installing: /home/th1rt3en/doco/uav_hw/src/workspace/doco_uav/install_static_scan/uav_bridge/lib/uav_bridge/uav_control_node
[39.925s] -- Set runtime path of "/home/th1rt3en/doco/uav_hw/src/workspace/doco_uav/install_static_scan/uav_bridge/lib/uav_bridge/uav_control_node" to ""
[39.925s] -- Installing: /home/th1rt3en/doco/uav_hw/src/workspace/doco_uav/install_static_scan/uav_bridge/lib/uav_bridge/fmu_topic_namespace_bridge_node
[39.945s] -- Set runtime path of "/home/th1rt3en/doco/uav_hw/src/workspace/doco_uav/install_static_scan/uav_bridge/lib/uav_bridge/fmu_topic_namespace_bridge_node" to ""
[39.945s] -- Installing: /home/th1rt3en/doco/uav_hw/src/workspace/doco_uav/install_static_scan/uav_bridge/lib/uav_bridge/openvins_px4_vision_bridge_node
[39.951s] -- Set runtime path of "/home/th1rt3en/doco/uav_hw/src/workspace/doco_uav/install_static_scan/uav_bridge/lib/uav_bridge/openvins_px4_vision_bridge_node" to ""
[39.951s] -- Installing: /home/th1rt3en/doco/uav_hw/src/workspace/doco_uav/install_static_scan/uav_bridge/include
[39.951s] -- Installing: /home/th1rt3en/doco/uav_hw/src/workspace/doco_uav/install_static_scan/uav_bridge/include/uav_bridge
[39.951s] -- Installing: /home/th1rt3en/doco/uav_hw/src/workspace/doco_uav/install_static_scan/uav_bridge/include/uav_bridge/math_utils.hpp
[39.951s] -- Installing: /home/th1rt3en/doco/uav_hw/src/workspace/doco_uav/install_static_scan/uav_bridge/include/uav_bridge/uav_control_logic.hpp
[39.951s] -- Installing: /home/th1rt3en/doco/uav_hw/src/workspace/doco_uav/install_static_scan/uav_bridge/include/uav_bridge/uav_state_bridge_logic.hpp
[39.951s] -- Installing: /home/th1rt3en/doco/uav_hw/src/workspace/doco_uav/install_static_scan/uav_bridge/include/uav_bridge/gz_topic_utils.hpp
[39.951s] -- Installing: /home/th1rt3en/doco/uav_hw/src/workspace/doco_uav/install_static_scan/uav_bridge/include/uav_bridge/frame_aligner.hpp
[39.951s] -- Installing: /home/th1rt3en/doco/uav_hw/src/workspace/doco_uav/install_static_scan/uav_bridge/include/uav_bridge/px4_odom_adapter_logic.hpp
[39.952s] -- Installing: /home/th1rt3en/doco/uav_hw/src/workspace/doco_uav/install_static_scan/uav_bridge/include/uav_bridge/px4_commander.hpp
[39.952s] -- Installing: /home/th1rt3en/doco/uav_hw/src/workspace/doco_uav/install_static_scan/uav_bridge/include/uav_bridge/flight_mode_manager.hpp
[39.952s] -- Installing: /home/th1rt3en/doco/uav_hw/src/workspace/doco_uav/install_static_scan/uav_bridge/share/ament_index/resource_index/package_run_dependencies/uav_bridge
[39.952s] -- Installing: /home/th1rt3en/doco/uav_hw/src/workspace/doco_uav/install_static_scan/uav_bridge/share/ament_index/resource_index/parent_prefix_path/uav_bridge
[39.952s] -- Installing: /home/th1rt3en/doco/uav_hw/src/workspace/doco_uav/install_static_scan/uav_bridge/share/uav_bridge/environment/ament_prefix_path.sh
[39.952s] -- Installing: /home/th1rt3en/doco/uav_hw/src/workspace/doco_uav/install_static_scan/uav_bridge/share/uav_bridge/environment/ament_prefix_path.dsv
[39.953s] -- Installing: /home/th1rt3en/doco/uav_hw/src/workspace/doco_uav/install_static_scan/uav_bridge/share/uav_bridge/environment/path.sh
[39.953s] -- Installing: /home/th1rt3en/doco/uav_hw/src/workspace/doco_uav/install_static_scan/uav_bridge/share/uav_bridge/environment/path.dsv
[39.953s] -- Installing: /home/th1rt3en/doco/uav_hw/src/workspace/doco_uav/install_static_scan/uav_bridge/share/uav_bridge/local_setup.bash
[39.953s] -- Installing: /home/th1rt3en/doco/uav_hw/src/workspace/doco_uav/install_static_scan/uav_bridge/share/uav_bridge/local_setup.sh
[39.954s] -- Installing: /home/th1rt3en/doco/uav_hw/src/workspace/doco_uav/install_static_scan/uav_bridge/share/uav_bridge/local_setup.zsh
[39.954s] -- Installing: /home/th1rt3en/doco/uav_hw/src/workspace/doco_uav/install_static_scan/uav_bridge/share/uav_bridge/local_setup.dsv
[39.954s] -- Installing: /home/th1rt3en/doco/uav_hw/src/workspace/doco_uav/install_static_scan/uav_bridge/share/uav_bridge/package.dsv
[39.954s] -- Installing: /home/th1rt3en/doco/uav_hw/src/workspace/doco_uav/install_static_scan/uav_bridge/share/ament_index/resource_index/packages/uav_bridge
[39.954s] -- Installing: /home/th1rt3en/doco/uav_hw/src/workspace/doco_uav/install_static_scan/uav_bridge/share/uav_bridge/cmake/ament_cmake_export_include_directories-extras.cmake
[39.954s] -- Installing: /home/th1rt3en/doco/uav_hw/src/workspace/doco_uav/install_static_scan/uav_bridge/share/uav_bridge/cmake/uav_bridgeConfig.cmake
[39.955s] -- Installing: /home/th1rt3en/doco/uav_hw/src/workspace/doco_uav/install_static_scan/uav_bridge/share/uav_bridge/cmake/uav_bridgeConfig-version.cmake
[39.955s] -- Installing: /home/th1rt3en/doco/uav_hw/src/workspace/doco_uav/install_static_scan/uav_bridge/share/uav_bridge/package.xml
[39.958s] Invoked command in '/home/th1rt3en/doco/uav_hw/src/workspace/doco_uav/build_static_scan/uav_bridge' returned '0': CMAKE_PREFIX_PATH=${CMAKE_PREFIX_PATH}:/home/th1rt3en/doco/sim_full/install/duojin01_bringup:/home/th1rt3en/doco/sim_full/install/ugv_bringup:/home/th1rt3en/doco/sim_full/install/ugv_description:/opt/ros/humble /usr/bin/cmake --install /home/th1rt3en/doco/uav_hw/src/workspace/doco_uav/build_static_scan/uav_bridge
