-- Install configuration: ""
-- Up-to-date: /home/th1rt3en/doco/uav_hw/src/workspace/doco_uav/install_static_scan/uav_description/share/uav_description/models
-- Up-to-date: /home/th1rt3en/doco/uav_hw/src/workspace/doco_uav/install_static_scan/uav_description/share/uav_description/models/uav_base
-- Up-to-date: /home/th1rt3en/doco/uav_hw/src/workspace/doco_uav/install_static_scan/uav_description/share/uav_description/models/uav_base/model.config
-- Up-to-date: /home/th1rt3en/doco/uav_hw/src/workspace/doco_uav/install_static_scan/uav_description/share/uav_description/models/uav_base/meshes
-- Up-to-date: /home/th1rt3en/doco/uav_hw/src/workspace/doco_uav/install_static_scan/uav_description/share/uav_description/models/uav_base/meshes/motor_2306_base.dae
-- Up-to-date: /home/th1rt3en/doco/uav_hw/src/workspace/doco_uav/install_static_scan/uav_description/share/uav_description/models/uav_base/meshes/propeller_5x3.stl
-- Up-to-date: /home/th1rt3en/doco/uav_hw/src/workspace/doco_uav/install_static_scan/uav_description/share/uav_description/models/uav_base/meshes/dj250_airframe.dae
-- Up-to-date: /home/th1rt3en/doco/uav_hw/src/workspace/doco_uav/install_static_scan/uav_description/share/uav_description/models/uav_base/meshes/motor_2306_bell.dae
-- Up-to-date: /home/th1rt3en/doco/uav_hw/src/workspace/doco_uav/install_static_scan/uav_description/share/uav_description/models/uav_base/meshes/camera_orbbec_gemini336_link.stl
-- Up-to-date: /home/th1rt3en/doco/uav_hw/src/workspace/doco_uav/install_static_scan/uav_description/share/uav_description/models/uav_base/model.sdf
-- Up-to-date: /home/th1rt3en/doco/uav_hw/src/workspace/doco_uav/install_static_scan/uav_description/share/uav_description/models/uav
-- Up-to-date: /home/th1rt3en/doco/uav_hw/src/workspace/doco_uav/install_static_scan/uav_description/share/uav_description/models/uav/model.config
-- Up-to-date: /home/th1rt3en/doco/uav_hw/src/workspace/doco_uav/install_static_scan/uav_description/share/uav_description/models/uav/model.sdf
-- Up-to-date: /home/th1rt3en/doco/uav_hw/src/workspace/doco_uav/install_static_scan/uav_description/share/uav_description/urdf
-- Up-to-date: /home/th1rt3en/doco/uav_hw/src/workspace/doco_uav/install_static_scan/uav_description/share/uav_description/urdf/uav.urdf.xacro
-- Up-to-date: /home/th1rt3en/doco/uav_hw/src/workspace/doco_uav/install_static_scan/uav_description/share/ament_index/resource_index/package_run_dependencies/uav_description
-- Up-to-date: /home/th1rt3en/doco/uav_hw/src/workspace/doco_uav/install_static_scan/uav_description/share/ament_index/resource_index/parent_prefix_path/uav_description
-- Up-to-date: /home/th1rt3en/doco/uav_hw/src/workspace/doco_uav/install_static_scan/uav_description/share/uav_description/environment/ament_prefix_path.sh
-- Up-to-date: /home/th1rt3en/doco/uav_hw/src/workspace/doco_uav/install_static_scan/uav_description/share/uav_description/environment/ament_prefix_path.dsv
-- Up-to-date: /home/th1rt3en/doco/uav_hw/src/workspace/doco_uav/install_static_scan/uav_description/share/uav_description/environment/path.sh
-- Up-to-date: /home/th1rt3en/doco/uav_hw/src/workspace/doco_uav/install_static_scan/uav_description/share/uav_description/environment/path.dsv
-- Up-to-date: /home/th1rt3en/doco/uav_hw/src/workspace/doco_uav/install_static_scan/uav_description/share/uav_description/local_setup.bash
-- Up-to-date: /home/th1rt3en/doco/uav_hw/src/workspace/doco_uav/install_static_scan/uav_description/share/uav_description/local_setup.sh
-- Up-to-date: /home/th1rt3en/doco/uav_hw/src/workspace/doco_uav/install_static_scan/uav_description/share/uav_description/local_setup.zsh
-- Up-to-date: /home/th1rt3en/doco/uav_hw/src/workspace/doco_uav/install_static_scan/uav_description/share/uav_description/local_setup.dsv
-- Up-to-date: /home/th1rt3en/doco/uav_hw/src/workspace/doco_uav/install_static_scan/uav_description/share/uav_description/package.dsv
-- Up-to-date: /home/th1rt3en/doco/uav_hw/src/workspace/doco_uav/install_static_scan/uav_description/share/ament_index/resource_index/packages/uav_description
-- Up-to-date: /home/th1rt3en/doco/uav_hw/src/workspace/doco_uav/install_static_scan/uav_description/share/uav_description/cmake/uav_descriptionConfig.cmake
-- Up-to-date: /home/th1rt3en/doco/uav_hw/src/workspace/doco_uav/install_static_scan/uav_description/share/uav_description/cmake/uav_descriptionConfig-version.cmake
-- Up-to-date: /home/th1rt3en/doco/uav_hw/src/workspace/doco_uav/install_static_scan/uav_description/share/uav_description/package.xml
