[0.014s] Invoking command in '/home/th1rt3en/doco/uav_hw/src/workspace/doco_uav/build_static_scan/uav_description': CMAKE_PREFIX_PATH=${CMAKE_PREFIX_PATH}:/home/th1rt3en/doco/sim_full/install/duojin01_bringup:/home/th1rt3en/doco/sim_full/install/ugv_bringup:/home/th1rt3en/doco/sim_full/install/ugv_description:/opt/ros/humble /usr/bin/cmake --build /home/th1rt3en/doco/uav_hw/src/workspace/doco_uav/build_static_scan/uav_description -- -j16 -l16
[0.066s] Invoked command in '/home/th1rt3en/doco/uav_hw/src/workspace/doco_uav/build_static_scan/uav_description' returned '0': CMAKE_PREFIX_PATH=${CMAKE_PREFIX_PATH}:/home/th1rt3en/doco/sim_full/install/duojin01_bringup:/home/th1rt3en/doco/sim_full/install/ugv_bringup:/home/th1rt3en/doco/sim_full/install/ugv_description:/opt/ros/humble /usr/bin/cmake --build /home/th1rt3en/doco/uav_hw/src/workspace/doco_uav/build_static_scan/uav_description -- -j16 -l16
[0.081s] Invoking command in '/home/th1rt3en/doco/uav_hw/src/workspace/doco_uav/build_static_scan/uav_description': CMAKE_PREFIX_PATH=${CMAKE_PREFIX_PATH}:/home/th1rt3en/doco/sim_full/install/duojin01_bringup:/home/th1rt3en/doco/sim_full/install/ugv_bringup:/home/th1rt3en/doco/sim_full/install/ugv_description:/opt/ros/humble /usr/bin/cmake --install /home/th1rt3en/doco/uav_hw/src/workspace/doco_uav/build_static_scan/uav_description
[0.091s] -- Install configuration: ""
[0.092s] -- Up-to-date: /home/th1rt3en/doco/uav_hw/src/workspace/doco_uav/install_static_scan/uav_description/share/uav_description/models
[0.092s] -- Up-to-date: /home/th1rt3en/doco/uav_hw/src/workspace/doco_uav/install_static_scan/uav_description/share/uav_description/models/uav_base
[0.092s] -- Up-to-date: /home/th1rt3en/doco/uav_hw/src/workspace/doco_uav/install_static_scan/uav_description/share/uav_description/models/uav_base/model.config
[0.092s] -- Up-to-date: /home/th1rt3en/doco/uav_hw/src/workspace/doco_uav/install_static_scan/uav_description/share/uav_description/models/uav_base/meshes
[0.092s] -- Up-to-date: /home/th1rt3en/doco/uav_hw/src/workspace/doco_uav/install_static_scan/uav_description/share/uav_description/models/uav_base/meshes/motor_2306_base.dae
[0.092s] -- Up-to-date: /home/th1rt3en/doco/uav_hw/src/workspace/doco_uav/install_static_scan/uav_description/share/uav_description/models/uav_base/meshes/propeller_5x3.stl
[0.092s] -- Up-to-date: /home/th1rt3en/doco/uav_hw/src/workspace/doco_uav/install_static_scan/uav_description/share/uav_description/models/uav_base/meshes/dj250_airframe.dae
[0.092s] -- Up-to-date: /home/th1rt3en/doco/uav_hw/src/workspace/doco_uav/install_static_scan/uav_description/share/uav_description/models/uav_base/meshes/motor_2306_bell.dae
[0.092s] -- Up-to-date: /home/th1rt3en/doco/uav_hw/src/workspace/doco_uav/install_static_scan/uav_description/share/uav_description/models/uav_base/meshes/camera_orbbec_gemini336_link.stl
[0.092s] -- Up-to-date: /home/th1rt3en/doco/uav_hw/src/workspace/doco_uav/install_static_scan/uav_description/share/uav_description/models/uav_base/model.sdf
[0.092s] -- Up-to-date: /home/th1rt3en/doco/uav_hw/src/workspace/doco_uav/install_static_scan/uav_description/share/uav_description/models/uav
[0.092s] -- Up-to-date: /home/th1rt3en/doco/uav_hw/src/workspace/doco_uav/install_static_scan/uav_description/share/uav_description/models/uav/model.config
[0.092s] -- Up-to-date: /home/th1rt3en/doco/uav_hw/src/workspace/doco_uav/install_static_scan/uav_description/share/uav_description/models/uav/model.sdf
[0.092s] -- Up-to-date: /home/th1rt3en/doco/uav_hw/src/workspace/doco_uav/install_static_scan/uav_description/share/uav_description/urdf
[0.092s] -- Up-to-date: /home/th1rt3en/doco/uav_hw/src/workspace/doco_uav/install_static_scan/uav_description/share/uav_description/urdf/uav.urdf.xacro
[0.092s] -- Up-to-date: /home/th1rt3en/doco/uav_hw/src/workspace/doco_uav/install_static_scan/uav_description/share/ament_index/resource_index/package_run_dependencies/uav_description
[0.092s] -- Up-to-date: /home/th1rt3en/doco/uav_hw/src/workspace/doco_uav/install_static_scan/uav_description/share/ament_index/resource_index/parent_prefix_path/uav_description
[0.092s] -- Up-to-date: /home/th1rt3en/doco/uav_hw/src/workspace/doco_uav/install_static_scan/uav_description/share/uav_description/environment/ament_prefix_path.sh
[0.092s] -- Up-to-date: /home/th1rt3en/doco/uav_hw/src/workspace/doco_uav/install_static_scan/uav_description/share/uav_description/environment/ament_prefix_path.dsv
[0.093s] -- Up-to-date: /home/th1rt3en/doco/uav_hw/src/workspace/doco_uav/install_static_scan/uav_description/share/uav_description/environment/path.sh
[0.093s] -- Up-to-date: /home/th1rt3en/doco/uav_hw/src/workspace/doco_uav/install_static_scan/uav_description/share/uav_description/environment/path.dsv
[0.093s] -- Up-to-date: /home/th1rt3en/doco/uav_hw/src/workspace/doco_uav/install_static_scan/uav_description/share/uav_description/local_setup.bash
[0.093s] -- Up-to-date: /home/th1rt3en/doco/uav_hw/src/workspace/doco_uav/install_static_scan/uav_description/share/uav_description/local_setup.sh
[0.093s] -- Up-to-date: /home/th1rt3en/doco/uav_hw/src/workspace/doco_uav/install_static_scan/uav_description/share/uav_description/local_setup.zsh
[0.093s] -- Up-to-date: /home/th1rt3en/doco/uav_hw/src/workspace/doco_uav/install_static_scan/uav_description/share/uav_description/local_setup.dsv
[0.093s] -- Up-to-date: /home/th1rt3en/doco/uav_hw/src/workspace/doco_uav/install_static_scan/uav_description/share/uav_description/package.dsv
[0.093s] -- Up-to-date: /home/th1rt3en/doco/uav_hw/src/workspace/doco_uav/install_static_scan/uav_description/share/ament_index/resource_index/packages/uav_description
[0.093s] -- Up-to-date: /home/th1rt3en/doco/uav_hw/src/workspace/doco_uav/install_static_scan/uav_description/share/uav_description/cmake/uav_descriptionConfig.cmake
[0.093s] -- Up-to-date: /home/th1rt3en/doco/uav_hw/src/workspace/doco_uav/install_static_scan/uav_description/share/uav_description/cmake/uav_descriptionConfig-version.cmake
[0.093s] -- Up-to-date: /home/th1rt3en/doco/uav_hw/src/workspace/doco_uav/install_static_scan/uav_description/share/uav_description/package.xml
[0.094s] Invoked command in '/home/th1rt3en/doco/uav_hw/src/workspace/doco_uav/build_static_scan/uav_description' returned '0': CMAKE_PREFIX_PATH=${CMAKE_PREFIX_PATH}:/home/th1rt3en/doco/sim_full/install/duojin01_bringup:/home/th1rt3en/doco/sim_full/install/ugv_bringup:/home/th1rt3en/doco/sim_full/install/ugv_description:/opt/ros/humble /usr/bin/cmake --install /home/th1rt3en/doco/uav_hw/src/workspace/doco_uav/build_static_scan/uav_description
