-- Found ament_cmake: 1.3.13 (/opt/ros/humble/share/ament_cmake/cmake)
-- Found rclcpp: 16.0.18 (/opt/ros/humble/share/rclcpp/cmake)
-- Found rosidl_generator_c: 3.1.8 (/opt/ros/humble/share/rosidl_generator_c/cmake)
-- Found rosidl_adapter: 3.1.8 (/opt/ros/humble/share/rosidl_adapter/cmake)
-- Found rosidl_generator_cpp: 3.1.8 (/opt/ros/humble/share/rosidl_generator_cpp/cmake)
-- Using all available rosidl_typesupport_c: rosidl_typesupport_fastrtps_c;rosidl_typesupport_introspection_c
-- Using all available rosidl_typesupport_cpp: rosidl_typesupport_fastrtps_cpp;rosidl_typesupport_introspection_cpp
-- Found rmw_implementation_cmake: 6.1.2 (/opt/ros/humble/share/rmw_implementation_cmake/cmake)
-- Found rmw_fastrtps_cpp: 6.2.10 (/opt/ros/humble/share/rmw_fastrtps_cpp/cmake)
-- Using RMW implementation 'rmw_fastrtps_cpp' as default
-- Found sensor_msgs: 4.9.1 (/opt/ros/humble/share/sensor_msgs/cmake)
-- Found nav_msgs: 4.9.1 (/opt/ros/humble/share/nav_msgs/cmake)
-- Found std_srvs: 4.9.1 (/opt/ros/humble/share/std_srvs/cmake)
-- Found tf2: 0.25.19 (/opt/ros/humble/share/tf2/cmake)
-- Found tf2_ros: 0.25.19 (/opt/ros/humble/share/tf2_ros/cmake)
-- Found quadrotor_msgs: 0.0.0 (/home/th1rt3en/doco/sim_full/install/quadrotor_msgs/share/quadrotor_msgs/cmake)
-- Found px4_msgs: 2.0.1 (/home/th1rt3en/doco/sim_full/install/px4_msgs/share/px4_msgs/cmake)
-- Found ament_cmake_gtest: 1.3.13 (/opt/ros/humble/share/ament_cmake_gtest/cmake)
-- Found ament_lint_auto: 0.12.15 (/opt/ros/humble/share/ament_lint_auto/cmake)
-- Found gtest sources under '/opt/ros/humble/src/gtest_vendor': C++ tests using 'Google Test' will be built
-- Added test 'cppcheck' to perform static code analysis on C / C++ code
-- Configured cppcheck include dirs: /home/th1rt3en/doco/uav_hw/src/workspace/doco_uav/src/uav_bridge/include
-- Configured cppcheck exclude dirs and/or files: 
-- Added test 'lint_cmake' to check CMake code style
-- Added test 'uncrustify' to check C / C++ code style
-- Configured uncrustify additional arguments: 
-- Added test 'xmllint' to check XML markup files
-- Configuring done
-- Generating done
-- Build files have been written to: /home/th1rt3en/doco/uav_hw/src/workspace/doco_uav/build_static_scan/uav_bridge
Consolidate compiler generated dependencies of target uav_bridge_px4_odom_adapter_logic
Consolidate compiler generated dependencies of target uav_bridge_uav_state_bridge_logic
Consolidate compiler generated dependencies of target gtest_main
Consolidate compiler generated dependencies of target gtest
Consolidate compiler generated dependencies of target px4_planar_state_reader_node
Consolidate compiler generated dependencies of target fmu_topic_namespace_bridge_node
Consolidate compiler generated dependencies of target mono_video_recorder_node
Consolidate compiler generated dependencies of target mono_camera_source_node
Consolidate compiler generated dependencies of target uav_control_node
Consolidate compiler generated dependencies of target openvins_px4_vision_bridge_node
[ 25%] Built target uav_bridge_px4_odom_adapter_logic
[ 25%] Built target gtest_main
[ 25%] Built target uav_bridge_uav_state_bridge_logic
[ 25%] Built target gtest
[ 46%] Built target mono_camera_source_node
[ 46%] Built target mono_video_recorder_node
[ 46%] Building CXX object CMakeFiles/px4_planar_state_reader_node.dir/src/px4_planar_state_reader_node.cpp.o
[ 46%] Built target fmu_topic_namespace_bridge_node
[ 59%] Built target openvins_px4_vision_bridge_node
[ 59%] Building CXX object CMakeFiles/uav_control_node.dir/src/uav_control_node.cpp.o
Consolidate compiler generated dependencies of target test_uav_control_logic
Consolidate compiler generated dependencies of target test_uav_state_bridge_logic
Consolidate compiler generated dependencies of target test_px4_odom_adapter_logic
Consolidate compiler generated dependencies of target uav_state_bridge_node
Consolidate compiler generated dependencies of target px4_odom_adapter_node
[ 65%] Built target test_uav_control_logic
[ 71%] Built target test_uav_state_bridge_logic
[ 78%] Built target test_px4_odom_adapter_logic
[ 84%] Built target uav_state_bridge_node
[ 90%] Built target px4_odom_adapter_node
[ 93%] Linking CXX executable px4_planar_state_reader_node
[ 93%] Built target px4_planar_state_reader_node
[ 96%] Linking CXX executable uav_control_node
[100%] Built target uav_control_node
-- Install configuration: ""
-- Up-to-date: /home/th1rt3en/doco/uav_hw/src/workspace/doco_uav/install_static_scan/uav_bridge/lib/uav_bridge/libuav_bridge_px4_odom_adapter_logic.a
-- Up-to-date: /home/th1rt3en/doco/uav_hw/src/workspace/doco_uav/install_static_scan/uav_bridge/lib/uav_bridge/mono_camera_source_node
-- Up-to-date: /home/th1rt3en/doco/uav_hw/src/workspace/doco_uav/install_static_scan/uav_bridge/lib/uav_bridge/mono_video_recorder_node
-- Installing: /home/th1rt3en/doco/uav_hw/src/workspace/doco_uav/install_static_scan/uav_bridge/lib/uav_bridge/px4_planar_state_reader_node
-- Set runtime path of "/home/th1rt3en/doco/uav_hw/src/workspace/doco_uav/install_static_scan/uav_bridge/lib/uav_bridge/px4_planar_state_reader_node" to ""
-- Up-to-date: /home/th1rt3en/doco/uav_hw/src/workspace/doco_uav/install_static_scan/uav_bridge/lib/uav_bridge/px4_odom_adapter_node
-- Up-to-date: /home/th1rt3en/doco/uav_hw/src/workspace/doco_uav/install_static_scan/uav_bridge/lib/uav_bridge/uav_state_bridge_node
-- Installing: /home/th1rt3en/doco/uav_hw/src/workspace/doco_uav/install_static_scan/uav_bridge/lib/uav_bridge/uav_control_node
-- Set runtime path of "/home/th1rt3en/doco/uav_hw/src/workspace/doco_uav/install_static_scan/uav_bridge/lib/uav_bridge/uav_control_node" to ""
-- Up-to-date: /home/th1rt3en/doco/uav_hw/src/workspace/doco_uav/install_static_scan/uav_bridge/lib/uav_bridge/fmu_topic_namespace_bridge_node
-- Up-to-date: /home/th1rt3en/doco/uav_hw/src/workspace/doco_uav/install_static_scan/uav_bridge/lib/uav_bridge/openvins_px4_vision_bridge_node
-- Up-to-date: /home/th1rt3en/doco/uav_hw/src/workspace/doco_uav/install_static_scan/uav_bridge/include
-- Up-to-date: /home/th1rt3en/doco/uav_hw/src/workspace/doco_uav/install_static_scan/uav_bridge/include/uav_bridge
-- Up-to-date: /home/th1rt3en/doco/uav_hw/src/workspace/doco_uav/install_static_scan/uav_bridge/include/uav_bridge/math_utils.hpp
-- Up-to-date: /home/th1rt3en/doco/uav_hw/src/workspace/doco_uav/install_static_scan/uav_bridge/include/uav_bridge/uav_control_logic.hpp
-- Up-to-date: /home/th1rt3en/doco/uav_hw/src/workspace/doco_uav/install_static_scan/uav_bridge/include/uav_bridge/uav_state_bridge_logic.hpp
-- Up-to-date: /home/th1rt3en/doco/uav_hw/src/workspace/doco_uav/install_static_scan/uav_bridge/include/uav_bridge/gz_topic_utils.hpp
-- Up-to-date: /home/th1rt3en/doco/uav_hw/src/workspace/doco_uav/install_static_scan/uav_bridge/include/uav_bridge/frame_aligner.hpp
-- Up-to-date: /home/th1rt3en/doco/uav_hw/src/workspace/doco_uav/install_static_scan/uav_bridge/include/uav_bridge/px4_odom_adapter_logic.hpp
-- Up-to-date: /home/th1rt3en/doco/uav_hw/src/workspace/doco_uav/install_static_scan/uav_bridge/include/uav_bridge/px4_commander.hpp
-- Up-to-date: /home/th1rt3en/doco/uav_hw/src/workspace/doco_uav/install_static_scan/uav_bridge/include/uav_bridge/flight_mode_manager.hpp
-- Up-to-date: /home/th1rt3en/doco/uav_hw/src/workspace/doco_uav/install_static_scan/uav_bridge/share/ament_index/resource_index/package_run_dependencies/uav_bridge
-- Up-to-date: /home/th1rt3en/doco/uav_hw/src/workspace/doco_uav/install_static_scan/uav_bridge/share/ament_index/resource_index/parent_prefix_path/uav_bridge
-- Up-to-date: /home/th1rt3en/doco/uav_hw/src/workspace/doco_uav/install_static_scan/uav_bridge/share/uav_bridge/environment/ament_prefix_path.sh
-- Installing: /home/th1rt3en/doco/uav_hw/src/workspace/doco_uav/install_static_scan/uav_bridge/share/uav_bridge/environment/ament_prefix_path.dsv
-- Up-to-date: /home/th1rt3en/doco/uav_hw/src/workspace/doco_uav/install_static_scan/uav_bridge/share/uav_bridge/environment/path.sh
-- Installing: /home/th1rt3en/doco/uav_hw/src/workspace/doco_uav/install_static_scan/uav_bridge/share/uav_bridge/environment/path.dsv
-- Up-to-date: /home/th1rt3en/doco/uav_hw/src/workspace/doco_uav/install_static_scan/uav_bridge/share/uav_bridge/local_setup.bash
-- Up-to-date: /home/th1rt3en/doco/uav_hw/src/workspace/doco_uav/install_static_scan/uav_bridge/share/uav_bridge/local_setup.sh
-- Up-to-date: /home/th1rt3en/doco/uav_hw/src/workspace/doco_uav/install_static_scan/uav_bridge/share/uav_bridge/local_setup.zsh
-- Installing: /home/th1rt3en/doco/uav_hw/src/workspace/doco_uav/install_static_scan/uav_bridge/share/uav_bridge/local_setup.dsv
-- Installing: /home/th1rt3en/doco/uav_hw/src/workspace/doco_uav/install_static_scan/uav_bridge/share/uav_bridge/package.dsv
-- Up-to-date: /home/th1rt3en/doco/uav_hw/src/workspace/doco_uav/install_static_scan/uav_bridge/share/ament_index/resource_index/packages/uav_bridge
-- Up-to-date: /home/th1rt3en/doco/uav_hw/src/workspace/doco_uav/install_static_scan/uav_bridge/share/uav_bridge/cmake/ament_cmake_export_include_directories-extras.cmake
-- Up-to-date: /home/th1rt3en/doco/uav_hw/src/workspace/doco_uav/install_static_scan/uav_bridge/share/uav_bridge/cmake/uav_bridgeConfig.cmake
-- Up-to-date: /home/th1rt3en/doco/uav_hw/src/workspace/doco_uav/install_static_scan/uav_bridge/share/uav_bridge/cmake/uav_bridgeConfig-version.cmake
-- Up-to-date: /home/th1rt3en/doco/uav_hw/src/workspace/doco_uav/install_static_scan/uav_bridge/share/uav_bridge/package.xml
