[0.034s] Invoking command in '/home/th1rt3en/doco/uav_hw/src/workspace/doco_uav/build_static_scan/uav_bridge': CMAKE_PREFIX_PATH=${CMAKE_PREFIX_PATH}:/home/th1rt3en/doco/sim_full/install/duojin01_bringup:/home/th1rt3en/doco/sim_full/install/ugv_bringup:/home/th1rt3en/doco/sim_full/install/ugv_description:/opt/ros/humble /usr/bin/cmake /home/th1rt3en/doco/uav_hw/src/workspace/doco_uav/src/uav_bridge -DBUILD_TESTING=ON -DCMAKE_INSTALL_PREFIX=/home/th1rt3en/doco/uav_hw/src/workspace/doco_uav/install_static_scan/uav_bridge
[0.075s] -- Found ament_cmake: 1.3.13 (/opt/ros/humble/share/ament_cmake/cmake)
[0.406s] -- Found rclcpp: 16.0.18 (/opt/ros/humble/share/rclcpp/cmake)
[0.454s] -- Found rosidl_generator_c: 3.1.8 (/opt/ros/humble/share/rosidl_generator_c/cmake)
[0.459s] -- Found rosidl_adapter: 3.1.8 (/opt/ros/humble/share/rosidl_adapter/cmake)
[0.472s] -- Found rosidl_generator_cpp: 3.1.8 (/opt/ros/humble/share/rosidl_generator_cpp/cmake)
[0.490s] -- Using all available rosidl_typesupport_c: rosidl_typesupport_fastrtps_c;rosidl_typesupport_introspection_c
[0.510s] -- Using all available rosidl_typesupport_cpp: rosidl_typesupport_fastrtps_cpp;rosidl_typesupport_introspection_cpp
[0.553s] -- Found rmw_implementation_cmake: 6.1.2 (/opt/ros/humble/share/rmw_implementation_cmake/cmake)
[0.556s] -- Found rmw_fastrtps_cpp: 6.2.10 (/opt/ros/humble/share/rmw_fastrtps_cpp/cmake)
[0.791s] -- Using RMW implementation 'rmw_fastrtps_cpp' as default
[0.900s] -- Found sensor_msgs: 4.9.1 (/opt/ros/humble/share/sensor_msgs/cmake)
[0.961s] -- Found nav_msgs: 4.9.1 (/opt/ros/humble/share/nav_msgs/cmake)
[0.994s] -- Found std_srvs: 4.9.1 (/opt/ros/humble/share/std_srvs/cmake)
[1.012s] -- Found tf2: 0.25.19 (/opt/ros/humble/share/tf2/cmake)
[1.020s] -- Found tf2_ros: 0.25.19 (/opt/ros/humble/share/tf2_ros/cmake)
[1.147s] -- Found quadrotor_msgs: 0.0.0 (/home/th1rt3en/doco/sim_full/install/quadrotor_msgs/share/quadrotor_msgs/cmake)
[1.200s] -- Found px4_msgs: 2.0.1 (/home/th1rt3en/doco/sim_full/install/px4_msgs/share/px4_msgs/cmake)
[1.304s] -- Found ament_cmake_gtest: 1.3.13 (/opt/ros/humble/share/ament_cmake_gtest/cmake)
[1.305s] -- Found ament_lint_auto: 0.12.15 (/opt/ros/humble/share/ament_lint_auto/cmake)
[1.469s] -- Found gtest sources under '/opt/ros/humble/src/gtest_vendor': C++ tests using 'Google Test' will be built
[1.490s] -- Added test 'cppcheck' to perform static code analysis on C / C++ code
[1.490s] -- Configured cppcheck include dirs: /home/th1rt3en/doco/uav_hw/src/workspace/doco_uav/src/uav_bridge/include
[1.490s] -- Configured cppcheck exclude dirs and/or files: 
[1.491s] -- Added test 'lint_cmake' to check CMake code style
[1.494s] -- Added test 'uncrustify' to check C / C++ code style
[1.494s] -- Configured uncrustify additional arguments: 
[1.494s] -- Added test 'xmllint' to check XML markup files
[1.496s] -- Configuring done
[1.596s] -- Generating done
[1.625s] -- Build files have been written to: /home/th1rt3en/doco/uav_hw/src/workspace/doco_uav/build_static_scan/uav_bridge
[1.658s] Invoked command in '/home/th1rt3en/doco/uav_hw/src/workspace/doco_uav/build_static_scan/uav_bridge' returned '0': CMAKE_PREFIX_PATH=${CMAKE_PREFIX_PATH}:/home/th1rt3en/doco/sim_full/install/duojin01_bringup:/home/th1rt3en/doco/sim_full/install/ugv_bringup:/home/th1rt3en/doco/sim_full/install/ugv_description:/opt/ros/humble /usr/bin/cmake /home/th1rt3en/doco/uav_hw/src/workspace/doco_uav/src/uav_bridge -DBUILD_TESTING=ON -DCMAKE_INSTALL_PREFIX=/home/th1rt3en/doco/uav_hw/src/workspace/doco_uav/install_static_scan/uav_bridge
[1.664s] Invoking command in '/home/th1rt3en/doco/uav_hw/src/workspace/doco_uav/build_static_scan/uav_bridge': CMAKE_PREFIX_PATH=${CMAKE_PREFIX_PATH}:/home/th1rt3en/doco/sim_full/install/duojin01_bringup:/home/th1rt3en/doco/sim_full/install/ugv_bringup:/home/th1rt3en/doco/sim_full/install/ugv_description:/opt/ros/humble /usr/bin/cmake --build /home/th1rt3en/doco/uav_hw/src/workspace/doco_uav/build_static_scan/uav_bridge -- -j16 -l16
[1.788s] Consolidate compiler generated dependencies of target uav_bridge_px4_odom_adapter_logic
[1.788s] Consolidate compiler generated dependencies of target uav_bridge_uav_state_bridge_logic
[1.789s] Consolidate compiler generated dependencies of target gtest_main
[1.791s] Consolidate compiler generated dependencies of target gtest
[1.797s] Consolidate compiler generated dependencies of target px4_planar_state_reader_node
[1.797s] Consolidate compiler generated dependencies of target fmu_topic_namespace_bridge_node
[1.797s] Consolidate compiler generated dependencies of target mono_video_recorder_node
[1.797s] Consolidate compiler generated dependencies of target mono_camera_source_node
[1.797s] Consolidate compiler generated dependencies of target uav_control_node
[1.797s] Consolidate compiler generated dependencies of target openvins_px4_vision_bridge_node
[1.821s] [ 25%] Built target uav_bridge_px4_odom_adapter_logic
[1.821s] [ 25%] Built target gtest_main
[1.821s] [ 25%] Built target uav_bridge_uav_state_bridge_logic
[1.821s] [ 25%] Built target gtest
[1.823s] [ 46%] Built target mono_camera_source_node
[1.824s] [ 46%] Built target mono_video_recorder_node
[1.824s] [ 46%] Building CXX object CMakeFiles/px4_planar_state_reader_node.dir/src/px4_planar_state_reader_node.cpp.o
[1.824s] [ 46%] Built target fmu_topic_namespace_bridge_node
[1.827s] [ 59%] Built target openvins_px4_vision_bridge_node
[1.828s] [ 59%] Building CXX object CMakeFiles/uav_control_node.dir/src/uav_control_node.cpp.o
[1.851s] Consolidate compiler generated dependencies of target test_uav_control_logic
[1.853s] Consolidate compiler generated dependencies of target test_uav_state_bridge_logic
[1.858s] Consolidate compiler generated dependencies of target test_px4_odom_adapter_logic
[1.858s] Consolidate compiler generated dependencies of target uav_state_bridge_node
[1.863s] Consolidate compiler generated dependencies of target px4_odom_adapter_node
[1.881s] [ 65%] Built target test_uav_control_logic
[1.881s] [ 71%] Built target test_uav_state_bridge_logic
[1.887s] [ 78%] Built target test_px4_odom_adapter_logic
[1.888s] [ 84%] Built target uav_state_bridge_node
[1.898s] [ 90%] Built target px4_odom_adapter_node
[29.400s] [ 93%] Linking CXX executable px4_planar_state_reader_node
[30.934s] [ 93%] Built target px4_planar_state_reader_node
[49.746s] [ 96%] Linking CXX executable uav_control_node
[50.950s] [100%] Built target uav_control_node
[50.967s] Invoked command in '/home/th1rt3en/doco/uav_hw/src/workspace/doco_uav/build_static_scan/uav_bridge' returned '0': CMAKE_PREFIX_PATH=${CMAKE_PREFIX_PATH}:/home/th1rt3en/doco/sim_full/install/duojin01_bringup:/home/th1rt3en/doco/sim_full/install/ugv_bringup:/home/th1rt3en/doco/sim_full/install/ugv_description:/opt/ros/humble /usr/bin/cmake --build /home/th1rt3en/doco/uav_hw/src/workspace/doco_uav/build_static_scan/uav_bridge -- -j16 -l16
[50.982s] Invoking command in '/home/th1rt3en/doco/uav_hw/src/workspace/doco_uav/build_static_scan/uav_bridge': CMAKE_PREFIX_PATH=${CMAKE_PREFIX_PATH}:/home/th1rt3en/doco/sim_full/install/duojin01_bringup:/home/th1rt3en/doco/sim_full/install/ugv_bringup:/home/th1rt3en/doco/sim_full/install/ugv_description:/opt/ros/humble /usr/bin/cmake --install /home/th1rt3en/doco/uav_hw/src/workspace/doco_uav/build_static_scan/uav_bridge
[50.995s] -- Install configuration: ""
[50.996s] -- Up-to-date: /home/th1rt3en/doco/uav_hw/src/workspace/doco_uav/install_static_scan/uav_bridge/lib/uav_bridge/libuav_bridge_px4_odom_adapter_logic.a
[50.996s] -- Up-to-date: /home/th1rt3en/doco/uav_hw/src/workspace/doco_uav/install_static_scan/uav_bridge/lib/uav_bridge/mono_camera_source_node
[50.996s] -- Up-to-date: /home/th1rt3en/doco/uav_hw/src/workspace/doco_uav/install_static_scan/uav_bridge/lib/uav_bridge/mono_video_recorder_node
[50.996s] -- Installing: /home/th1rt3en/doco/uav_hw/src/workspace/doco_uav/install_static_scan/uav_bridge/lib/uav_bridge/px4_planar_state_reader_node
[51.002s] -- Set runtime path of "/home/th1rt3en/doco/uav_hw/src/workspace/doco_uav/install_static_scan/uav_bridge/lib/uav_bridge/px4_planar_state_reader_node" to ""
[51.003s] -- Up-to-date: /home/th1rt3en/doco/uav_hw/src/workspace/doco_uav/install_static_scan/uav_bridge/lib/uav_bridge/px4_odom_adapter_node
[51.003s] -- Up-to-date: /home/th1rt3en/doco/uav_hw/src/workspace/doco_uav/install_static_scan/uav_bridge/lib/uav_bridge/uav_state_bridge_node
[51.003s] -- Installing: /home/th1rt3en/doco/uav_hw/src/workspace/doco_uav/install_static_scan/uav_bridge/lib/uav_bridge/uav_control_node
[51.019s] -- Set runtime path of "/home/th1rt3en/doco/uav_hw/src/workspace/doco_uav/install_static_scan/uav_bridge/lib/uav_bridge/uav_control_node" to ""
[51.019s] -- Up-to-date: /home/th1rt3en/doco/uav_hw/src/workspace/doco_uav/install_static_scan/uav_bridge/lib/uav_bridge/fmu_topic_namespace_bridge_node
[51.019s] -- Up-to-date: /home/th1rt3en/doco/uav_hw/src/workspace/doco_uav/install_static_scan/uav_bridge/lib/uav_bridge/openvins_px4_vision_bridge_node
[51.021s] -- Up-to-date: /home/th1rt3en/doco/uav_hw/src/workspace/doco_uav/install_static_scan/uav_bridge/include
[51.021s] -- Up-to-date: /home/th1rt3en/doco/uav_hw/src/workspace/doco_uav/install_static_scan/uav_bridge/include/uav_bridge
[51.021s] -- Up-to-date: /home/th1rt3en/doco/uav_hw/src/workspace/doco_uav/install_static_scan/uav_bridge/include/uav_bridge/math_utils.hpp
[51.021s] -- Up-to-date: /home/th1rt3en/doco/uav_hw/src/workspace/doco_uav/install_static_scan/uav_bridge/include/uav_bridge/uav_control_logic.hpp
[51.021s] -- Up-to-date: /home/th1rt3en/doco/uav_hw/src/workspace/doco_uav/install_static_scan/uav_bridge/include/uav_bridge/uav_state_bridge_logic.hpp
[51.022s] -- Up-to-date: /home/th1rt3en/doco/uav_hw/src/workspace/doco_uav/install_static_scan/uav_bridge/include/uav_bridge/gz_topic_utils.hpp
[51.022s] -- Up-to-date: /home/th1rt3en/doco/uav_hw/src/workspace/doco_uav/install_static_scan/uav_bridge/include/uav_bridge/frame_aligner.hpp
[51.022s] -- Up-to-date: /home/th1rt3en/doco/uav_hw/src/workspace/doco_uav/install_static_scan/uav_bridge/include/uav_bridge/px4_odom_adapter_logic.hpp
[51.022s] -- Up-to-date: /home/th1rt3en/doco/uav_hw/src/workspace/doco_uav/install_static_scan/uav_bridge/include/uav_bridge/px4_commander.hpp
[51.022s] -- Up-to-date: /home/th1rt3en/doco/uav_hw/src/workspace/doco_uav/install_static_scan/uav_bridge/include/uav_bridge/flight_mode_manager.hpp
[51.022s] -- Up-to-date: /home/th1rt3en/doco/uav_hw/src/workspace/doco_uav/install_static_scan/uav_bridge/share/ament_index/resource_index/package_run_dependencies/uav_bridge
[51.022s] -- Up-to-date: /home/th1rt3en/doco/uav_hw/src/workspace/doco_uav/install_static_scan/uav_bridge/share/ament_index/resource_index/parent_prefix_path/uav_bridge
[51.022s] -- Up-to-date: /home/th1rt3en/doco/uav_hw/src/workspace/doco_uav/install_static_scan/uav_bridge/share/uav_bridge/environment/ament_prefix_path.sh
[51.022s] -- Installing: /home/th1rt3en/doco/uav_hw/src/workspace/doco_uav/install_static_scan/uav_bridge/share/uav_bridge/environment/ament_prefix_path.dsv
[51.022s] -- Up-to-date: /home/th1rt3en/doco/uav_hw/src/workspace/doco_uav/install_static_scan/uav_bridge/share/uav_bridge/environment/path.sh
[51.022s] -- Installing: /home/th1rt3en/doco/uav_hw/src/workspace/doco_uav/install_static_scan/uav_bridge/share/uav_bridge/environment/path.dsv
[51.022s] -- Up-to-date: /home/th1rt3en/doco/uav_hw/src/workspace/doco_uav/install_static_scan/uav_bridge/share/uav_bridge/local_setup.bash
[51.022s] -- Up-to-date: /home/th1rt3en/doco/uav_hw/src/workspace/doco_uav/install_static_scan/uav_bridge/share/uav_bridge/local_setup.sh
[51.022s] -- Up-to-date: /home/th1rt3en/doco/uav_hw/src/workspace/doco_uav/install_static_scan/uav_bridge/share/uav_bridge/local_setup.zsh
[51.022s] -- Installing: /home/th1rt3en/doco/uav_hw/src/workspace/doco_uav/install_static_scan/uav_bridge/share/uav_bridge/local_setup.dsv
[51.022s] -- Installing: /home/th1rt3en/doco/uav_hw/src/workspace/doco_uav/install_static_scan/uav_bridge/share/uav_bridge/package.dsv
[51.022s] -- Up-to-date: /home/th1rt3en/doco/uav_hw/src/workspace/doco_uav/install_static_scan/uav_bridge/share/ament_index/resource_index/packages/uav_bridge
[51.022s] -- Up-to-date: /home/th1rt3en/doco/uav_hw/src/workspace/doco_uav/install_static_scan/uav_bridge/share/uav_bridge/cmake/ament_cmake_export_include_directories-extras.cmake
[51.022s] -- Up-to-date: /home/th1rt3en/doco/uav_hw/src/workspace/doco_uav/install_static_scan/uav_bridge/share/uav_bridge/cmake/uav_bridgeConfig.cmake
[51.022s] -- Up-to-date: /home/th1rt3en/doco/uav_hw/src/workspace/doco_uav/install_static_scan/uav_bridge/share/uav_bridge/cmake/uav_bridgeConfig-version.cmake
[51.023s] -- Up-to-date: /home/th1rt3en/doco/uav_hw/src/workspace/doco_uav/install_static_scan/uav_bridge/share/uav_bridge/package.xml
[51.024s] Invoked command in '/home/th1rt3en/doco/uav_hw/src/workspace/doco_uav/build_static_scan/uav_bridge' returned '0': CMAKE_PREFIX_PATH=${CMAKE_PREFIX_PATH}:/home/th1rt3en/doco/sim_full/install/duojin01_bringup:/home/th1rt3en/doco/sim_full/install/ugv_bringup:/home/th1rt3en/doco/sim_full/install/ugv_description:/opt/ros/humble /usr/bin/cmake --install /home/th1rt3en/doco/uav_hw/src/workspace/doco_uav/build_static_scan/uav_bridge
