-- Found ament_cmake: 1.3.13 (/opt/ros/humble/share/ament_cmake/cmake)
-- Found ament_cmake_gtest: 1.3.13 (/opt/ros/humble/share/ament_cmake_gtest/cmake)
-- Found rclcpp: 16.0.18 (/opt/ros/humble/share/rclcpp/cmake)
-- Found rosidl_generator_c: 3.1.8 (/opt/ros/humble/share/rosidl_generator_c/cmake)
-- Found rosidl_adapter: 3.1.8 (/opt/ros/humble/share/rosidl_adapter/cmake)
-- Found rosidl_generator_cpp: 3.1.8 (/opt/ros/humble/share/rosidl_generator_cpp/cmake)
-- Using all available rosidl_typesupport_c: rosidl_typesupport_fastrtps_c;rosidl_typesupport_introspection_c
-- Using all available rosidl_typesupport_cpp: rosidl_typesupport_fastrtps_cpp;rosidl_typesupport_introspection_cpp
-- Found rmw_implementation_cmake: 6.1.2 (/opt/ros/humble/share/rmw_implementation_cmake/cmake)
-- Found rmw_fastrtps_cpp: 6.2.10 (/opt/ros/humble/share/rmw_fastrtps_cpp/cmake)
-- Using RMW implementation 'rmw_fastrtps_cpp' as default
-- Found sensor_msgs: 4.9.1 (/opt/ros/humble/share/sensor_msgs/cmake)
-- Found nav_msgs: 4.9.1 (/opt/ros/humble/share/nav_msgs/cmake)
-- Found px4_msgs: 2.0.1 (/home/th1rt3en/doco/sim_full/install/px4_msgs/share/px4_msgs/cmake)
-- Found rosidl_default_generators: 1.2.0 (/opt/ros/humble/share/rosidl_default_generators/cmake)
-- Found std_srvs: 4.9.1 (/opt/ros/humble/share/std_srvs/cmake)
-- Found cv_bridge: 3.2.1 (/opt/ros/humble/share/cv_bridge/cmake)
-- Found image_transport: 3.1.12 (/opt/ros/humble/share/image_transport/cmake)
-- Found OpenCV: /usr (found version "4.5.4") found components: core imgproc calib3d aruco 
-- Found ament_cmake_ros: 0.10.0 (/opt/ros/humble/share/ament_cmake_ros/cmake)
-- Using all available rosidl_typesupport_c: rosidl_typesupport_fastrtps_c;rosidl_typesupport_introspection_c
-- Using all available rosidl_typesupport_cpp: rosidl_typesupport_fastrtps_cpp;rosidl_typesupport_introspection_cpp
-- Found PythonInterp: /usr/bin/python3 (found suitable version "3.10.12", minimum required is "3.6") 
-- Found python_cmake_module: 0.10.0 (/opt/ros/humble/share/python_cmake_module/cmake)
-- Found PythonLibs: /usr/lib/x86_64-linux-gnu/libpython3.10.so (found suitable version "3.10.12", minimum required is "3.5") 
-- Using PYTHON_EXECUTABLE: /usr/bin/python3
-- Using PYTHON_INCLUDE_DIRS: /usr/include/python3.10
-- Using PYTHON_LIBRARIES: /usr/lib/x86_64-linux-gnu/libpython3.10.so
-- Found PythonExtra: .so  
-- Found ament_lint_auto: 0.12.15 (/opt/ros/humble/share/ament_lint_auto/cmake)
-- Found gtest sources under '/opt/ros/humble/src/gtest_vendor': C++ tests using 'Google Test' will be built
-- Added test 'cppcheck' to perform static code analysis on C / C++ code
-- Configured cppcheck include dirs: /home/th1rt3en/doco/uav_hw/src/workspace/doco_uav/src/uav_visual_landing/include
-- Configured cppcheck exclude dirs and/or files: 
-- Added test 'lint_cmake' to check CMake code style
-- Added test 'uncrustify' to check C / C++ code style
-- Configured uncrustify additional arguments: 
-- Added test 'xmllint' to check XML markup files
-- Configuring done
-- Generating done
-- Build files have been written to: /home/th1rt3en/doco/uav_hw/src/workspace/doco_uav/build_static_scan/uav_visual_landing
[  2%] Generating C code for ROS interfaces
[  4%] Generating C++ code for ROS interfaces
[  6%] Building CXX object gtest/CMakeFiles/gtest.dir/src/gtest-all.cc.o
[  8%] Building CXX object gtest/CMakeFiles/gtest_main.dir/src/gtest_main.cc.o
[  8%] Built target ament_cmake_python_copy_uav_visual_landing
running egg_info
creating uav_visual_landing.egg-info
writing uav_visual_landing.egg-info/PKG-INFO
writing dependency_links to uav_visual_landing.egg-info/dependency_links.txt
writing top-level names to uav_visual_landing.egg-info/top_level.txt
writing manifest file 'uav_visual_landing.egg-info/SOURCES.txt'
reading manifest file 'uav_visual_landing.egg-info/SOURCES.txt'
writing manifest file 'uav_visual_landing.egg-info/SOURCES.txt'
[  8%] Built target ament_cmake_python_build_uav_visual_landing_egg
[  8%] Built target uav_visual_landing__cpp
[ 12%] Building C object CMakeFiles/uav_visual_landing__rosidl_generator_c.dir/rosidl_generator_c/uav_visual_landing/msg/detail/target_observation__functions.c.o
[ 12%] Generating C++ type support dispatch for ROS interfaces
[ 16%] Generating C++ introspection for ROS interfaces
[ 16%] Generating C++ type support for eProsima Fast-RTPS
[ 18%] Building C object CMakeFiles/uav_visual_landing__rosidl_generator_c.dir/rosidl_generator_c/uav_visual_landing/msg/detail/landing_controller_state__functions.c.o
[ 20%] Linking C shared library libuav_visual_landing__rosidl_generator_c.so
[ 20%] Built target uav_visual_landing__rosidl_generator_c
[ 22%] Generating C type support for eProsima Fast-RTPS
[ 26%] Generating C type support dispatch for ROS interfaces
[ 24%] Generating C introspection for ROS interfaces
[ 28%] Building CXX object CMakeFiles/uav_visual_landing__rosidl_typesupport_cpp.dir/rosidl_typesupport_cpp/uav_visual_landing/msg/target_observation__type_support.cpp.o
[ 30%] Building CXX object CMakeFiles/uav_visual_landing__rosidl_typesupport_cpp.dir/rosidl_typesupport_cpp/uav_visual_landing/msg/landing_controller_state__type_support.cpp.o
[ 32%] Building CXX object CMakeFiles/uav_visual_landing__rosidl_typesupport_introspection_cpp.dir/rosidl_typesupport_introspection_cpp/uav_visual_landing/msg/detail/target_observation__type_support.cpp.o
[ 34%] Building CXX object CMakeFiles/uav_visual_landing__rosidl_typesupport_introspection_cpp.dir/rosidl_typesupport_introspection_cpp/uav_visual_landing/msg/detail/landing_controller_state__type_support.cpp.o
[ 38%] Building CXX object CMakeFiles/uav_visual_landing__rosidl_typesupport_fastrtps_cpp.dir/rosidl_typesupport_fastrtps_cpp/uav_visual_landing/msg/detail/dds_fastrtps/landing_controller_state__type_support.cpp.o
[ 38%] Building CXX object CMakeFiles/uav_visual_landing__rosidl_typesupport_fastrtps_cpp.dir/rosidl_typesupport_fastrtps_cpp/uav_visual_landing/msg/detail/dds_fastrtps/target_observation__type_support.cpp.o
[ 40%] Linking CXX static library libgtest_main.a
[ 42%] Building C object CMakeFiles/uav_visual_landing__rosidl_typesupport_introspection_c.dir/rosidl_typesupport_introspection_c/uav_visual_landing/msg/detail/landing_controller_state__type_support.c.o
[ 44%] Building C object CMakeFiles/uav_visual_landing__rosidl_typesupport_introspection_c.dir/rosidl_typesupport_introspection_c/uav_visual_landing/msg/detail/target_observation__type_support.c.o
[ 46%] Linking C shared library libuav_visual_landing__rosidl_typesupport_introspection_c.so
[ 48%] Building CXX object CMakeFiles/uav_visual_landing__rosidl_typesupport_c.dir/rosidl_typesupport_c/uav_visual_landing/msg/target_observation__type_support.cpp.o
[ 51%] Building CXX object CMakeFiles/uav_visual_landing__rosidl_typesupport_c.dir/rosidl_typesupport_c/uav_visual_landing/msg/landing_controller_state__type_support.cpp.o
[ 51%] Built target gtest_main
[ 51%] Built target uav_visual_landing__rosidl_typesupport_introspection_c
[ 53%] Linking CXX shared library libuav_visual_landing__rosidl_typesupport_cpp.so
[ 55%] Linking CXX shared library libuav_visual_landing__rosidl_typesupport_c.so
[ 55%] Built target uav_visual_landing__rosidl_typesupport_c
[ 57%] Linking CXX shared library libuav_visual_landing__rosidl_typesupport_introspection_cpp.so
[ 57%] Built target uav_visual_landing__rosidl_typesupport_cpp
[ 59%] Building CXX object CMakeFiles/uav_visual_landing__rosidl_typesupport_fastrtps_c.dir/rosidl_typesupport_fastrtps_c/uav_visual_landing/msg/detail/target_observation__type_support_c.cpp.o
[ 61%] Building CXX object CMakeFiles/uav_visual_landing__rosidl_typesupport_fastrtps_c.dir/rosidl_typesupport_fastrtps_c/uav_visual_landing/msg/detail/landing_controller_state__type_support_c.cpp.o
[ 61%] Built target uav_visual_landing__rosidl_typesupport_introspection_cpp
[ 63%] Linking CXX shared library libuav_visual_landing__rosidl_typesupport_fastrtps_cpp.so
[ 63%] Built target uav_visual_landing__rosidl_typesupport_fastrtps_cpp
[ 65%] Linking CXX shared library libuav_visual_landing__rosidl_typesupport_fastrtps_c.so
[ 65%] Built target uav_visual_landing__rosidl_typesupport_fastrtps_c
[ 65%] Built target uav_visual_landing
[ 71%] Generating Python code for ROS interfaces
[ 71%] Building CXX object CMakeFiles/aruco_detector_node.dir/src/aruco_detector_node.cpp.o
[ 71%] Building CXX object CMakeFiles/visual_landing_node.dir/src/visual_landing_node.cpp.o
[ 71%] Built target uav_visual_landing__py
[ 73%] Building C object CMakeFiles/uav_visual_landing__rosidl_generator_py.dir/rosidl_generator_py/uav_visual_landing/msg/_landing_controller_state_s.c.o
[ 75%] Building C object CMakeFiles/uav_visual_landing__rosidl_generator_py.dir/rosidl_generator_py/uav_visual_landing/msg/_target_observation_s.c.o
[ 77%] Linking C shared library rosidl_generator_py/uav_visual_landing/libuav_visual_landing__rosidl_generator_py.so
[ 77%] Built target uav_visual_landing__rosidl_generator_py
[ 79%] Building C object CMakeFiles/uav_visual_landing__rosidl_typesupport_c__pyext.dir/rosidl_generator_py/uav_visual_landing/_uav_visual_landing_s.ep.rosidl_typesupport_c.c.o
[ 81%] Building C object CMakeFiles/uav_visual_landing__rosidl_typesupport_fastrtps_c__pyext.dir/rosidl_generator_py/uav_visual_landing/_uav_visual_landing_s.ep.rosidl_typesupport_fastrtps_c.c.o
[ 83%] Building C object CMakeFiles/uav_visual_landing__rosidl_typesupport_introspection_c__pyext.dir/rosidl_generator_py/uav_visual_landing/_uav_visual_landing_s.ep.rosidl_typesupport_introspection_c.c.o
[ 85%] Linking C shared library rosidl_generator_py/uav_visual_landing/uav_visual_landing_s__rosidl_typesupport_introspection_c.cpython-310-x86_64-linux-gnu.so
[ 87%] Linking C shared library rosidl_generator_py/uav_visual_landing/uav_visual_landing_s__rosidl_typesupport_c.cpython-310-x86_64-linux-gnu.so
[ 87%] Built target uav_visual_landing__rosidl_typesupport_c__pyext
[ 87%] Built target uav_visual_landing__rosidl_typesupport_introspection_c__pyext
[ 89%] Linking C shared library rosidl_generator_py/uav_visual_landing/uav_visual_landing_s__rosidl_typesupport_fastrtps_c.cpython-310-x86_64-linux-gnu.so
[ 89%] Built target uav_visual_landing__rosidl_typesupport_fastrtps_c__pyext
[ 91%] Linking CXX static library libgtest.a
[ 91%] Built target gtest
[ 93%] Building CXX object CMakeFiles/test_visual_landing_logic.dir/test/test_visual_landing_logic.cpp.o
[ 95%] Linking CXX executable test_visual_landing_logic
[ 95%] Built target test_visual_landing_logic
[ 97%] Linking CXX executable aruco_detector_node
[ 97%] Built target aruco_detector_node
[100%] Linking CXX executable visual_landing_node
[100%] Built target visual_landing_node
-- Install configuration: ""
-- Installing: /home/th1rt3en/doco/uav_hw/src/workspace/doco_uav/install_static_scan/uav_visual_landing/share/ament_index/resource_index/rosidl_interfaces/uav_visual_landing
-- Installing: /home/th1rt3en/doco/uav_hw/src/workspace/doco_uav/install_static_scan/uav_visual_landing/include/uav_visual_landing/uav_visual_landing
-- Installing: /home/th1rt3en/doco/uav_hw/src/workspace/doco_uav/install_static_scan/uav_visual_landing/include/uav_visual_landing/uav_visual_landing/msg
-- Installing: /home/th1rt3en/doco/uav_hw/src/workspace/doco_uav/install_static_scan/uav_visual_landing/include/uav_visual_landing/uav_visual_landing/msg/landing_controller_state.h
-- Installing: /home/th1rt3en/doco/uav_hw/src/workspace/doco_uav/install_static_scan/uav_visual_landing/include/uav_visual_landing/uav_visual_landing/msg/detail
-- Installing: /home/th1rt3en/doco/uav_hw/src/workspace/doco_uav/install_static_scan/uav_visual_landing/include/uav_visual_landing/uav_visual_landing/msg/detail/target_observation__type_support.h
-- Installing: /home/th1rt3en/doco/uav_hw/src/workspace/doco_uav/install_static_scan/uav_visual_landing/include/uav_visual_landing/uav_visual_landing/msg/detail/target_observation__functions.c
-- Installing: /home/th1rt3en/doco/uav_hw/src/workspace/doco_uav/install_static_scan/uav_visual_landing/include/uav_visual_landing/uav_visual_landing/msg/detail/landing_controller_state__struct.h
-- Installing: /home/th1rt3en/doco/uav_hw/src/workspace/doco_uav/install_static_scan/uav_visual_landing/include/uav_visual_landing/uav_visual_landing/msg/detail/landing_controller_state__type_support.h
-- Installing: /home/th1rt3en/doco/uav_hw/src/workspace/doco_uav/install_static_scan/uav_visual_landing/include/uav_visual_landing/uav_visual_landing/msg/detail/target_observation__struct.h
-- Installing: /home/th1rt3en/doco/uav_hw/src/workspace/doco_uav/install_static_scan/uav_visual_landing/include/uav_visual_landing/uav_visual_landing/msg/detail/target_observation__functions.h
-- Installing: /home/th1rt3en/doco/uav_hw/src/workspace/doco_uav/install_static_scan/uav_visual_landing/include/uav_visual_landing/uav_visual_landing/msg/detail/landing_controller_state__functions.c
-- Installing: /home/th1rt3en/doco/uav_hw/src/workspace/doco_uav/install_static_scan/uav_visual_landing/include/uav_visual_landing/uav_visual_landing/msg/detail/landing_controller_state__functions.h
-- Installing: /home/th1rt3en/doco/uav_hw/src/workspace/doco_uav/install_static_scan/uav_visual_landing/include/uav_visual_landing/uav_visual_landing/msg/rosidl_generator_c__visibility_control.h
-- Installing: /home/th1rt3en/doco/uav_hw/src/workspace/doco_uav/install_static_scan/uav_visual_landing/include/uav_visual_landing/uav_visual_landing/msg/target_observation.h
-- Installing: /home/th1rt3en/doco/uav_hw/src/workspace/doco_uav/install_static_scan/uav_visual_landing/share/uav_visual_landing/environment/library_path.sh
-- Installing: /home/th1rt3en/doco/uav_hw/src/workspace/doco_uav/install_static_scan/uav_visual_landing/share/uav_visual_landing/environment/library_path.dsv
-- Installing: /home/th1rt3en/doco/uav_hw/src/workspace/doco_uav/install_static_scan/uav_visual_landing/lib/libuav_visual_landing__rosidl_generator_c.so
-- Set runtime path of "/home/th1rt3en/doco/uav_hw/src/workspace/doco_uav/install_static_scan/uav_visual_landing/lib/libuav_visual_landing__rosidl_generator_c.so" to ""
-- Up-to-date: /home/th1rt3en/doco/uav_hw/src/workspace/doco_uav/install_static_scan/uav_visual_landing/include/uav_visual_landing/uav_visual_landing
-- Up-to-date: /home/th1rt3en/doco/uav_hw/src/workspace/doco_uav/install_static_scan/uav_visual_landing/include/uav_visual_landing/uav_visual_landing/msg
-- Up-to-date: /home/th1rt3en/doco/uav_hw/src/workspace/doco_uav/install_static_scan/uav_visual_landing/include/uav_visual_landing/uav_visual_landing/msg/detail
-- Installing: /home/th1rt3en/doco/uav_hw/src/workspace/doco_uav/install_static_scan/uav_visual_landing/include/uav_visual_landing/uav_visual_landing/msg/detail/target_observation__rosidl_typesupport_fastrtps_c.h
-- Installing: /home/th1rt3en/doco/uav_hw/src/workspace/doco_uav/install_static_scan/uav_visual_landing/include/uav_visual_landing/uav_visual_landing/msg/detail/landing_controller_state__rosidl_typesupport_fastrtps_c.h
-- Installing: /home/th1rt3en/doco/uav_hw/src/workspace/doco_uav/install_static_scan/uav_visual_landing/include/uav_visual_landing/uav_visual_landing/msg/rosidl_typesupport_fastrtps_c__visibility_control.h
-- Installing: /home/th1rt3en/doco/uav_hw/src/workspace/doco_uav/install_static_scan/uav_visual_landing/lib/libuav_visual_landing__rosidl_typesupport_fastrtps_c.so
-- Set runtime path of "/home/th1rt3en/doco/uav_hw/src/workspace/doco_uav/install_static_scan/uav_visual_landing/lib/libuav_visual_landing__rosidl_typesupport_fastrtps_c.so" to ""
-- Up-to-date: /home/th1rt3en/doco/uav_hw/src/workspace/doco_uav/install_static_scan/uav_visual_landing/include/uav_visual_landing/uav_visual_landing
-- Up-to-date: /home/th1rt3en/doco/uav_hw/src/workspace/doco_uav/install_static_scan/uav_visual_landing/include/uav_visual_landing/uav_visual_landing/msg
-- Installing: /home/th1rt3en/doco/uav_hw/src/workspace/doco_uav/install_static_scan/uav_visual_landing/include/uav_visual_landing/uav_visual_landing/msg/landing_controller_state.hpp
-- Installing: /home/th1rt3en/doco/uav_hw/src/workspace/doco_uav/install_static_scan/uav_visual_landing/include/uav_visual_landing/uav_visual_landing/msg/rosidl_generator_cpp__visibility_control.hpp
-- Up-to-date: /home/th1rt3en/doco/uav_hw/src/workspace/doco_uav/install_static_scan/uav_visual_landing/include/uav_visual_landing/uav_visual_landing/msg/detail
-- Installing: /home/th1rt3en/doco/uav_hw/src/workspace/doco_uav/install_static_scan/uav_visual_landing/include/uav_visual_landing/uav_visual_landing/msg/detail/landing_controller_state__builder.hpp
-- Installing: /home/th1rt3en/doco/uav_hw/src/workspace/doco_uav/install_static_scan/uav_visual_landing/include/uav_visual_landing/uav_visual_landing/msg/detail/target_observation__type_support.hpp
-- Installing: /home/th1rt3en/doco/uav_hw/src/workspace/doco_uav/install_static_scan/uav_visual_landing/include/uav_visual_landing/uav_visual_landing/msg/detail/landing_controller_state__traits.hpp
-- Installing: /home/th1rt3en/doco/uav_hw/src/workspace/doco_uav/install_static_scan/uav_visual_landing/include/uav_visual_landing/uav_visual_landing/msg/detail/target_observation__builder.hpp
-- Installing: /home/th1rt3en/doco/uav_hw/src/workspace/doco_uav/install_static_scan/uav_visual_landing/include/uav_visual_landing/uav_visual_landing/msg/detail/target_observation__struct.hpp
-- Installing: /home/th1rt3en/doco/uav_hw/src/workspace/doco_uav/install_static_scan/uav_visual_landing/include/uav_visual_landing/uav_visual_landing/msg/detail/target_observation__traits.hpp
-- Installing: /home/th1rt3en/doco/uav_hw/src/workspace/doco_uav/install_static_scan/uav_visual_landing/include/uav_visual_landing/uav_visual_landing/msg/detail/landing_controller_state__struct.hpp
-- Installing: /home/th1rt3en/doco/uav_hw/src/workspace/doco_uav/install_static_scan/uav_visual_landing/include/uav_visual_landing/uav_visual_landing/msg/detail/landing_controller_state__type_support.hpp
-- Installing: /home/th1rt3en/doco/uav_hw/src/workspace/doco_uav/install_static_scan/uav_visual_landing/include/uav_visual_landing/uav_visual_landing/msg/target_observation.hpp
-- Up-to-date: /home/th1rt3en/doco/uav_hw/src/workspace/doco_uav/install_static_scan/uav_visual_landing/include/uav_visual_landing/uav_visual_landing
-- Up-to-date: /home/th1rt3en/doco/uav_hw/src/workspace/doco_uav/install_static_scan/uav_visual_landing/include/uav_visual_landing/uav_visual_landing/msg
-- Up-to-date: /home/th1rt3en/doco/uav_hw/src/workspace/doco_uav/install_static_scan/uav_visual_landing/include/uav_visual_landing/uav_visual_landing/msg/detail
-- Installing: /home/th1rt3en/doco/uav_hw/src/workspace/doco_uav/install_static_scan/uav_visual_landing/include/uav_visual_landing/uav_visual_landing/msg/detail/landing_controller_state__rosidl_typesupport_fastrtps_cpp.hpp
-- Installing: /home/th1rt3en/doco/uav_hw/src/workspace/doco_uav/install_static_scan/uav_visual_landing/include/uav_visual_landing/uav_visual_landing/msg/detail/target_observation__rosidl_typesupport_fastrtps_cpp.hpp
-- Installing: /home/th1rt3en/doco/uav_hw/src/workspace/doco_uav/install_static_scan/uav_visual_landing/include/uav_visual_landing/uav_visual_landing/msg/detail/dds_fastrtps
-- Installing: /home/th1rt3en/doco/uav_hw/src/workspace/doco_uav/install_static_scan/uav_visual_landing/include/uav_visual_landing/uav_visual_landing/msg/rosidl_typesupport_fastrtps_cpp__visibility_control.h
-- Installing: /home/th1rt3en/doco/uav_hw/src/workspace/doco_uav/install_static_scan/uav_visual_landing/lib/libuav_visual_landing__rosidl_typesupport_fastrtps_cpp.so
-- Set runtime path of "/home/th1rt3en/doco/uav_hw/src/workspace/doco_uav/install_static_scan/uav_visual_landing/lib/libuav_visual_landing__rosidl_typesupport_fastrtps_cpp.so" to ""
-- Up-to-date: /home/th1rt3en/doco/uav_hw/src/workspace/doco_uav/install_static_scan/uav_visual_landing/include/uav_visual_landing/uav_visual_landing
-- Up-to-date: /home/th1rt3en/doco/uav_hw/src/workspace/doco_uav/install_static_scan/uav_visual_landing/include/uav_visual_landing/uav_visual_landing/msg
-- Installing: /home/th1rt3en/doco/uav_hw/src/workspace/doco_uav/install_static_scan/uav_visual_landing/include/uav_visual_landing/uav_visual_landing/msg/rosidl_typesupport_introspection_c__visibility_control.h
-- Up-to-date: /home/th1rt3en/doco/uav_hw/src/workspace/doco_uav/install_static_scan/uav_visual_landing/include/uav_visual_landing/uav_visual_landing/msg/detail
-- Installing: /home/th1rt3en/doco/uav_hw/src/workspace/doco_uav/install_static_scan/uav_visual_landing/include/uav_visual_landing/uav_visual_landing/msg/detail/landing_controller_state__rosidl_typesupport_introspection_c.h
-- Installing: /home/th1rt3en/doco/uav_hw/src/workspace/doco_uav/install_static_scan/uav_visual_landing/include/uav_visual_landing/uav_visual_landing/msg/detail/landing_controller_state__type_support.c
-- Installing: /home/th1rt3en/doco/uav_hw/src/workspace/doco_uav/install_static_scan/uav_visual_landing/include/uav_visual_landing/uav_visual_landing/msg/detail/target_observation__rosidl_typesupport_introspection_c.h
-- Installing: /home/th1rt3en/doco/uav_hw/src/workspace/doco_uav/install_static_scan/uav_visual_landing/include/uav_visual_landing/uav_visual_landing/msg/detail/target_observation__type_support.c
-- Installing: /home/th1rt3en/doco/uav_hw/src/workspace/doco_uav/install_static_scan/uav_visual_landing/lib/libuav_visual_landing__rosidl_typesupport_introspection_c.so
-- Set runtime path of "/home/th1rt3en/doco/uav_hw/src/workspace/doco_uav/install_static_scan/uav_visual_landing/lib/libuav_visual_landing__rosidl_typesupport_introspection_c.so" to ""
-- Installing: /home/th1rt3en/doco/uav_hw/src/workspace/doco_uav/install_static_scan/uav_visual_landing/lib/libuav_visual_landing__rosidl_typesupport_c.so
-- Set runtime path of "/home/th1rt3en/doco/uav_hw/src/workspace/doco_uav/install_static_scan/uav_visual_landing/lib/libuav_visual_landing__rosidl_typesupport_c.so" to ""
-- Up-to-date: /home/th1rt3en/doco/uav_hw/src/workspace/doco_uav/install_static_scan/uav_visual_landing/include/uav_visual_landing/uav_visual_landing
-- Up-to-date: /home/th1rt3en/doco/uav_hw/src/workspace/doco_uav/install_static_scan/uav_visual_landing/include/uav_visual_landing/uav_visual_landing/msg
-- Up-to-date: /home/th1rt3en/doco/uav_hw/src/workspace/doco_uav/install_static_scan/uav_visual_landing/include/uav_visual_landing/uav_visual_landing/msg/detail
-- Installing: /home/th1rt3en/doco/uav_hw/src/workspace/doco_uav/install_static_scan/uav_visual_landing/include/uav_visual_landing/uav_visual_landing/msg/detail/target_observation__type_support.cpp
-- Installing: /home/th1rt3en/doco/uav_hw/src/workspace/doco_uav/install_static_scan/uav_visual_landing/include/uav_visual_landing/uav_visual_landing/msg/detail/target_observation__rosidl_typesupport_introspection_cpp.hpp
-- Installing: /home/th1rt3en/doco/uav_hw/src/workspace/doco_uav/install_static_scan/uav_visual_landing/include/uav_visual_landing/uav_visual_landing/msg/detail/landing_controller_state__type_support.cpp
-- Installing: /home/th1rt3en/doco/uav_hw/src/workspace/doco_uav/install_static_scan/uav_visual_landing/include/uav_visual_landing/uav_visual_landing/msg/detail/landing_controller_state__rosidl_typesupport_introspection_cpp.hpp
-- Installing: /home/th1rt3en/doco/uav_hw/src/workspace/doco_uav/install_static_scan/uav_visual_landing/lib/libuav_visual_landing__rosidl_typesupport_introspection_cpp.so
-- Set runtime path of "/home/th1rt3en/doco/uav_hw/src/workspace/doco_uav/install_static_scan/uav_visual_landing/lib/libuav_visual_landing__rosidl_typesupport_introspection_cpp.so" to ""
-- Installing: /home/th1rt3en/doco/uav_hw/src/workspace/doco_uav/install_static_scan/uav_visual_landing/lib/libuav_visual_landing__rosidl_typesupport_cpp.so
-- Set runtime path of "/home/th1rt3en/doco/uav_hw/src/workspace/doco_uav/install_static_scan/uav_visual_landing/lib/libuav_visual_landing__rosidl_typesupport_cpp.so" to ""
-- Installing: /home/th1rt3en/doco/uav_hw/src/workspace/doco_uav/install_static_scan/uav_visual_landing/share/uav_visual_landing/environment/pythonpath.sh
-- Installing: /home/th1rt3en/doco/uav_hw/src/workspace/doco_uav/install_static_scan/uav_visual_landing/share/uav_visual_landing/environment/pythonpath.dsv
-- Installing: /home/th1rt3en/doco/uav_hw/src/workspace/doco_uav/install_static_scan/uav_visual_landing/local/lib/python3.10/dist-packages/uav_visual_landing-0.0.0-py3.10.egg-info
-- Installing: /home/th1rt3en/doco/uav_hw/src/workspace/doco_uav/install_static_scan/uav_visual_landing/local/lib/python3.10/dist-packages/uav_visual_landing-0.0.0-py3.10.egg-info/top_level.txt
-- Installing: /home/th1rt3en/doco/uav_hw/src/workspace/doco_uav/install_static_scan/uav_visual_landing/local/lib/python3.10/dist-packages/uav_visual_landing-0.0.0-py3.10.egg-info/PKG-INFO
-- Installing: /home/th1rt3en/doco/uav_hw/src/workspace/doco_uav/install_static_scan/uav_visual_landing/local/lib/python3.10/dist-packages/uav_visual_landing-0.0.0-py3.10.egg-info/SOURCES.txt
-- Installing: /home/th1rt3en/doco/uav_hw/src/workspace/doco_uav/install_static_scan/uav_visual_landing/local/lib/python3.10/dist-packages/uav_visual_landing-0.0.0-py3.10.egg-info/dependency_links.txt
-- Installing: /home/th1rt3en/doco/uav_hw/src/workspace/doco_uav/install_static_scan/uav_visual_landing/local/lib/python3.10/dist-packages/uav_visual_landing
-- Installing: /home/th1rt3en/doco/uav_hw/src/workspace/doco_uav/install_static_scan/uav_visual_landing/local/lib/python3.10/dist-packages/uav_visual_landing/libuav_visual_landing__rosidl_generator_py.so
-- Installing: /home/th1rt3en/doco/uav_hw/src/workspace/doco_uav/install_static_scan/uav_visual_landing/local/lib/python3.10/dist-packages/uav_visual_landing/__init__.py
-- Installing: /home/th1rt3en/doco/uav_hw/src/workspace/doco_uav/install_static_scan/uav_visual_landing/local/lib/python3.10/dist-packages/uav_visual_landing/_uav_visual_landing_s.ep.rosidl_typesupport_introspection_c.c
-- Installing: /home/th1rt3en/doco/uav_hw/src/workspace/doco_uav/install_static_scan/uav_visual_landing/local/lib/python3.10/dist-packages/uav_visual_landing/uav_visual_landing_s__rosidl_typesupport_c.cpython-310-x86_64-linux-gnu.so
-- Installing: /home/th1rt3en/doco/uav_hw/src/workspace/doco_uav/install_static_scan/uav_visual_landing/local/lib/python3.10/dist-packages/uav_visual_landing/uav_visual_landing_s__rosidl_typesupport_introspection_c.cpython-310-x86_64-linux-gnu.so
-- Installing: /home/th1rt3en/doco/uav_hw/src/workspace/doco_uav/install_static_scan/uav_visual_landing/local/lib/python3.10/dist-packages/uav_visual_landing/_uav_visual_landing_s.ep.rosidl_typesupport_fastrtps_c.c
-- Installing: /home/th1rt3en/doco/uav_hw/src/workspace/doco_uav/install_static_scan/uav_visual_landing/local/lib/python3.10/dist-packages/uav_visual_landing/uav_visual_landing_s__rosidl_typesupport_fastrtps_c.cpython-310-x86_64-linux-gnu.so
-- Installing: /home/th1rt3en/doco/uav_hw/src/workspace/doco_uav/install_static_scan/uav_visual_landing/local/lib/python3.10/dist-packages/uav_visual_landing/msg
-- Installing: /home/th1rt3en/doco/uav_hw/src/workspace/doco_uav/install_static_scan/uav_visual_landing/local/lib/python3.10/dist-packages/uav_visual_landing/msg/_target_observation_s.c
-- Installing: /home/th1rt3en/doco/uav_hw/src/workspace/doco_uav/install_static_scan/uav_visual_landing/local/lib/python3.10/dist-packages/uav_visual_landing/msg/_landing_controller_state_s.c
-- Installing: /home/th1rt3en/doco/uav_hw/src/workspace/doco_uav/install_static_scan/uav_visual_landing/local/lib/python3.10/dist-packages/uav_visual_landing/msg/__init__.py
-- Installing: /home/th1rt3en/doco/uav_hw/src/workspace/doco_uav/install_static_scan/uav_visual_landing/local/lib/python3.10/dist-packages/uav_visual_landing/msg/_landing_controller_state.py
-- Installing: /home/th1rt3en/doco/uav_hw/src/workspace/doco_uav/install_static_scan/uav_visual_landing/local/lib/python3.10/dist-packages/uav_visual_landing/msg/_target_observation.py
-- Installing: /home/th1rt3en/doco/uav_hw/src/workspace/doco_uav/install_static_scan/uav_visual_landing/local/lib/python3.10/dist-packages/uav_visual_landing/_uav_visual_landing_s.ep.rosidl_typesupport_c.c
Listing '/home/th1rt3en/doco/uav_hw/src/workspace/doco_uav/install_static_scan/uav_visual_landing/local/lib/python3.10/dist-packages/uav_visual_landing'...
Compiling '/home/th1rt3en/doco/uav_hw/src/workspace/doco_uav/install_static_scan/uav_visual_landing/local/lib/python3.10/dist-packages/uav_visual_landing/__init__.py'...
Listing '/home/th1rt3en/doco/uav_hw/src/workspace/doco_uav/install_static_scan/uav_visual_landing/local/lib/python3.10/dist-packages/uav_visual_landing/msg'...
Compiling '/home/th1rt3en/doco/uav_hw/src/workspace/doco_uav/install_static_scan/uav_visual_landing/local/lib/python3.10/dist-packages/uav_visual_landing/msg/__init__.py'...
Compiling '/home/th1rt3en/doco/uav_hw/src/workspace/doco_uav/install_static_scan/uav_visual_landing/local/lib/python3.10/dist-packages/uav_visual_landing/msg/_landing_controller_state.py'...
Compiling '/home/th1rt3en/doco/uav_hw/src/workspace/doco_uav/install_static_scan/uav_visual_landing/local/lib/python3.10/dist-packages/uav_visual_landing/msg/_target_observation.py'...
-- Installing: /home/th1rt3en/doco/uav_hw/src/workspace/doco_uav/install_static_scan/uav_visual_landing/local/lib/python3.10/dist-packages/uav_visual_landing/uav_visual_landing_s__rosidl_typesupport_fastrtps_c.cpython-310-x86_64-linux-gnu.so
-- Set runtime path of "/home/th1rt3en/doco/uav_hw/src/workspace/doco_uav/install_static_scan/uav_visual_landing/local/lib/python3.10/dist-packages/uav_visual_landing/uav_visual_landing_s__rosidl_typesupport_fastrtps_c.cpython-310-x86_64-linux-gnu.so" to ""
-- Installing: /home/th1rt3en/doco/uav_hw/src/workspace/doco_uav/install_static_scan/uav_visual_landing/local/lib/python3.10/dist-packages/uav_visual_landing/uav_visual_landing_s__rosidl_typesupport_introspection_c.cpython-310-x86_64-linux-gnu.so
-- Set runtime path of "/home/th1rt3en/doco/uav_hw/src/workspace/doco_uav/install_static_scan/uav_visual_landing/local/lib/python3.10/dist-packages/uav_visual_landing/uav_visual_landing_s__rosidl_typesupport_introspection_c.cpython-310-x86_64-linux-gnu.so" to ""
-- Installing: /home/th1rt3en/doco/uav_hw/src/workspace/doco_uav/install_static_scan/uav_visual_landing/local/lib/python3.10/dist-packages/uav_visual_landing/uav_visual_landing_s__rosidl_typesupport_c.cpython-310-x86_64-linux-gnu.so
-- Set runtime path of "/home/th1rt3en/doco/uav_hw/src/workspace/doco_uav/install_static_scan/uav_visual_landing/local/lib/python3.10/dist-packages/uav_visual_landing/uav_visual_landing_s__rosidl_typesupport_c.cpython-310-x86_64-linux-gnu.so" to ""
-- Installing: /home/th1rt3en/doco/uav_hw/src/workspace/doco_uav/install_static_scan/uav_visual_landing/lib/libuav_visual_landing__rosidl_generator_py.so
-- Set runtime path of "/home/th1rt3en/doco/uav_hw/src/workspace/doco_uav/install_static_scan/uav_visual_landing/lib/libuav_visual_landing__rosidl_generator_py.so" to ""
-- Installing: /home/th1rt3en/doco/uav_hw/src/workspace/doco_uav/install_static_scan/uav_visual_landing/share/uav_visual_landing/msg/TargetObservation.idl
-- Installing: /home/th1rt3en/doco/uav_hw/src/workspace/doco_uav/install_static_scan/uav_visual_landing/share/uav_visual_landing/msg/LandingControllerState.idl
-- Installing: /home/th1rt3en/doco/uav_hw/src/workspace/doco_uav/install_static_scan/uav_visual_landing/share/uav_visual_landing/msg/TargetObservation.msg
-- Installing: /home/th1rt3en/doco/uav_hw/src/workspace/doco_uav/install_static_scan/uav_visual_landing/share/uav_visual_landing/msg/LandingControllerState.msg
-- Installing: /home/th1rt3en/doco/uav_hw/src/workspace/doco_uav/install_static_scan/uav_visual_landing/lib/uav_visual_landing/aruco_detector_node
-- Set runtime path of "/home/th1rt3en/doco/uav_hw/src/workspace/doco_uav/install_static_scan/uav_visual_landing/lib/uav_visual_landing/aruco_detector_node" to ""
-- Installing: /home/th1rt3en/doco/uav_hw/src/workspace/doco_uav/install_static_scan/uav_visual_landing/lib/uav_visual_landing/visual_landing_node
-- Set runtime path of "/home/th1rt3en/doco/uav_hw/src/workspace/doco_uav/install_static_scan/uav_visual_landing/lib/uav_visual_landing/visual_landing_node" to ""
-- Installing: /home/th1rt3en/doco/uav_hw/src/workspace/doco_uav/install_static_scan/uav_visual_landing/share/uav_visual_landing/config
-- Installing: /home/th1rt3en/doco/uav_hw/src/workspace/doco_uav/install_static_scan/uav_visual_landing/share/uav_visual_landing/config/visual_landing_stable.yaml
-- Up-to-date: /home/th1rt3en/doco/uav_hw/src/workspace/doco_uav/install_static_scan/uav_visual_landing/include
-- Up-to-date: /home/th1rt3en/doco/uav_hw/src/workspace/doco_uav/install_static_scan/uav_visual_landing/include/uav_visual_landing
-- Installing: /home/th1rt3en/doco/uav_hw/src/workspace/doco_uav/install_static_scan/uav_visual_landing/include/uav_visual_landing/visual_landing_logic.hpp
-- Installing: /home/th1rt3en/doco/uav_hw/src/workspace/doco_uav/install_static_scan/uav_visual_landing/share/ament_index/resource_index/package_run_dependencies/uav_visual_landing
-- Installing: /home/th1rt3en/doco/uav_hw/src/workspace/doco_uav/install_static_scan/uav_visual_landing/share/ament_index/resource_index/parent_prefix_path/uav_visual_landing
-- Installing: /home/th1rt3en/doco/uav_hw/src/workspace/doco_uav/install_static_scan/uav_visual_landing/share/uav_visual_landing/environment/ament_prefix_path.sh
-- Installing: /home/th1rt3en/doco/uav_hw/src/workspace/doco_uav/install_static_scan/uav_visual_landing/share/uav_visual_landing/environment/ament_prefix_path.dsv
-- Installing: /home/th1rt3en/doco/uav_hw/src/workspace/doco_uav/install_static_scan/uav_visual_landing/share/uav_visual_landing/environment/path.sh
-- Installing: /home/th1rt3en/doco/uav_hw/src/workspace/doco_uav/install_static_scan/uav_visual_landing/share/uav_visual_landing/environment/path.dsv
-- Installing: /home/th1rt3en/doco/uav_hw/src/workspace/doco_uav/install_static_scan/uav_visual_landing/share/uav_visual_landing/local_setup.bash
-- Installing: /home/th1rt3en/doco/uav_hw/src/workspace/doco_uav/install_static_scan/uav_visual_landing/share/uav_visual_landing/local_setup.sh
-- Installing: /home/th1rt3en/doco/uav_hw/src/workspace/doco_uav/install_static_scan/uav_visual_landing/share/uav_visual_landing/local_setup.zsh
-- Installing: /home/th1rt3en/doco/uav_hw/src/workspace/doco_uav/install_static_scan/uav_visual_landing/share/uav_visual_landing/local_setup.dsv
-- Installing: /home/th1rt3en/doco/uav_hw/src/workspace/doco_uav/install_static_scan/uav_visual_landing/share/uav_visual_landing/package.dsv
-- Installing: /home/th1rt3en/doco/uav_hw/src/workspace/doco_uav/install_static_scan/uav_visual_landing/share/ament_index/resource_index/packages/uav_visual_landing
-- Installing: /home/th1rt3en/doco/uav_hw/src/workspace/doco_uav/install_static_scan/uav_visual_landing/share/uav_visual_landing/cmake/export_uav_visual_landing__rosidl_generator_cExport.cmake
-- Installing: /home/th1rt3en/doco/uav_hw/src/workspace/doco_uav/install_static_scan/uav_visual_landing/share/uav_visual_landing/cmake/export_uav_visual_landing__rosidl_generator_cExport-noconfig.cmake
-- Installing: /home/th1rt3en/doco/uav_hw/src/workspace/doco_uav/install_static_scan/uav_visual_landing/share/uav_visual_landing/cmake/export_uav_visual_landing__rosidl_typesupport_fastrtps_cExport.cmake
-- Installing: /home/th1rt3en/doco/uav_hw/src/workspace/doco_uav/install_static_scan/uav_visual_landing/share/uav_visual_landing/cmake/export_uav_visual_landing__rosidl_typesupport_fastrtps_cExport-noconfig.cmake
-- Installing: /home/th1rt3en/doco/uav_hw/src/workspace/doco_uav/install_static_scan/uav_visual_landing/share/uav_visual_landing/cmake/export_uav_visual_landing__rosidl_generator_cppExport.cmake
-- Installing: /home/th1rt3en/doco/uav_hw/src/workspace/doco_uav/install_static_scan/uav_visual_landing/share/uav_visual_landing/cmake/export_uav_visual_landing__rosidl_typesupport_fastrtps_cppExport.cmake
-- Installing: /home/th1rt3en/doco/uav_hw/src/workspace/doco_uav/install_static_scan/uav_visual_landing/share/uav_visual_landing/cmake/export_uav_visual_landing__rosidl_typesupport_fastrtps_cppExport-noconfig.cmake
-- Installing: /home/th1rt3en/doco/uav_hw/src/workspace/doco_uav/install_static_scan/uav_visual_landing/share/uav_visual_landing/cmake/uav_visual_landing__rosidl_typesupport_introspection_cExport.cmake
-- Installing: /home/th1rt3en/doco/uav_hw/src/workspace/doco_uav/install_static_scan/uav_visual_landing/share/uav_visual_landing/cmake/uav_visual_landing__rosidl_typesupport_introspection_cExport-noconfig.cmake
-- Installing: /home/th1rt3en/doco/uav_hw/src/workspace/doco_uav/install_static_scan/uav_visual_landing/share/uav_visual_landing/cmake/uav_visual_landing__rosidl_typesupport_cExport.cmake
-- Installing: /home/th1rt3en/doco/uav_hw/src/workspace/doco_uav/install_static_scan/uav_visual_landing/share/uav_visual_landing/cmake/uav_visual_landing__rosidl_typesupport_cExport-noconfig.cmake
-- Installing: /home/th1rt3en/doco/uav_hw/src/workspace/doco_uav/install_static_scan/uav_visual_landing/share/uav_visual_landing/cmake/uav_visual_landing__rosidl_typesupport_introspection_cppExport.cmake
-- Installing: /home/th1rt3en/doco/uav_hw/src/workspace/doco_uav/install_static_scan/uav_visual_landing/share/uav_visual_landing/cmake/uav_visual_landing__rosidl_typesupport_introspection_cppExport-noconfig.cmake
-- Installing: /home/th1rt3en/doco/uav_hw/src/workspace/doco_uav/install_static_scan/uav_visual_landing/share/uav_visual_landing/cmake/uav_visual_landing__rosidl_typesupport_cppExport.cmake
-- Installing: /home/th1rt3en/doco/uav_hw/src/workspace/doco_uav/install_static_scan/uav_visual_landing/share/uav_visual_landing/cmake/uav_visual_landing__rosidl_typesupport_cppExport-noconfig.cmake
-- Installing: /home/th1rt3en/doco/uav_hw/src/workspace/doco_uav/install_static_scan/uav_visual_landing/share/uav_visual_landing/cmake/export_uav_visual_landing__rosidl_generator_pyExport.cmake
-- Installing: /home/th1rt3en/doco/uav_hw/src/workspace/doco_uav/install_static_scan/uav_visual_landing/share/uav_visual_landing/cmake/export_uav_visual_landing__rosidl_generator_pyExport-noconfig.cmake
-- Installing: /home/th1rt3en/doco/uav_hw/src/workspace/doco_uav/install_static_scan/uav_visual_landing/share/uav_visual_landing/cmake/rosidl_cmake-extras.cmake
-- Installing: /home/th1rt3en/doco/uav_hw/src/workspace/doco_uav/install_static_scan/uav_visual_landing/share/uav_visual_landing/cmake/ament_cmake_export_dependencies-extras.cmake
-- Installing: /home/th1rt3en/doco/uav_hw/src/workspace/doco_uav/install_static_scan/uav_visual_landing/share/uav_visual_landing/cmake/ament_cmake_export_include_directories-extras.cmake
-- Installing: /home/th1rt3en/doco/uav_hw/src/workspace/doco_uav/install_static_scan/uav_visual_landing/share/uav_visual_landing/cmake/ament_cmake_export_libraries-extras.cmake
-- Installing: /home/th1rt3en/doco/uav_hw/src/workspace/doco_uav/install_static_scan/uav_visual_landing/share/uav_visual_landing/cmake/ament_cmake_export_targets-extras.cmake
-- Installing: /home/th1rt3en/doco/uav_hw/src/workspace/doco_uav/install_static_scan/uav_visual_landing/share/uav_visual_landing/cmake/rosidl_cmake_export_typesupport_targets-extras.cmake
-- Installing: /home/th1rt3en/doco/uav_hw/src/workspace/doco_uav/install_static_scan/uav_visual_landing/share/uav_visual_landing/cmake/rosidl_cmake_export_typesupport_libraries-extras.cmake
-- Installing: /home/th1rt3en/doco/uav_hw/src/workspace/doco_uav/install_static_scan/uav_visual_landing/share/uav_visual_landing/cmake/uav_visual_landingConfig.cmake
-- Installing: /home/th1rt3en/doco/uav_hw/src/workspace/doco_uav/install_static_scan/uav_visual_landing/share/uav_visual_landing/cmake/uav_visual_landingConfig-version.cmake
-- Installing: /home/th1rt3en/doco/uav_hw/src/workspace/doco_uav/install_static_scan/uav_visual_landing/share/uav_visual_landing/package.xml
