[0.021s] Invoking command in '/home/th1rt3en/doco/uav_hw/src/workspace/doco_uav/build_static_scan/uav_visual_landing': CMAKE_PREFIX_PATH=${CMAKE_PREFIX_PATH}:/home/th1rt3en/doco/sim_full/install/duojin01_bringup:/home/th1rt3en/doco/sim_full/install/ugv_bringup:/home/th1rt3en/doco/sim_full/install/ugv_description:/opt/ros/humble /usr/bin/cmake /home/th1rt3en/doco/uav_hw/src/workspace/doco_uav/src/uav_visual_landing -DBUILD_TESTING=ON -DCMAKE_EXPORT_COMPILE_COMMANDS=ON -DCMAKE_INSTALL_PREFIX=/home/th1rt3en/doco/uav_hw/src/workspace/doco_uav/install_static_scan/uav_visual_landing
[0.035s] -- Found ament_cmake: 1.3.13 (/opt/ros/humble/share/ament_cmake/cmake)
[0.183s] -- Found ament_cmake_gtest: 1.3.13 (/opt/ros/humble/share/ament_cmake_gtest/cmake)
[0.183s] -- Found rclcpp: 16.0.18 (/opt/ros/humble/share/rclcpp/cmake)
[0.215s] -- Found rosidl_generator_c: 3.1.8 (/opt/ros/humble/share/rosidl_generator_c/cmake)
[0.216s] -- Found rosidl_adapter: 3.1.8 (/opt/ros/humble/share/rosidl_adapter/cmake)
[0.221s] -- Found rosidl_generator_cpp: 3.1.8 (/opt/ros/humble/share/rosidl_generator_cpp/cmake)
[0.228s] -- Using all available rosidl_typesupport_c: rosidl_typesupport_fastrtps_c;rosidl_typesupport_introspection_c
[0.238s] -- Using all available rosidl_typesupport_cpp: rosidl_typesupport_fastrtps_cpp;rosidl_typesupport_introspection_cpp
[0.261s] -- Found rmw_implementation_cmake: 6.1.2 (/opt/ros/humble/share/rmw_implementation_cmake/cmake)
[0.263s] -- Found rmw_fastrtps_cpp: 6.2.10 (/opt/ros/humble/share/rmw_fastrtps_cpp/cmake)
[0.382s] -- Using RMW implementation 'rmw_fastrtps_cpp' as default
[0.416s] -- Found sensor_msgs: 4.9.1 (/opt/ros/humble/share/sensor_msgs/cmake)
[0.439s] -- Found nav_msgs: 4.9.1 (/opt/ros/humble/share/nav_msgs/cmake)
[0.460s] -- Found px4_msgs: 2.0.1 (/home/th1rt3en/doco/sim_full/install/px4_msgs/share/px4_msgs/cmake)
[0.483s] -- Found rosidl_default_generators: 1.2.0 (/opt/ros/humble/share/rosidl_default_generators/cmake)
[0.508s] -- Found std_srvs: 4.9.1 (/opt/ros/humble/share/std_srvs/cmake)
[0.521s] -- Found cv_bridge: 3.2.1 (/opt/ros/humble/share/cv_bridge/cmake)
[0.544s] -- Found image_transport: 3.1.12 (/opt/ros/humble/share/image_transport/cmake)
[0.599s] -- Found OpenCV: /usr (found version "4.5.4") found components: core imgproc calib3d aruco 
[0.905s] -- Found ament_cmake_ros: 0.10.0 (/opt/ros/humble/share/ament_cmake_ros/cmake)
[1.576s] -- Using all available rosidl_typesupport_c: rosidl_typesupport_fastrtps_c;rosidl_typesupport_introspection_c
[1.919s] -- Using all available rosidl_typesupport_cpp: rosidl_typesupport_fastrtps_cpp;rosidl_typesupport_introspection_cpp
[1.972s] -- Found PythonInterp: /usr/bin/python3 (found suitable version "3.10.12", minimum required is "3.6") 
[1.980s] -- Found python_cmake_module: 0.10.0 (/opt/ros/humble/share/python_cmake_module/cmake)
[2.064s] -- Found PythonLibs: /usr/lib/x86_64-linux-gnu/libpython3.10.so (found suitable version "3.10.12", minimum required is "3.5") 
[2.064s] -- Using PYTHON_EXECUTABLE: /usr/bin/python3
[2.064s] -- Using PYTHON_INCLUDE_DIRS: /usr/include/python3.10
[2.065s] -- Using PYTHON_LIBRARIES: /usr/lib/x86_64-linux-gnu/libpython3.10.so
[2.115s] -- Found PythonExtra: .so  
[2.286s] -- Found ament_lint_auto: 0.12.15 (/opt/ros/humble/share/ament_lint_auto/cmake)
[2.344s] -- Found gtest sources under '/opt/ros/humble/src/gtest_vendor': C++ tests using 'Google Test' will be built
[2.363s] -- Added test 'cppcheck' to perform static code analysis on C / C++ code
[2.364s] -- Configured cppcheck include dirs: /home/th1rt3en/doco/uav_hw/src/workspace/doco_uav/src/uav_visual_landing/include
[2.364s] -- Configured cppcheck exclude dirs and/or files: 
[2.368s] -- Added test 'lint_cmake' to check CMake code style
[2.369s] -- Added test 'uncrustify' to check C / C++ code style
[2.369s] -- Configured uncrustify additional arguments: 
[2.372s] -- Added test 'xmllint' to check XML markup files
[2.377s] -- Configuring done
[2.474s] -- Generating done
[2.501s] -- Build files have been written to: /home/th1rt3en/doco/uav_hw/src/workspace/doco_uav/build_static_scan/uav_visual_landing
[2.546s] Invoked command in '/home/th1rt3en/doco/uav_hw/src/workspace/doco_uav/build_static_scan/uav_visual_landing' returned '0': CMAKE_PREFIX_PATH=${CMAKE_PREFIX_PATH}:/home/th1rt3en/doco/sim_full/install/duojin01_bringup:/home/th1rt3en/doco/sim_full/install/ugv_bringup:/home/th1rt3en/doco/sim_full/install/ugv_description:/opt/ros/humble /usr/bin/cmake /home/th1rt3en/doco/uav_hw/src/workspace/doco_uav/src/uav_visual_landing -DBUILD_TESTING=ON -DCMAKE_EXPORT_COMPILE_COMMANDS=ON -DCMAKE_INSTALL_PREFIX=/home/th1rt3en/doco/uav_hw/src/workspace/doco_uav/install_static_scan/uav_visual_landing
[2.549s] Invoking command in '/home/th1rt3en/doco/uav_hw/src/workspace/doco_uav/build_static_scan/uav_visual_landing': CMAKE_PREFIX_PATH=${CMAKE_PREFIX_PATH}:/home/th1rt3en/doco/sim_full/install/duojin01_bringup:/home/th1rt3en/doco/sim_full/install/ugv_bringup:/home/th1rt3en/doco/sim_full/install/ugv_description:/opt/ros/humble /usr/bin/cmake --build /home/th1rt3en/doco/uav_hw/src/workspace/doco_uav/build_static_scan/uav_visual_landing -- -j16 -l16
[2.624s] [  2%] Generating C code for ROS interfaces
[2.645s] [  4%] Generating C++ code for ROS interfaces
[2.652s] [  6%] Building CXX object gtest/CMakeFiles/gtest.dir/src/gtest-all.cc.o
[2.663s] [  8%] Building CXX object gtest/CMakeFiles/gtest_main.dir/src/gtest_main.cc.o
[2.681s] [  8%] Built target ament_cmake_python_copy_uav_visual_landing
[3.201s] running egg_info
[3.202s] creating uav_visual_landing.egg-info
[3.203s] writing uav_visual_landing.egg-info/PKG-INFO
[3.204s] writing dependency_links to uav_visual_landing.egg-info/dependency_links.txt
[3.207s] writing top-level names to uav_visual_landing.egg-info/top_level.txt
[3.207s] writing manifest file 'uav_visual_landing.egg-info/SOURCES.txt'
[3.222s] reading manifest file 'uav_visual_landing.egg-info/SOURCES.txt'
[3.223s] writing manifest file 'uav_visual_landing.egg-info/SOURCES.txt'
[3.361s] [  8%] Built target ament_cmake_python_build_uav_visual_landing_egg
[3.461s] [  8%] Built target uav_visual_landing__cpp
[3.483s] [ 12%] Building C object CMakeFiles/uav_visual_landing__rosidl_generator_c.dir/rosidl_generator_c/uav_visual_landing/msg/detail/target_observation__functions.c.o
[3.483s] [ 12%] Generating C++ type support dispatch for ROS interfaces
[3.500s] [ 16%] Generating C++ introspection for ROS interfaces
[3.508s] [ 16%] Generating C++ type support for eProsima Fast-RTPS
[3.508s] [ 18%] Building C object CMakeFiles/uav_visual_landing__rosidl_generator_c.dir/rosidl_generator_c/uav_visual_landing/msg/detail/landing_controller_state__functions.c.o
[3.683s] [ 20%] Linking C shared library libuav_visual_landing__rosidl_generator_c.so
[3.875s] [ 20%] Built target uav_visual_landing__rosidl_generator_c
[3.918s] [ 22%] Generating C type support for eProsima Fast-RTPS
[3.919s] [ 26%] Generating C type support dispatch for ROS interfaces
[3.925s] [ 24%] Generating C introspection for ROS interfaces
[4.111s] [ 28%] Building CXX object CMakeFiles/uav_visual_landing__rosidl_typesupport_cpp.dir/rosidl_typesupport_cpp/uav_visual_landing/msg/target_observation__type_support.cpp.o
[4.128s] [ 30%] Building CXX object CMakeFiles/uav_visual_landing__rosidl_typesupport_cpp.dir/rosidl_typesupport_cpp/uav_visual_landing/msg/landing_controller_state__type_support.cpp.o
[4.270s] [ 32%] Building CXX object CMakeFiles/uav_visual_landing__rosidl_typesupport_introspection_cpp.dir/rosidl_typesupport_introspection_cpp/uav_visual_landing/msg/detail/target_observation__type_support.cpp.o
[4.292s] [ 34%] Building CXX object CMakeFiles/uav_visual_landing__rosidl_typesupport_introspection_cpp.dir/rosidl_typesupport_introspection_cpp/uav_visual_landing/msg/detail/landing_controller_state__type_support.cpp.o
[4.450s] [ 38%] Building CXX object CMakeFiles/uav_visual_landing__rosidl_typesupport_fastrtps_cpp.dir/rosidl_typesupport_fastrtps_cpp/uav_visual_landing/msg/detail/dds_fastrtps/landing_controller_state__type_support.cpp.o
[4.456s] [ 38%] Building CXX object CMakeFiles/uav_visual_landing__rosidl_typesupport_fastrtps_cpp.dir/rosidl_typesupport_fastrtps_cpp/uav_visual_landing/msg/detail/dds_fastrtps/target_observation__type_support.cpp.o
[4.563s] [ 40%] Linking CXX static library libgtest_main.a
[4.614s] [ 42%] Building C object CMakeFiles/uav_visual_landing__rosidl_typesupport_introspection_c.dir/rosidl_typesupport_introspection_c/uav_visual_landing/msg/detail/landing_controller_state__type_support.c.o
[4.631s] [ 44%] Building C object CMakeFiles/uav_visual_landing__rosidl_typesupport_introspection_c.dir/rosidl_typesupport_introspection_c/uav_visual_landing/msg/detail/target_observation__type_support.c.o
[4.746s] [ 46%] Linking C shared library libuav_visual_landing__rosidl_typesupport_introspection_c.so
[4.763s] [ 48%] Building CXX object CMakeFiles/uav_visual_landing__rosidl_typesupport_c.dir/rosidl_typesupport_c/uav_visual_landing/msg/target_observation__type_support.cpp.o
[4.772s] [ 51%] Building CXX object CMakeFiles/uav_visual_landing__rosidl_typesupport_c.dir/rosidl_typesupport_c/uav_visual_landing/msg/landing_controller_state__type_support.cpp.o
[4.799s] [ 51%] Built target gtest_main
[4.858s] [ 51%] Built target uav_visual_landing__rosidl_typesupport_introspection_c
[4.869s] [ 53%] Linking CXX shared library libuav_visual_landing__rosidl_typesupport_cpp.so
[4.869s] [ 55%] Linking CXX shared library libuav_visual_landing__rosidl_typesupport_c.so
[4.981s] [ 55%] Built target uav_visual_landing__rosidl_typesupport_c
[4.985s] [ 57%] Linking CXX shared library libuav_visual_landing__rosidl_typesupport_introspection_cpp.so
[5.010s] [ 57%] Built target uav_visual_landing__rosidl_typesupport_cpp
[5.161s] [ 59%] Building CXX object CMakeFiles/uav_visual_landing__rosidl_typesupport_fastrtps_c.dir/rosidl_typesupport_fastrtps_c/uav_visual_landing/msg/detail/target_observation__type_support_c.cpp.o
[5.170s] [ 61%] Building CXX object CMakeFiles/uav_visual_landing__rosidl_typesupport_fastrtps_c.dir/rosidl_typesupport_fastrtps_c/uav_visual_landing/msg/detail/landing_controller_state__type_support_c.cpp.o
[5.197s] [ 61%] Built target uav_visual_landing__rosidl_typesupport_introspection_cpp
[5.216s] [ 63%] Linking CXX shared library libuav_visual_landing__rosidl_typesupport_fastrtps_cpp.so
[5.410s] [ 63%] Built target uav_visual_landing__rosidl_typesupport_fastrtps_cpp
[5.704s] [ 65%] Linking CXX shared library libuav_visual_landing__rosidl_typesupport_fastrtps_c.so
[5.894s] [ 65%] Built target uav_visual_landing__rosidl_typesupport_fastrtps_c
[5.938s] [ 65%] Built target uav_visual_landing
[5.980s] [ 71%] Generating Python code for ROS interfaces
[5.980s] [ 71%] Building CXX object CMakeFiles/aruco_detector_node.dir/src/aruco_detector_node.cpp.o
[5.980s] [ 71%] Building CXX object CMakeFiles/visual_landing_node.dir/src/visual_landing_node.cpp.o
[6.939s] [ 71%] Built target uav_visual_landing__py
[7.016s] [ 73%] Building C object CMakeFiles/uav_visual_landing__rosidl_generator_py.dir/rosidl_generator_py/uav_visual_landing/msg/_landing_controller_state_s.c.o
[7.016s] [ 75%] Building C object CMakeFiles/uav_visual_landing__rosidl_generator_py.dir/rosidl_generator_py/uav_visual_landing/msg/_target_observation_s.c.o
[7.399s] [ 77%] Linking C shared library rosidl_generator_py/uav_visual_landing/libuav_visual_landing__rosidl_generator_py.so
[7.584s] [ 77%] Built target uav_visual_landing__rosidl_generator_py
[7.657s] [ 79%] Building C object CMakeFiles/uav_visual_landing__rosidl_typesupport_c__pyext.dir/rosidl_generator_py/uav_visual_landing/_uav_visual_landing_s.ep.rosidl_typesupport_c.c.o
[7.661s] [ 81%] Building C object CMakeFiles/uav_visual_landing__rosidl_typesupport_fastrtps_c__pyext.dir/rosidl_generator_py/uav_visual_landing/_uav_visual_landing_s.ep.rosidl_typesupport_fastrtps_c.c.o
[7.662s] [ 83%] Building C object CMakeFiles/uav_visual_landing__rosidl_typesupport_introspection_c__pyext.dir/rosidl_generator_py/uav_visual_landing/_uav_visual_landing_s.ep.rosidl_typesupport_introspection_c.c.o
[7.871s] [ 85%] Linking C shared library rosidl_generator_py/uav_visual_landing/uav_visual_landing_s__rosidl_typesupport_introspection_c.cpython-310-x86_64-linux-gnu.so
[7.879s] [ 87%] Linking C shared library rosidl_generator_py/uav_visual_landing/uav_visual_landing_s__rosidl_typesupport_c.cpython-310-x86_64-linux-gnu.so
[8.006s] [ 87%] Built target uav_visual_landing__rosidl_typesupport_c__pyext
[8.009s] [ 87%] Built target uav_visual_landing__rosidl_typesupport_introspection_c__pyext
[8.027s] [ 89%] Linking C shared library rosidl_generator_py/uav_visual_landing/uav_visual_landing_s__rosidl_typesupport_fastrtps_c.cpython-310-x86_64-linux-gnu.so
[8.172s] [ 89%] Built target uav_visual_landing__rosidl_typesupport_fastrtps_c__pyext
[8.441s] [ 91%] Linking CXX static library libgtest.a
[8.653s] [ 91%] Built target gtest
[8.721s] [ 93%] Building CXX object CMakeFiles/test_visual_landing_logic.dir/test/test_visual_landing_logic.cpp.o
[10.604s] [ 95%] Linking CXX executable test_visual_landing_logic
[10.892s] [ 95%] Built target test_visual_landing_logic
[26.084s] [ 97%] Linking CXX executable aruco_detector_node
[27.450s] [ 97%] Built target aruco_detector_node
[29.761s] [100%] Linking CXX executable visual_landing_node
[30.864s] [100%] Built target visual_landing_node
[30.887s] Invoked command in '/home/th1rt3en/doco/uav_hw/src/workspace/doco_uav/build_static_scan/uav_visual_landing' returned '0': CMAKE_PREFIX_PATH=${CMAKE_PREFIX_PATH}:/home/th1rt3en/doco/sim_full/install/duojin01_bringup:/home/th1rt3en/doco/sim_full/install/ugv_bringup:/home/th1rt3en/doco/sim_full/install/ugv_description:/opt/ros/humble /usr/bin/cmake --build /home/th1rt3en/doco/uav_hw/src/workspace/doco_uav/build_static_scan/uav_visual_landing -- -j16 -l16
[30.889s] Invoking command in '/home/th1rt3en/doco/uav_hw/src/workspace/doco_uav/build_static_scan/uav_visual_landing': CMAKE_PREFIX_PATH=${CMAKE_PREFIX_PATH}:/home/th1rt3en/doco/sim_full/install/duojin01_bringup:/home/th1rt3en/doco/sim_full/install/ugv_bringup:/home/th1rt3en/doco/sim_full/install/ugv_description:/opt/ros/humble /usr/bin/cmake --install /home/th1rt3en/doco/uav_hw/src/workspace/doco_uav/build_static_scan/uav_visual_landing
[30.907s] -- Install configuration: ""
[30.908s] -- Installing: /home/th1rt3en/doco/uav_hw/src/workspace/doco_uav/install_static_scan/uav_visual_landing/share/ament_index/resource_index/rosidl_interfaces/uav_visual_landing
[30.908s] -- Installing: /home/th1rt3en/doco/uav_hw/src/workspace/doco_uav/install_static_scan/uav_visual_landing/include/uav_visual_landing/uav_visual_landing
[30.908s] -- Installing: /home/th1rt3en/doco/uav_hw/src/workspace/doco_uav/install_static_scan/uav_visual_landing/include/uav_visual_landing/uav_visual_landing/msg
[30.908s] -- Installing: /home/th1rt3en/doco/uav_hw/src/workspace/doco_uav/install_static_scan/uav_visual_landing/include/uav_visual_landing/uav_visual_landing/msg/landing_controller_state.h
[30.909s] -- Installing: /home/th1rt3en/doco/uav_hw/src/workspace/doco_uav/install_static_scan/uav_visual_landing/include/uav_visual_landing/uav_visual_landing/msg/detail
[30.909s] -- Installing: /home/th1rt3en/doco/uav_hw/src/workspace/doco_uav/install_static_scan/uav_visual_landing/include/uav_visual_landing/uav_visual_landing/msg/detail/target_observation__type_support.h
[30.909s] -- Installing: /home/th1rt3en/doco/uav_hw/src/workspace/doco_uav/install_static_scan/uav_visual_landing/include/uav_visual_landing/uav_visual_landing/msg/detail/target_observation__functions.c
[30.909s] -- Installing: /home/th1rt3en/doco/uav_hw/src/workspace/doco_uav/install_static_scan/uav_visual_landing/include/uav_visual_landing/uav_visual_landing/msg/detail/landing_controller_state__struct.h
[30.909s] -- Installing: /home/th1rt3en/doco/uav_hw/src/workspace/doco_uav/install_static_scan/uav_visual_landing/include/uav_visual_landing/uav_visual_landing/msg/detail/landing_controller_state__type_support.h
[30.909s] -- Installing: /home/th1rt3en/doco/uav_hw/src/workspace/doco_uav/install_static_scan/uav_visual_landing/include/uav_visual_landing/uav_visual_landing/msg/detail/target_observation__struct.h
[30.910s] -- Installing: /home/th1rt3en/doco/uav_hw/src/workspace/doco_uav/install_static_scan/uav_visual_landing/include/uav_visual_landing/uav_visual_landing/msg/detail/target_observation__functions.h
[30.910s] -- Installing: /home/th1rt3en/doco/uav_hw/src/workspace/doco_uav/install_static_scan/uav_visual_landing/include/uav_visual_landing/uav_visual_landing/msg/detail/landing_controller_state__functions.c
[30.910s] -- Installing: /home/th1rt3en/doco/uav_hw/src/workspace/doco_uav/install_static_scan/uav_visual_landing/include/uav_visual_landing/uav_visual_landing/msg/detail/landing_controller_state__functions.h
[30.910s] -- Installing: /home/th1rt3en/doco/uav_hw/src/workspace/doco_uav/install_static_scan/uav_visual_landing/include/uav_visual_landing/uav_visual_landing/msg/rosidl_generator_c__visibility_control.h
[30.910s] -- Installing: /home/th1rt3en/doco/uav_hw/src/workspace/doco_uav/install_static_scan/uav_visual_landing/include/uav_visual_landing/uav_visual_landing/msg/target_observation.h
[30.911s] -- Installing: /home/th1rt3en/doco/uav_hw/src/workspace/doco_uav/install_static_scan/uav_visual_landing/share/uav_visual_landing/environment/library_path.sh
[30.911s] -- Installing: /home/th1rt3en/doco/uav_hw/src/workspace/doco_uav/install_static_scan/uav_visual_landing/share/uav_visual_landing/environment/library_path.dsv
[30.911s] -- Installing: /home/th1rt3en/doco/uav_hw/src/workspace/doco_uav/install_static_scan/uav_visual_landing/lib/libuav_visual_landing__rosidl_generator_c.so
[30.914s] -- Set runtime path of "/home/th1rt3en/doco/uav_hw/src/workspace/doco_uav/install_static_scan/uav_visual_landing/lib/libuav_visual_landing__rosidl_generator_c.so" to ""
[30.914s] -- Up-to-date: /home/th1rt3en/doco/uav_hw/src/workspace/doco_uav/install_static_scan/uav_visual_landing/include/uav_visual_landing/uav_visual_landing
[30.914s] -- Up-to-date: /home/th1rt3en/doco/uav_hw/src/workspace/doco_uav/install_static_scan/uav_visual_landing/include/uav_visual_landing/uav_visual_landing/msg
[30.914s] -- Up-to-date: /home/th1rt3en/doco/uav_hw/src/workspace/doco_uav/install_static_scan/uav_visual_landing/include/uav_visual_landing/uav_visual_landing/msg/detail
[30.914s] -- Installing: /home/th1rt3en/doco/uav_hw/src/workspace/doco_uav/install_static_scan/uav_visual_landing/include/uav_visual_landing/uav_visual_landing/msg/detail/target_observation__rosidl_typesupport_fastrtps_c.h
[30.915s] -- Installing: /home/th1rt3en/doco/uav_hw/src/workspace/doco_uav/install_static_scan/uav_visual_landing/include/uav_visual_landing/uav_visual_landing/msg/detail/landing_controller_state__rosidl_typesupport_fastrtps_c.h
[30.915s] -- Installing: /home/th1rt3en/doco/uav_hw/src/workspace/doco_uav/install_static_scan/uav_visual_landing/include/uav_visual_landing/uav_visual_landing/msg/rosidl_typesupport_fastrtps_c__visibility_control.h
[30.915s] -- Installing: /home/th1rt3en/doco/uav_hw/src/workspace/doco_uav/install_static_scan/uav_visual_landing/lib/libuav_visual_landing__rosidl_typesupport_fastrtps_c.so
[30.915s] -- Set runtime path of "/home/th1rt3en/doco/uav_hw/src/workspace/doco_uav/install_static_scan/uav_visual_landing/lib/libuav_visual_landing__rosidl_typesupport_fastrtps_c.so" to ""
[30.915s] -- Up-to-date: /home/th1rt3en/doco/uav_hw/src/workspace/doco_uav/install_static_scan/uav_visual_landing/include/uav_visual_landing/uav_visual_landing
[30.915s] -- Up-to-date: /home/th1rt3en/doco/uav_hw/src/workspace/doco_uav/install_static_scan/uav_visual_landing/include/uav_visual_landing/uav_visual_landing/msg
[30.915s] -- Installing: /home/th1rt3en/doco/uav_hw/src/workspace/doco_uav/install_static_scan/uav_visual_landing/include/uav_visual_landing/uav_visual_landing/msg/landing_controller_state.hpp
[30.915s] -- Installing: /home/th1rt3en/doco/uav_hw/src/workspace/doco_uav/install_static_scan/uav_visual_landing/include/uav_visual_landing/uav_visual_landing/msg/rosidl_generator_cpp__visibility_control.hpp
[30.915s] -- Up-to-date: /home/th1rt3en/doco/uav_hw/src/workspace/doco_uav/install_static_scan/uav_visual_landing/include/uav_visual_landing/uav_visual_landing/msg/detail
[30.916s] -- Installing: /home/th1rt3en/doco/uav_hw/src/workspace/doco_uav/install_static_scan/uav_visual_landing/include/uav_visual_landing/uav_visual_landing/msg/detail/landing_controller_state__builder.hpp
[30.916s] -- Installing: /home/th1rt3en/doco/uav_hw/src/workspace/doco_uav/install_static_scan/uav_visual_landing/include/uav_visual_landing/uav_visual_landing/msg/detail/target_observation__type_support.hpp
[30.916s] -- Installing: /home/th1rt3en/doco/uav_hw/src/workspace/doco_uav/install_static_scan/uav_visual_landing/include/uav_visual_landing/uav_visual_landing/msg/detail/landing_controller_state__traits.hpp
[30.916s] -- Installing: /home/th1rt3en/doco/uav_hw/src/workspace/doco_uav/install_static_scan/uav_visual_landing/include/uav_visual_landing/uav_visual_landing/msg/detail/target_observation__builder.hpp
[30.916s] -- Installing: /home/th1rt3en/doco/uav_hw/src/workspace/doco_uav/install_static_scan/uav_visual_landing/include/uav_visual_landing/uav_visual_landing/msg/detail/target_observation__struct.hpp
[30.916s] -- Installing: /home/th1rt3en/doco/uav_hw/src/workspace/doco_uav/install_static_scan/uav_visual_landing/include/uav_visual_landing/uav_visual_landing/msg/detail/target_observation__traits.hpp
[30.916s] -- Installing: /home/th1rt3en/doco/uav_hw/src/workspace/doco_uav/install_static_scan/uav_visual_landing/include/uav_visual_landing/uav_visual_landing/msg/detail/landing_controller_state__struct.hpp
[30.916s] -- Installing: /home/th1rt3en/doco/uav_hw/src/workspace/doco_uav/install_static_scan/uav_visual_landing/include/uav_visual_landing/uav_visual_landing/msg/detail/landing_controller_state__type_support.hpp
[30.917s] -- Installing: /home/th1rt3en/doco/uav_hw/src/workspace/doco_uav/install_static_scan/uav_visual_landing/include/uav_visual_landing/uav_visual_landing/msg/target_observation.hpp
[30.917s] -- Up-to-date: /home/th1rt3en/doco/uav_hw/src/workspace/doco_uav/install_static_scan/uav_visual_landing/include/uav_visual_landing/uav_visual_landing
[30.917s] -- Up-to-date: /home/th1rt3en/doco/uav_hw/src/workspace/doco_uav/install_static_scan/uav_visual_landing/include/uav_visual_landing/uav_visual_landing/msg
[30.917s] -- Up-to-date: /home/th1rt3en/doco/uav_hw/src/workspace/doco_uav/install_static_scan/uav_visual_landing/include/uav_visual_landing/uav_visual_landing/msg/detail
[30.917s] -- Installing: /home/th1rt3en/doco/uav_hw/src/workspace/doco_uav/install_static_scan/uav_visual_landing/include/uav_visual_landing/uav_visual_landing/msg/detail/landing_controller_state__rosidl_typesupport_fastrtps_cpp.hpp
[30.917s] -- Installing: /home/th1rt3en/doco/uav_hw/src/workspace/doco_uav/install_static_scan/uav_visual_landing/include/uav_visual_landing/uav_visual_landing/msg/detail/target_observation__rosidl_typesupport_fastrtps_cpp.hpp
[30.917s] -- Installing: /home/th1rt3en/doco/uav_hw/src/workspace/doco_uav/install_static_scan/uav_visual_landing/include/uav_visual_landing/uav_visual_landing/msg/detail/dds_fastrtps
[30.917s] -- Installing: /home/th1rt3en/doco/uav_hw/src/workspace/doco_uav/install_static_scan/uav_visual_landing/include/uav_visual_landing/uav_visual_landing/msg/rosidl_typesupport_fastrtps_cpp__visibility_control.h
[30.918s] -- Installing: /home/th1rt3en/doco/uav_hw/src/workspace/doco_uav/install_static_scan/uav_visual_landing/lib/libuav_visual_landing__rosidl_typesupport_fastrtps_cpp.so
[30.918s] -- Set runtime path of "/home/th1rt3en/doco/uav_hw/src/workspace/doco_uav/install_static_scan/uav_visual_landing/lib/libuav_visual_landing__rosidl_typesupport_fastrtps_cpp.so" to ""
[30.921s] -- Up-to-date: /home/th1rt3en/doco/uav_hw/src/workspace/doco_uav/install_static_scan/uav_visual_landing/include/uav_visual_landing/uav_visual_landing
[30.922s] -- Up-to-date: /home/th1rt3en/doco/uav_hw/src/workspace/doco_uav/install_static_scan/uav_visual_landing/include/uav_visual_landing/uav_visual_landing/msg
[30.922s] -- Installing: /home/th1rt3en/doco/uav_hw/src/workspace/doco_uav/install_static_scan/uav_visual_landing/include/uav_visual_landing/uav_visual_landing/msg/rosidl_typesupport_introspection_c__visibility_control.h
[30.922s] -- Up-to-date: /home/th1rt3en/doco/uav_hw/src/workspace/doco_uav/install_static_scan/uav_visual_landing/include/uav_visual_landing/uav_visual_landing/msg/detail
[30.922s] -- Installing: /home/th1rt3en/doco/uav_hw/src/workspace/doco_uav/install_static_scan/uav_visual_landing/include/uav_visual_landing/uav_visual_landing/msg/detail/landing_controller_state__rosidl_typesupport_introspection_c.h
[30.922s] -- Installing: /home/th1rt3en/doco/uav_hw/src/workspace/doco_uav/install_static_scan/uav_visual_landing/include/uav_visual_landing/uav_visual_landing/msg/detail/landing_controller_state__type_support.c
[30.922s] -- Installing: /home/th1rt3en/doco/uav_hw/src/workspace/doco_uav/install_static_scan/uav_visual_landing/include/uav_visual_landing/uav_visual_landing/msg/detail/target_observation__rosidl_typesupport_introspection_c.h
[30.922s] -- Installing: /home/th1rt3en/doco/uav_hw/src/workspace/doco_uav/install_static_scan/uav_visual_landing/include/uav_visual_landing/uav_visual_landing/msg/detail/target_observation__type_support.c
[30.922s] -- Installing: /home/th1rt3en/doco/uav_hw/src/workspace/doco_uav/install_static_scan/uav_visual_landing/lib/libuav_visual_landing__rosidl_typesupport_introspection_c.so
[30.923s] -- Set runtime path of "/home/th1rt3en/doco/uav_hw/src/workspace/doco_uav/install_static_scan/uav_visual_landing/lib/libuav_visual_landing__rosidl_typesupport_introspection_c.so" to ""
[30.923s] -- Installing: /home/th1rt3en/doco/uav_hw/src/workspace/doco_uav/install_static_scan/uav_visual_landing/lib/libuav_visual_landing__rosidl_typesupport_c.so
[30.923s] -- Set runtime path of "/home/th1rt3en/doco/uav_hw/src/workspace/doco_uav/install_static_scan/uav_visual_landing/lib/libuav_visual_landing__rosidl_typesupport_c.so" to ""
[30.923s] -- Up-to-date: /home/th1rt3en/doco/uav_hw/src/workspace/doco_uav/install_static_scan/uav_visual_landing/include/uav_visual_landing/uav_visual_landing
[30.923s] -- Up-to-date: /home/th1rt3en/doco/uav_hw/src/workspace/doco_uav/install_static_scan/uav_visual_landing/include/uav_visual_landing/uav_visual_landing/msg
[30.923s] -- Up-to-date: /home/th1rt3en/doco/uav_hw/src/workspace/doco_uav/install_static_scan/uav_visual_landing/include/uav_visual_landing/uav_visual_landing/msg/detail
[30.923s] -- Installing: /home/th1rt3en/doco/uav_hw/src/workspace/doco_uav/install_static_scan/uav_visual_landing/include/uav_visual_landing/uav_visual_landing/msg/detail/target_observation__type_support.cpp
[30.923s] -- Installing: /home/th1rt3en/doco/uav_hw/src/workspace/doco_uav/install_static_scan/uav_visual_landing/include/uav_visual_landing/uav_visual_landing/msg/detail/target_observation__rosidl_typesupport_introspection_cpp.hpp
[30.924s] -- Installing: /home/th1rt3en/doco/uav_hw/src/workspace/doco_uav/install_static_scan/uav_visual_landing/include/uav_visual_landing/uav_visual_landing/msg/detail/landing_controller_state__type_support.cpp
[30.924s] -- Installing: /home/th1rt3en/doco/uav_hw/src/workspace/doco_uav/install_static_scan/uav_visual_landing/include/uav_visual_landing/uav_visual_landing/msg/detail/landing_controller_state__rosidl_typesupport_introspection_cpp.hpp
[30.924s] -- Installing: /home/th1rt3en/doco/uav_hw/src/workspace/doco_uav/install_static_scan/uav_visual_landing/lib/libuav_visual_landing__rosidl_typesupport_introspection_cpp.so
[30.924s] -- Set runtime path of "/home/th1rt3en/doco/uav_hw/src/workspace/doco_uav/install_static_scan/uav_visual_landing/lib/libuav_visual_landing__rosidl_typesupport_introspection_cpp.so" to ""
[30.924s] -- Installing: /home/th1rt3en/doco/uav_hw/src/workspace/doco_uav/install_static_scan/uav_visual_landing/lib/libuav_visual_landing__rosidl_typesupport_cpp.so
[30.924s] -- Set runtime path of "/home/th1rt3en/doco/uav_hw/src/workspace/doco_uav/install_static_scan/uav_visual_landing/lib/libuav_visual_landing__rosidl_typesupport_cpp.so" to ""
[30.925s] -- Installing: /home/th1rt3en/doco/uav_hw/src/workspace/doco_uav/install_static_scan/uav_visual_landing/share/uav_visual_landing/environment/pythonpath.sh
[30.925s] -- Installing: /home/th1rt3en/doco/uav_hw/src/workspace/doco_uav/install_static_scan/uav_visual_landing/share/uav_visual_landing/environment/pythonpath.dsv
[30.925s] -- Installing: /home/th1rt3en/doco/uav_hw/src/workspace/doco_uav/install_static_scan/uav_visual_landing/local/lib/python3.10/dist-packages/uav_visual_landing-0.0.0-py3.10.egg-info
[30.925s] -- Installing: /home/th1rt3en/doco/uav_hw/src/workspace/doco_uav/install_static_scan/uav_visual_landing/local/lib/python3.10/dist-packages/uav_visual_landing-0.0.0-py3.10.egg-info/top_level.txt
[30.925s] -- Installing: /home/th1rt3en/doco/uav_hw/src/workspace/doco_uav/install_static_scan/uav_visual_landing/local/lib/python3.10/dist-packages/uav_visual_landing-0.0.0-py3.10.egg-info/PKG-INFO
[30.925s] -- Installing: /home/th1rt3en/doco/uav_hw/src/workspace/doco_uav/install_static_scan/uav_visual_landing/local/lib/python3.10/dist-packages/uav_visual_landing-0.0.0-py3.10.egg-info/SOURCES.txt
[30.926s] -- Installing: /home/th1rt3en/doco/uav_hw/src/workspace/doco_uav/install_static_scan/uav_visual_landing/local/lib/python3.10/dist-packages/uav_visual_landing-0.0.0-py3.10.egg-info/dependency_links.txt
[30.927s] -- Installing: /home/th1rt3en/doco/uav_hw/src/workspace/doco_uav/install_static_scan/uav_visual_landing/local/lib/python3.10/dist-packages/uav_visual_landing
[30.927s] -- Installing: /home/th1rt3en/doco/uav_hw/src/workspace/doco_uav/install_static_scan/uav_visual_landing/local/lib/python3.10/dist-packages/uav_visual_landing/libuav_visual_landing__rosidl_generator_py.so
[30.927s] -- Installing: /home/th1rt3en/doco/uav_hw/src/workspace/doco_uav/install_static_scan/uav_visual_landing/local/lib/python3.10/dist-packages/uav_visual_landing/__init__.py
[30.930s] -- Installing: /home/th1rt3en/doco/uav_hw/src/workspace/doco_uav/install_static_scan/uav_visual_landing/local/lib/python3.10/dist-packages/uav_visual_landing/_uav_visual_landing_s.ep.rosidl_typesupport_introspection_c.c
[30.930s] -- Installing: /home/th1rt3en/doco/uav_hw/src/workspace/doco_uav/install_static_scan/uav_visual_landing/local/lib/python3.10/dist-packages/uav_visual_landing/uav_visual_landing_s__rosidl_typesupport_c.cpython-310-x86_64-linux-gnu.so
[30.930s] -- Installing: /home/th1rt3en/doco/uav_hw/src/workspace/doco_uav/install_static_scan/uav_visual_landing/local/lib/python3.10/dist-packages/uav_visual_landing/uav_visual_landing_s__rosidl_typesupport_introspection_c.cpython-310-x86_64-linux-gnu.so
[30.930s] -- Installing: /home/th1rt3en/doco/uav_hw/src/workspace/doco_uav/install_static_scan/uav_visual_landing/local/lib/python3.10/dist-packages/uav_visual_landing/_uav_visual_landing_s.ep.rosidl_typesupport_fastrtps_c.c
[30.930s] -- Installing: /home/th1rt3en/doco/uav_hw/src/workspace/doco_uav/install_static_scan/uav_visual_landing/local/lib/python3.10/dist-packages/uav_visual_landing/uav_visual_landing_s__rosidl_typesupport_fastrtps_c.cpython-310-x86_64-linux-gnu.so
[30.930s] -- Installing: /home/th1rt3en/doco/uav_hw/src/workspace/doco_uav/install_static_scan/uav_visual_landing/local/lib/python3.10/dist-packages/uav_visual_landing/msg
[30.930s] -- Installing: /home/th1rt3en/doco/uav_hw/src/workspace/doco_uav/install_static_scan/uav_visual_landing/local/lib/python3.10/dist-packages/uav_visual_landing/msg/_target_observation_s.c
[30.930s] -- Installing: /home/th1rt3en/doco/uav_hw/src/workspace/doco_uav/install_static_scan/uav_visual_landing/local/lib/python3.10/dist-packages/uav_visual_landing/msg/_landing_controller_state_s.c
[30.931s] -- Installing: /home/th1rt3en/doco/uav_hw/src/workspace/doco_uav/install_static_scan/uav_visual_landing/local/lib/python3.10/dist-packages/uav_visual_landing/msg/__init__.py
[30.931s] -- Installing: /home/th1rt3en/doco/uav_hw/src/workspace/doco_uav/install_static_scan/uav_visual_landing/local/lib/python3.10/dist-packages/uav_visual_landing/msg/_landing_controller_state.py
[30.931s] -- Installing: /home/th1rt3en/doco/uav_hw/src/workspace/doco_uav/install_static_scan/uav_visual_landing/local/lib/python3.10/dist-packages/uav_visual_landing/msg/_target_observation.py
[30.931s] -- Installing: /home/th1rt3en/doco/uav_hw/src/workspace/doco_uav/install_static_scan/uav_visual_landing/local/lib/python3.10/dist-packages/uav_visual_landing/_uav_visual_landing_s.ep.rosidl_typesupport_c.c
[31.010s] Listing '/home/th1rt3en/doco/uav_hw/src/workspace/doco_uav/install_static_scan/uav_visual_landing/local/lib/python3.10/dist-packages/uav_visual_landing'...
[31.010s] Compiling '/home/th1rt3en/doco/uav_hw/src/workspace/doco_uav/install_static_scan/uav_visual_landing/local/lib/python3.10/dist-packages/uav_visual_landing/__init__.py'...
[31.010s] Listing '/home/th1rt3en/doco/uav_hw/src/workspace/doco_uav/install_static_scan/uav_visual_landing/local/lib/python3.10/dist-packages/uav_visual_landing/msg'...
[31.010s] Compiling '/home/th1rt3en/doco/uav_hw/src/workspace/doco_uav/install_static_scan/uav_visual_landing/local/lib/python3.10/dist-packages/uav_visual_landing/msg/__init__.py'...
[31.010s] Compiling '/home/th1rt3en/doco/uav_hw/src/workspace/doco_uav/install_static_scan/uav_visual_landing/local/lib/python3.10/dist-packages/uav_visual_landing/msg/_landing_controller_state.py'...
[31.010s] Compiling '/home/th1rt3en/doco/uav_hw/src/workspace/doco_uav/install_static_scan/uav_visual_landing/local/lib/python3.10/dist-packages/uav_visual_landing/msg/_target_observation.py'...
[31.030s] -- Installing: /home/th1rt3en/doco/uav_hw/src/workspace/doco_uav/install_static_scan/uav_visual_landing/local/lib/python3.10/dist-packages/uav_visual_landing/uav_visual_landing_s__rosidl_typesupport_fastrtps_c.cpython-310-x86_64-linux-gnu.so
[31.030s] -- Set runtime path of "/home/th1rt3en/doco/uav_hw/src/workspace/doco_uav/install_static_scan/uav_visual_landing/local/lib/python3.10/dist-packages/uav_visual_landing/uav_visual_landing_s__rosidl_typesupport_fastrtps_c.cpython-310-x86_64-linux-gnu.so" to ""
[31.031s] -- Installing: /home/th1rt3en/doco/uav_hw/src/workspace/doco_uav/install_static_scan/uav_visual_landing/local/lib/python3.10/dist-packages/uav_visual_landing/uav_visual_landing_s__rosidl_typesupport_introspection_c.cpython-310-x86_64-linux-gnu.so
[31.031s] -- Set runtime path of "/home/th1rt3en/doco/uav_hw/src/workspace/doco_uav/install_static_scan/uav_visual_landing/local/lib/python3.10/dist-packages/uav_visual_landing/uav_visual_landing_s__rosidl_typesupport_introspection_c.cpython-310-x86_64-linux-gnu.so" to ""
[31.031s] -- Installing: /home/th1rt3en/doco/uav_hw/src/workspace/doco_uav/install_static_scan/uav_visual_landing/local/lib/python3.10/dist-packages/uav_visual_landing/uav_visual_landing_s__rosidl_typesupport_c.cpython-310-x86_64-linux-gnu.so
[31.031s] -- Set runtime path of "/home/th1rt3en/doco/uav_hw/src/workspace/doco_uav/install_static_scan/uav_visual_landing/local/lib/python3.10/dist-packages/uav_visual_landing/uav_visual_landing_s__rosidl_typesupport_c.cpython-310-x86_64-linux-gnu.so" to ""
[31.032s] -- Installing: /home/th1rt3en/doco/uav_hw/src/workspace/doco_uav/install_static_scan/uav_visual_landing/lib/libuav_visual_landing__rosidl_generator_py.so
[31.034s] -- Set runtime path of "/home/th1rt3en/doco/uav_hw/src/workspace/doco_uav/install_static_scan/uav_visual_landing/lib/libuav_visual_landing__rosidl_generator_py.so" to ""
[31.034s] -- Installing: /home/th1rt3en/doco/uav_hw/src/workspace/doco_uav/install_static_scan/uav_visual_landing/share/uav_visual_landing/msg/TargetObservation.idl
[31.035s] -- Installing: /home/th1rt3en/doco/uav_hw/src/workspace/doco_uav/install_static_scan/uav_visual_landing/share/uav_visual_landing/msg/LandingControllerState.idl
[31.035s] -- Installing: /home/th1rt3en/doco/uav_hw/src/workspace/doco_uav/install_static_scan/uav_visual_landing/share/uav_visual_landing/msg/TargetObservation.msg
[31.035s] -- Installing: /home/th1rt3en/doco/uav_hw/src/workspace/doco_uav/install_static_scan/uav_visual_landing/share/uav_visual_landing/msg/LandingControllerState.msg
[31.036s] -- Installing: /home/th1rt3en/doco/uav_hw/src/workspace/doco_uav/install_static_scan/uav_visual_landing/lib/uav_visual_landing/aruco_detector_node
[31.051s] -- Set runtime path of "/home/th1rt3en/doco/uav_hw/src/workspace/doco_uav/install_static_scan/uav_visual_landing/lib/uav_visual_landing/aruco_detector_node" to ""
[31.051s] -- Installing: /home/th1rt3en/doco/uav_hw/src/workspace/doco_uav/install_static_scan/uav_visual_landing/lib/uav_visual_landing/visual_landing_node
[31.073s] -- Set runtime path of "/home/th1rt3en/doco/uav_hw/src/workspace/doco_uav/install_static_scan/uav_visual_landing/lib/uav_visual_landing/visual_landing_node" to ""
[31.073s] -- Installing: /home/th1rt3en/doco/uav_hw/src/workspace/doco_uav/install_static_scan/uav_visual_landing/share/uav_visual_landing/config
[31.074s] -- Installing: /home/th1rt3en/doco/uav_hw/src/workspace/doco_uav/install_static_scan/uav_visual_landing/share/uav_visual_landing/config/visual_landing_stable.yaml
[31.074s] -- Up-to-date: /home/th1rt3en/doco/uav_hw/src/workspace/doco_uav/install_static_scan/uav_visual_landing/include
[31.075s] -- Up-to-date: /home/th1rt3en/doco/uav_hw/src/workspace/doco_uav/install_static_scan/uav_visual_landing/include/uav_visual_landing
[31.075s] -- Installing: /home/th1rt3en/doco/uav_hw/src/workspace/doco_uav/install_static_scan/uav_visual_landing/include/uav_visual_landing/visual_landing_logic.hpp
[31.076s] -- Installing: /home/th1rt3en/doco/uav_hw/src/workspace/doco_uav/install_static_scan/uav_visual_landing/share/ament_index/resource_index/package_run_dependencies/uav_visual_landing
[31.076s] -- Installing: /home/th1rt3en/doco/uav_hw/src/workspace/doco_uav/install_static_scan/uav_visual_landing/share/ament_index/resource_index/parent_prefix_path/uav_visual_landing
[31.077s] -- Installing: /home/th1rt3en/doco/uav_hw/src/workspace/doco_uav/install_static_scan/uav_visual_landing/share/uav_visual_landing/environment/ament_prefix_path.sh
[31.077s] -- Installing: /home/th1rt3en/doco/uav_hw/src/workspace/doco_uav/install_static_scan/uav_visual_landing/share/uav_visual_landing/environment/ament_prefix_path.dsv
[31.077s] -- Installing: /home/th1rt3en/doco/uav_hw/src/workspace/doco_uav/install_static_scan/uav_visual_landing/share/uav_visual_landing/environment/path.sh
[31.077s] -- Installing: /home/th1rt3en/doco/uav_hw/src/workspace/doco_uav/install_static_scan/uav_visual_landing/share/uav_visual_landing/environment/path.dsv
[31.077s] -- Installing: /home/th1rt3en/doco/uav_hw/src/workspace/doco_uav/install_static_scan/uav_visual_landing/share/uav_visual_landing/local_setup.bash
[31.077s] -- Installing: /home/th1rt3en/doco/uav_hw/src/workspace/doco_uav/install_static_scan/uav_visual_landing/share/uav_visual_landing/local_setup.sh
[31.077s] -- Installing: /home/th1rt3en/doco/uav_hw/src/workspace/doco_uav/install_static_scan/uav_visual_landing/share/uav_visual_landing/local_setup.zsh
[31.078s] -- Installing: /home/th1rt3en/doco/uav_hw/src/workspace/doco_uav/install_static_scan/uav_visual_landing/share/uav_visual_landing/local_setup.dsv
[31.078s] -- Installing: /home/th1rt3en/doco/uav_hw/src/workspace/doco_uav/install_static_scan/uav_visual_landing/share/uav_visual_landing/package.dsv
[31.078s] -- Installing: /home/th1rt3en/doco/uav_hw/src/workspace/doco_uav/install_static_scan/uav_visual_landing/share/ament_index/resource_index/packages/uav_visual_landing
[31.078s] -- Installing: /home/th1rt3en/doco/uav_hw/src/workspace/doco_uav/install_static_scan/uav_visual_landing/share/uav_visual_landing/cmake/export_uav_visual_landing__rosidl_generator_cExport.cmake
[31.078s] -- Installing: /home/th1rt3en/doco/uav_hw/src/workspace/doco_uav/install_static_scan/uav_visual_landing/share/uav_visual_landing/cmake/export_uav_visual_landing__rosidl_generator_cExport-noconfig.cmake
[31.078s] -- Installing: /home/th1rt3en/doco/uav_hw/src/workspace/doco_uav/install_static_scan/uav_visual_landing/share/uav_visual_landing/cmake/export_uav_visual_landing__rosidl_typesupport_fastrtps_cExport.cmake
[31.078s] -- Installing: /home/th1rt3en/doco/uav_hw/src/workspace/doco_uav/install_static_scan/uav_visual_landing/share/uav_visual_landing/cmake/export_uav_visual_landing__rosidl_typesupport_fastrtps_cExport-noconfig.cmake
[31.078s] -- Installing: /home/th1rt3en/doco/uav_hw/src/workspace/doco_uav/install_static_scan/uav_visual_landing/share/uav_visual_landing/cmake/export_uav_visual_landing__rosidl_generator_cppExport.cmake
[31.078s] -- Installing: /home/th1rt3en/doco/uav_hw/src/workspace/doco_uav/install_static_scan/uav_visual_landing/share/uav_visual_landing/cmake/export_uav_visual_landing__rosidl_typesupport_fastrtps_cppExport.cmake
[31.079s] -- Installing: /home/th1rt3en/doco/uav_hw/src/workspace/doco_uav/install_static_scan/uav_visual_landing/share/uav_visual_landing/cmake/export_uav_visual_landing__rosidl_typesupport_fastrtps_cppExport-noconfig.cmake
[31.079s] -- Installing: /home/th1rt3en/doco/uav_hw/src/workspace/doco_uav/install_static_scan/uav_visual_landing/share/uav_visual_landing/cmake/uav_visual_landing__rosidl_typesupport_introspection_cExport.cmake
[31.079s] -- Installing: /home/th1rt3en/doco/uav_hw/src/workspace/doco_uav/install_static_scan/uav_visual_landing/share/uav_visual_landing/cmake/uav_visual_landing__rosidl_typesupport_introspection_cExport-noconfig.cmake
[31.079s] -- Installing: /home/th1rt3en/doco/uav_hw/src/workspace/doco_uav/install_static_scan/uav_visual_landing/share/uav_visual_landing/cmake/uav_visual_landing__rosidl_typesupport_cExport.cmake
[31.079s] -- Installing: /home/th1rt3en/doco/uav_hw/src/workspace/doco_uav/install_static_scan/uav_visual_landing/share/uav_visual_landing/cmake/uav_visual_landing__rosidl_typesupport_cExport-noconfig.cmake
[31.079s] -- Installing: /home/th1rt3en/doco/uav_hw/src/workspace/doco_uav/install_static_scan/uav_visual_landing/share/uav_visual_landing/cmake/uav_visual_landing__rosidl_typesupport_introspection_cppExport.cmake
[31.080s] -- Installing: /home/th1rt3en/doco/uav_hw/src/workspace/doco_uav/install_static_scan/uav_visual_landing/share/uav_visual_landing/cmake/uav_visual_landing__rosidl_typesupport_introspection_cppExport-noconfig.cmake
[31.081s] -- Installing: /home/th1rt3en/doco/uav_hw/src/workspace/doco_uav/install_static_scan/uav_visual_landing/share/uav_visual_landing/cmake/uav_visual_landing__rosidl_typesupport_cppExport.cmake
[31.081s] -- Installing: /home/th1rt3en/doco/uav_hw/src/workspace/doco_uav/install_static_scan/uav_visual_landing/share/uav_visual_landing/cmake/uav_visual_landing__rosidl_typesupport_cppExport-noconfig.cmake
[31.081s] -- Installing: /home/th1rt3en/doco/uav_hw/src/workspace/doco_uav/install_static_scan/uav_visual_landing/share/uav_visual_landing/cmake/export_uav_visual_landing__rosidl_generator_pyExport.cmake
[31.081s] -- Installing: /home/th1rt3en/doco/uav_hw/src/workspace/doco_uav/install_static_scan/uav_visual_landing/share/uav_visual_landing/cmake/export_uav_visual_landing__rosidl_generator_pyExport-noconfig.cmake
[31.082s] -- Installing: /home/th1rt3en/doco/uav_hw/src/workspace/doco_uav/install_static_scan/uav_visual_landing/share/uav_visual_landing/cmake/rosidl_cmake-extras.cmake
[31.082s] -- Installing: /home/th1rt3en/doco/uav_hw/src/workspace/doco_uav/install_static_scan/uav_visual_landing/share/uav_visual_landing/cmake/ament_cmake_export_dependencies-extras.cmake
[31.082s] -- Installing: /home/th1rt3en/doco/uav_hw/src/workspace/doco_uav/install_static_scan/uav_visual_landing/share/uav_visual_landing/cmake/ament_cmake_export_include_directories-extras.cmake
[31.085s] -- Installing: /home/th1rt3en/doco/uav_hw/src/workspace/doco_uav/install_static_scan/uav_visual_landing/share/uav_visual_landing/cmake/ament_cmake_export_libraries-extras.cmake
[31.085s] -- Installing: /home/th1rt3en/doco/uav_hw/src/workspace/doco_uav/install_static_scan/uav_visual_landing/share/uav_visual_landing/cmake/ament_cmake_export_targets-extras.cmake
[31.086s] -- Installing: /home/th1rt3en/doco/uav_hw/src/workspace/doco_uav/install_static_scan/uav_visual_landing/share/uav_visual_landing/cmake/rosidl_cmake_export_typesupport_targets-extras.cmake
[31.086s] -- Installing: /home/th1rt3en/doco/uav_hw/src/workspace/doco_uav/install_static_scan/uav_visual_landing/share/uav_visual_landing/cmake/rosidl_cmake_export_typesupport_libraries-extras.cmake
[31.086s] -- Installing: /home/th1rt3en/doco/uav_hw/src/workspace/doco_uav/install_static_scan/uav_visual_landing/share/uav_visual_landing/cmake/uav_visual_landingConfig.cmake
[31.086s] -- Installing: /home/th1rt3en/doco/uav_hw/src/workspace/doco_uav/install_static_scan/uav_visual_landing/share/uav_visual_landing/cmake/uav_visual_landingConfig-version.cmake
[31.086s] -- Installing: /home/th1rt3en/doco/uav_hw/src/workspace/doco_uav/install_static_scan/uav_visual_landing/share/uav_visual_landing/package.xml
[31.097s] Invoked command in '/home/th1rt3en/doco/uav_hw/src/workspace/doco_uav/build_static_scan/uav_visual_landing' returned '0': CMAKE_PREFIX_PATH=${CMAKE_PREFIX_PATH}:/home/th1rt3en/doco/sim_full/install/duojin01_bringup:/home/th1rt3en/doco/sim_full/install/ugv_bringup:/home/th1rt3en/doco/sim_full/install/ugv_description:/opt/ros/humble /usr/bin/cmake --install /home/th1rt3en/doco/uav_hw/src/workspace/doco_uav/build_static_scan/uav_visual_landing
