[0.008s] Invoking command in '/home/th1rt3en/doco/uav_hw/src/workspace/doco_uav/build_static_scan/uav_description': CMAKE_PREFIX_PATH=/opt/ros/humble /usr/bin/cmake /home/th1rt3en/doco/uav_hw/src/workspace/doco_uav/src/uav_description -DBUILD_TESTING=ON -DCMAKE_EXPORT_COMPILE_COMMANDS=ON -DCMAKE_INSTALL_PREFIX=/home/th1rt3en/doco/uav_hw/src/workspace/doco_uav/install_static_scan/uav_description
[0.048s] -- The C compiler identification is GNU 11.4.0
[0.105s] -- The CXX compiler identification is GNU 11.4.0
[0.111s] -- Detecting C compiler ABI info
[0.185s] -- Detecting C compiler ABI info - done
[0.191s] -- Check for working C compiler: /usr/bin/cc - skipped
[0.191s] -- Detecting C compile features
[0.191s] -- Detecting C compile features - done
[0.194s] -- Detecting CXX compiler ABI info
[0.284s] -- Detecting CXX compiler ABI info - done
[0.289s] -- Check for working CXX compiler: /usr/bin/c++ - skipped
[0.289s] -- Detecting CXX compile features
[0.289s] -- Detecting CXX compile features - done
[0.292s] -- Found ament_cmake: 1.3.13 (/opt/ros/humble/share/ament_cmake/cmake)
[0.485s] -- Found Python3: /usr/bin/python3 (found version "3.10.12") found components: Interpreter 
[0.639s] -- Configuring done
[0.642s] -- Generating done
[0.642s] CMake Warning:
[0.642s]   Manually-specified variables were not used by the project:
[0.642s] 
[0.642s]     CMAKE_EXPORT_COMPILE_COMMANDS
[0.643s] 
[0.643s] 
[0.644s] -- Build files have been written to: /home/th1rt3en/doco/uav_hw/src/workspace/doco_uav/build_static_scan/uav_description
[0.653s] Invoked command in '/home/th1rt3en/doco/uav_hw/src/workspace/doco_uav/build_static_scan/uav_description' returned '0': CMAKE_PREFIX_PATH=/opt/ros/humble /usr/bin/cmake /home/th1rt3en/doco/uav_hw/src/workspace/doco_uav/src/uav_description -DBUILD_TESTING=ON -DCMAKE_EXPORT_COMPILE_COMMANDS=ON -DCMAKE_INSTALL_PREFIX=/home/th1rt3en/doco/uav_hw/src/workspace/doco_uav/install_static_scan/uav_description
[0.654s] Invoking command in '/home/th1rt3en/doco/uav_hw/src/workspace/doco_uav/build_static_scan/uav_description': CMAKE_PREFIX_PATH=/opt/ros/humble /usr/bin/cmake --build /home/th1rt3en/doco/uav_hw/src/workspace/doco_uav/build_static_scan/uav_description -- -j16 -l16
[0.708s] Invoked command in '/home/th1rt3en/doco/uav_hw/src/workspace/doco_uav/build_static_scan/uav_description' returned '0': CMAKE_PREFIX_PATH=/opt/ros/humble /usr/bin/cmake --build /home/th1rt3en/doco/uav_hw/src/workspace/doco_uav/build_static_scan/uav_description -- -j16 -l16
[0.722s] Invoking command in '/home/th1rt3en/doco/uav_hw/src/workspace/doco_uav/build_static_scan/uav_description': CMAKE_PREFIX_PATH=/opt/ros/humble /usr/bin/cmake --install /home/th1rt3en/doco/uav_hw/src/workspace/doco_uav/build_static_scan/uav_description
[0.733s] -- Install configuration: ""
[0.733s] -- Installing: /home/th1rt3en/doco/uav_hw/src/workspace/doco_uav/install_static_scan/uav_description/share/uav_description/models
[0.733s] -- Installing: /home/th1rt3en/doco/uav_hw/src/workspace/doco_uav/install_static_scan/uav_description/share/uav_description/models/uav_base
[0.733s] -- Installing: /home/th1rt3en/doco/uav_hw/src/workspace/doco_uav/install_static_scan/uav_description/share/uav_description/models/uav_base/model.config
[0.733s] -- Installing: /home/th1rt3en/doco/uav_hw/src/workspace/doco_uav/install_static_scan/uav_description/share/uav_description/models/uav_base/meshes
[0.733s] -- Installing: /home/th1rt3en/doco/uav_hw/src/workspace/doco_uav/install_static_scan/uav_description/share/uav_description/models/uav_base/meshes/motor_2306_base.dae
[0.734s] -- Installing: /home/th1rt3en/doco/uav_hw/src/workspace/doco_uav/install_static_scan/uav_description/share/uav_description/models/uav_base/meshes/propeller_5x3.stl
[0.737s] -- Installing: /home/th1rt3en/doco/uav_hw/src/workspace/doco_uav/install_static_scan/uav_description/share/uav_description/models/uav_base/meshes/dj250_airframe.dae
[0.755s] -- Installing: /home/th1rt3en/doco/uav_hw/src/workspace/doco_uav/install_static_scan/uav_description/share/uav_description/models/uav_base/meshes/motor_2306_bell.dae
[0.755s] -- Installing: /home/th1rt3en/doco/uav_hw/src/workspace/doco_uav/install_static_scan/uav_description/share/uav_description/models/uav_base/meshes/camera_orbbec_gemini336_link.stl
[0.759s] -- Installing: /home/th1rt3en/doco/uav_hw/src/workspace/doco_uav/install_static_scan/uav_description/share/uav_description/models/uav_base/model.sdf
[0.759s] -- Installing: /home/th1rt3en/doco/uav_hw/src/workspace/doco_uav/install_static_scan/uav_description/share/uav_description/models/uav
[0.759s] -- Installing: /home/th1rt3en/doco/uav_hw/src/workspace/doco_uav/install_static_scan/uav_description/share/uav_description/models/uav/model.config
[0.759s] -- Installing: /home/th1rt3en/doco/uav_hw/src/workspace/doco_uav/install_static_scan/uav_description/share/uav_description/models/uav/model.sdf
[0.759s] -- Installing: /home/th1rt3en/doco/uav_hw/src/workspace/doco_uav/install_static_scan/uav_description/share/uav_description/urdf
[0.759s] -- Installing: /home/th1rt3en/doco/uav_hw/src/workspace/doco_uav/install_static_scan/uav_description/share/uav_description/urdf/uav.urdf.xacro
[0.760s] -- Installing: /home/th1rt3en/doco/uav_hw/src/workspace/doco_uav/install_static_scan/uav_description/share/ament_index/resource_index/package_run_dependencies/uav_description
[0.760s] -- Installing: /home/th1rt3en/doco/uav_hw/src/workspace/doco_uav/install_static_scan/uav_description/share/ament_index/resource_index/parent_prefix_path/uav_description
[0.760s] -- Installing: /home/th1rt3en/doco/uav_hw/src/workspace/doco_uav/install_static_scan/uav_description/share/uav_description/environment/ament_prefix_path.sh
[0.760s] -- Installing: /home/th1rt3en/doco/uav_hw/src/workspace/doco_uav/install_static_scan/uav_description/share/uav_description/environment/ament_prefix_path.dsv
[0.761s] -- Installing: /home/th1rt3en/doco/uav_hw/src/workspace/doco_uav/install_static_scan/uav_description/share/uav_description/environment/path.sh
[0.761s] -- Installing: /home/th1rt3en/doco/uav_hw/src/workspace/doco_uav/install_static_scan/uav_description/share/uav_description/environment/path.dsv
[0.761s] -- Installing: /home/th1rt3en/doco/uav_hw/src/workspace/doco_uav/install_static_scan/uav_description/share/uav_description/local_setup.bash
[0.761s] -- Installing: /home/th1rt3en/doco/uav_hw/src/workspace/doco_uav/install_static_scan/uav_description/share/uav_description/local_setup.sh
[0.761s] -- Installing: /home/th1rt3en/doco/uav_hw/src/workspace/doco_uav/install_static_scan/uav_description/share/uav_description/local_setup.zsh
[0.761s] -- Installing: /home/th1rt3en/doco/uav_hw/src/workspace/doco_uav/install_static_scan/uav_description/share/uav_description/local_setup.dsv
[0.762s] -- Installing: /home/th1rt3en/doco/uav_hw/src/workspace/doco_uav/install_static_scan/uav_description/share/uav_description/package.dsv
[0.762s] -- Installing: /home/th1rt3en/doco/uav_hw/src/workspace/doco_uav/install_static_scan/uav_description/share/ament_index/resource_index/packages/uav_description
[0.762s] -- Installing: /home/th1rt3en/doco/uav_hw/src/workspace/doco_uav/install_static_scan/uav_description/share/uav_description/cmake/uav_descriptionConfig.cmake
[0.762s] -- Installing: /home/th1rt3en/doco/uav_hw/src/workspace/doco_uav/install_static_scan/uav_description/share/uav_description/cmake/uav_descriptionConfig-version.cmake
[0.762s] -- Installing: /home/th1rt3en/doco/uav_hw/src/workspace/doco_uav/install_static_scan/uav_description/share/uav_description/package.xml
[0.764s] Invoked command in '/home/th1rt3en/doco/uav_hw/src/workspace/doco_uav/build_static_scan/uav_description' returned '0': CMAKE_PREFIX_PATH=/opt/ros/humble /usr/bin/cmake --install /home/th1rt3en/doco/uav_hw/src/workspace/doco_uav/build_static_scan/uav_description
