[0.011s] Invoking command in '/home/th1rt3en/doco/uav_hw/src/workspace/doco_uav/build_static_scan/uav_visual_landing': CMAKE_PREFIX_PATH=/opt/ros/humble /usr/bin/cmake /home/th1rt3en/doco/uav_hw/src/workspace/doco_uav/src/uav_visual_landing -DBUILD_TESTING=ON -DCMAKE_EXPORT_COMPILE_COMMANDS=ON -DCMAKE_INSTALL_PREFIX=/home/th1rt3en/doco/uav_hw/src/workspace/doco_uav/install_static_scan/uav_visual_landing
[0.054s] -- The C compiler identification is GNU 11.4.0
[0.109s] -- The CXX compiler identification is GNU 11.4.0
[0.117s] -- Detecting C compiler ABI info
[0.191s] -- Detecting C compiler ABI info - done
[0.197s] -- Check for working C compiler: /usr/bin/cc - skipped
[0.197s] -- Detecting C compile features
[0.198s] -- Detecting C compile features - done
[0.200s] -- Detecting CXX compiler ABI info
[0.291s] -- Detecting CXX compiler ABI info - done
[0.297s] -- Check for working CXX compiler: /usr/bin/c++ - skipped
[0.297s] -- Detecting CXX compile features
[0.298s] -- Detecting CXX compile features - done
[0.300s] -- Found ament_cmake: 1.3.13 (/opt/ros/humble/share/ament_cmake/cmake)
[0.488s] -- Found Python3: /usr/bin/python3 (found version "3.10.12") found components: Interpreter 
[0.570s] -- Found ament_cmake_gtest: 1.3.13 (/opt/ros/humble/share/ament_cmake_gtest/cmake)
[0.572s] -- Found rclcpp: 16.0.18 (/opt/ros/humble/share/rclcpp/cmake)
[0.604s] -- Found rosidl_generator_c: 3.1.8 (/opt/ros/humble/share/rosidl_generator_c/cmake)
[0.608s] -- Found rosidl_adapter: 3.1.8 (/opt/ros/humble/share/rosidl_adapter/cmake)
[0.616s] -- Found rosidl_generator_cpp: 3.1.8 (/opt/ros/humble/share/rosidl_generator_cpp/cmake)
[0.625s] -- Using all available rosidl_typesupport_c: rosidl_typesupport_fastrtps_c;rosidl_typesupport_introspection_c
[0.638s] -- Using all available rosidl_typesupport_cpp: rosidl_typesupport_fastrtps_cpp;rosidl_typesupport_introspection_cpp
[0.672s] -- Found rmw_implementation_cmake: 6.1.2 (/opt/ros/humble/share/rmw_implementation_cmake/cmake)
[0.674s] -- Found rmw_fastrtps_cpp: 6.2.10 (/opt/ros/humble/share/rmw_fastrtps_cpp/cmake)
[0.770s] -- Found OpenSSL: /usr/lib/x86_64-linux-gnu/libcrypto.so (found version "3.0.2")  
[0.816s] -- Found FastRTPS: /opt/ros/humble/include  
[0.864s] -- Using RMW implementation 'rmw_fastrtps_cpp' as default
[0.871s] -- Looking for pthread.h
[0.939s] -- Looking for pthread.h - found
[0.939s] -- Performing Test CMAKE_HAVE_LIBC_PTHREAD
[1.008s] -- Performing Test CMAKE_HAVE_LIBC_PTHREAD - Success
[1.008s] -- Found Threads: TRUE  
[1.043s] -- Found sensor_msgs: 4.9.1 (/opt/ros/humble/share/sensor_msgs/cmake)
[1.067s] -- Found nav_msgs: 4.9.1 (/opt/ros/humble/share/nav_msgs/cmake)
[1.093s] CMake Error at CMakeLists.txt:14 (find_package):
[1.093s]   By not providing "Findpx4_msgs.cmake" in CMAKE_MODULE_PATH this project has
[1.093s]   asked CMake to find a package configuration file provided by "px4_msgs",
[1.094s]   but CMake did not find one.
[1.094s] 
[1.094s]   Could not find a package configuration file provided by "px4_msgs" with any
[1.094s]   of the following names:
[1.094s] 
[1.094s]     px4_msgsConfig.cmake
[1.094s]     px4_msgs-config.cmake
[1.094s] 
[1.094s]   Add the installation prefix of "px4_msgs" to CMAKE_PREFIX_PATH or set
[1.094s]   "px4_msgs_DIR" to a directory containing one of the above files.  If
[1.094s]   "px4_msgs" provides a separate development package or SDK, be sure it has
[1.094s]   been installed.
[1.094s] 
[1.094s] 
[1.094s] -- Configuring incomplete, errors occurred!
[1.094s] See also "/home/th1rt3en/doco/uav_hw/src/workspace/doco_uav/build_static_scan/uav_visual_landing/CMakeFiles/CMakeOutput.log".
[1.117s] Invoked command in '/home/th1rt3en/doco/uav_hw/src/workspace/doco_uav/build_static_scan/uav_visual_landing' returned '1': CMAKE_PREFIX_PATH=/opt/ros/humble /usr/bin/cmake /home/th1rt3en/doco/uav_hw/src/workspace/doco_uav/src/uav_visual_landing -DBUILD_TESTING=ON -DCMAKE_EXPORT_COMPILE_COMMANDS=ON -DCMAKE_INSTALL_PREFIX=/home/th1rt3en/doco/uav_hw/src/workspace/doco_uav/install_static_scan/uav_visual_landing
