[0.090s] DEBUG:colcon:Command line arguments: ['/home/th1rt3en/.local/bin/colcon', '--log-base', 'log_static_check', 'build', '--build-base', 'build_static_check', '--install-base', 'install_static_check', '--event-handlers', 'console_direct+', '--merge-install', '--cmake-args', '-DBUILD_TESTING=ON', '-DCMAKE_BUILD_TYPE=RelWithDebInfo', '--packages-select', 'uav_bridge', 'uav_bringup', 'uav_description', 'uav_mode_supervisor', 'uav_visual_landing']
[0.090s] DEBUG:colcon:Parsed command line arguments: Namespace(log_base='log_static_check', log_level=None, verb_name='build', build_base='/home/th1rt3en/doco/uav_hw/src/workspace/doco_uav/build_static_check', install_base='/home/th1rt3en/doco/uav_hw/src/workspace/doco_uav/install_static_check', merge_install=True, symlink_install=False, test_result_base=None, continue_on_error=False, executor='parallel', parallel_workers=16, event_handlers=['console_direct+'], ignore_user_meta=False, metas=['./colcon.meta'], base_paths=['.'], packages_ignore=None, packages_ignore_regex=None, paths=None, packages_up_to=None, packages_up_to_regex=None, packages_above=None, packages_above_and_dependencies=None, packages_above_depth=None, packages_select_by_dep=None, packages_skip_by_dep=None, packages_skip_up_to=None, packages_select_build_failed=False, packages_skip_build_finished=False, packages_select_test_failures=False, packages_skip_test_passed=False, packages_select=['uav_bridge', 'uav_bringup', 'uav_description', 'uav_mode_supervisor', 'uav_visual_landing'], packages_skip=None, packages_select_regex=None, packages_skip_regex=None, packages_start=None, packages_end=None, cmake_args=['-DBUILD_TESTING=ON', '-DCMAKE_BUILD_TYPE=RelWithDebInfo'], cmake_target=None, cmake_target_skip_unavailable=False, cmake_clean_cache=False, cmake_clean_first=False, cmake_force_configure=False, ament_cmake_args=None, catkin_cmake_args=None, catkin_skip_building_tests=False, verb_parser=<colcon_defaults.argument_parser.defaults.DefaultArgumentsDecorator object at 0x7481a5a35270>, verb_extension=<colcon_core.verb.build.BuildVerb object at 0x7481a5a34cd0>, main=<bound method BuildVerb.main of <colcon_core.verb.build.BuildVerb object at 0x7481a5a34cd0>>)
[0.184s] Level 1:colcon.colcon_core.package_discovery:discover_packages(colcon_meta) check parameters
[0.184s] Level 1:colcon.colcon_core.package_discovery:discover_packages(recursive) check parameters
[0.184s] Level 1:colcon.colcon_core.package_discovery:discover_packages(ignore) check parameters
[0.184s] Level 1:colcon.colcon_core.package_discovery:discover_packages(path) check parameters
[0.184s] Level 1:colcon.colcon_core.package_discovery:discover_packages(colcon_meta) discover
[0.184s] Level 1:colcon.colcon_core.package_discovery:discover_packages(recursive) discover
[0.184s] INFO:colcon.colcon_core.package_discovery:Crawling recursively for packages in '/home/th1rt3en/doco/uav_hw/src/workspace/doco_uav'
[0.184s] Level 1:colcon.colcon_core.package_identification:_identify(.) by extensions ['ignore', 'ignore_ament_install']
[0.184s] Level 1:colcon.colcon_core.package_identification:_identify(.) by extension 'ignore'
[0.184s] Level 1:colcon.colcon_core.package_identification:_identify(.) by extension 'ignore_ament_install'
[0.184s] Level 1:colcon.colcon_core.package_identification:_identify(.) by extensions ['colcon_pkg']
[0.184s] Level 1:colcon.colcon_core.package_identification:_identify(.) by extension 'colcon_pkg'
[0.184s] Level 1:colcon.colcon_core.package_identification:_identify(.) by extensions ['colcon_meta']
[0.185s] Level 1:colcon.colcon_core.package_identification:_identify(.) by extension 'colcon_meta'
[0.185s] Level 1:colcon.colcon_core.package_identification:_identify(.) by extensions ['ros']
[0.185s] Level 1:colcon.colcon_core.package_identification:_identify(.) by extension 'ros'
[0.193s] Level 1:colcon.colcon_core.package_identification:_identify(.) by extensions ['cmake', 'python']
[0.193s] Level 1:colcon.colcon_core.package_identification:_identify(.) by extension 'cmake'
[0.193s] Level 1:colcon.colcon_core.package_identification:_identify(.) by extension 'python'
[0.193s] Level 1:colcon.colcon_core.package_identification:_identify(.) by extensions ['python_setup_py']
[0.193s] Level 1:colcon.colcon_core.package_identification:_identify(.) by extension 'python_setup_py'
[0.193s] Level 1:colcon.colcon_core.package_identification:_identify(build) by extensions ['ignore', 'ignore_ament_install']
[0.193s] Level 1:colcon.colcon_core.package_identification:_identify(build) by extension 'ignore'
[0.193s] Level 1:colcon.colcon_core.package_identification:_identify(build) ignored
[0.193s] Level 1:colcon.colcon_core.package_identification:_identify(build_static_check) by extensions ['ignore', 'ignore_ament_install']
[0.193s] Level 1:colcon.colcon_core.package_identification:_identify(build_static_check) by extension 'ignore'
[0.193s] Level 1:colcon.colcon_core.package_identification:_identify(build_static_check) ignored
[0.193s] Level 1:colcon.colcon_core.package_identification:_identify(install) by extensions ['ignore', 'ignore_ament_install']
[0.193s] Level 1:colcon.colcon_core.package_identification:_identify(install) by extension 'ignore'
[0.193s] Level 1:colcon.colcon_core.package_identification:_identify(install) ignored
[0.193s] Level 1:colcon.colcon_core.package_identification:_identify(install_static_check) by extensions ['ignore', 'ignore_ament_install']
[0.193s] Level 1:colcon.colcon_core.package_identification:_identify(install_static_check) by extension 'ignore'
[0.193s] Level 1:colcon.colcon_core.package_identification:_identify(install_static_check) ignored
[0.193s] Level 1:colcon.colcon_core.package_identification:_identify(log) by extensions ['ignore', 'ignore_ament_install']
[0.193s] Level 1:colcon.colcon_core.package_identification:_identify(log) by extension 'ignore'
[0.193s] Level 1:colcon.colcon_core.package_identification:_identify(log) ignored
[0.193s] Level 1:colcon.colcon_core.package_identification:_identify(log_static_check) by extensions ['ignore', 'ignore_ament_install']
[0.193s] Level 1:colcon.colcon_core.package_identification:_identify(log_static_check) by extension 'ignore'
[0.194s] Level 1:colcon.colcon_core.package_identification:_identify(log_static_check) ignored
[0.194s] Level 1:colcon.colcon_core.package_identification:_identify(src) by extensions ['ignore', 'ignore_ament_install']
[0.194s] Level 1:colcon.colcon_core.package_identification:_identify(src) by extension 'ignore'
[0.194s] Level 1:colcon.colcon_core.package_identification:_identify(src) by extension 'ignore_ament_install'
[0.194s] Level 1:colcon.colcon_core.package_identification:_identify(src) by extensions ['colcon_pkg']
[0.194s] Level 1:colcon.colcon_core.package_identification:_identify(src) by extension 'colcon_pkg'
[0.194s] Level 1:colcon.colcon_core.package_identification:_identify(src) by extensions ['colcon_meta']
[0.194s] Level 1:colcon.colcon_core.package_identification:_identify(src) by extension 'colcon_meta'
[0.194s] Level 1:colcon.colcon_core.package_identification:_identify(src) by extensions ['ros']
[0.194s] Level 1:colcon.colcon_core.package_identification:_identify(src) by extension 'ros'
[0.194s] Level 1:colcon.colcon_core.package_identification:_identify(src) by extensions ['cmake', 'python']
[0.194s] Level 1:colcon.colcon_core.package_identification:_identify(src) by extension 'cmake'
[0.194s] Level 1:colcon.colcon_core.package_identification:_identify(src) by extension 'python'
[0.194s] Level 1:colcon.colcon_core.package_identification:_identify(src) by extensions ['python_setup_py']
[0.194s] Level 1:colcon.colcon_core.package_identification:_identify(src) by extension 'python_setup_py'
[0.194s] Level 1:colcon.colcon_core.package_identification:_identify(src/uav_bridge) by extensions ['ignore', 'ignore_ament_install']
[0.194s] Level 1:colcon.colcon_core.package_identification:_identify(src/uav_bridge) by extension 'ignore'
[0.194s] Level 1:colcon.colcon_core.package_identification:_identify(src/uav_bridge) by extension 'ignore_ament_install'
[0.194s] Level 1:colcon.colcon_core.package_identification:_identify(src/uav_bridge) by extensions ['colcon_pkg']
[0.194s] Level 1:colcon.colcon_core.package_identification:_identify(src/uav_bridge) by extension 'colcon_pkg'
[0.194s] Level 1:colcon.colcon_core.package_identification:_identify(src/uav_bridge) by extensions ['colcon_meta']
[0.194s] Level 1:colcon.colcon_core.package_identification:_identify(src/uav_bridge) by extension 'colcon_meta'
[0.194s] Level 1:colcon.colcon_core.package_identification:_identify(src/uav_bridge) by extensions ['ros']
[0.194s] Level 1:colcon.colcon_core.package_identification:_identify(src/uav_bridge) by extension 'ros'
[0.196s] DEBUG:colcon.colcon_core.package_identification:Package 'src/uav_bridge' with type 'ros.ament_cmake' and name 'uav_bridge'
[0.196s] Level 1:colcon.colcon_core.package_identification:_identify(src/uav_bringup) by extensions ['ignore', 'ignore_ament_install']
[0.196s] Level 1:colcon.colcon_core.package_identification:_identify(src/uav_bringup) by extension 'ignore'
[0.196s] Level 1:colcon.colcon_core.package_identification:_identify(src/uav_bringup) by extension 'ignore_ament_install'
[0.196s] Level 1:colcon.colcon_core.package_identification:_identify(src/uav_bringup) by extensions ['colcon_pkg']
[0.196s] Level 1:colcon.colcon_core.package_identification:_identify(src/uav_bringup) by extension 'colcon_pkg'
[0.196s] Level 1:colcon.colcon_core.package_identification:_identify(src/uav_bringup) by extensions ['colcon_meta']
[0.196s] Level 1:colcon.colcon_core.package_identification:_identify(src/uav_bringup) by extension 'colcon_meta'
[0.196s] Level 1:colcon.colcon_core.package_identification:_identify(src/uav_bringup) by extensions ['ros']
[0.196s] Level 1:colcon.colcon_core.package_identification:_identify(src/uav_bringup) by extension 'ros'
[0.197s] DEBUG:colcon.colcon_core.package_identification:Package 'src/uav_bringup' with type 'ros.ament_cmake' and name 'uav_bringup'
[0.197s] Level 1:colcon.colcon_core.package_identification:_identify(src/uav_description) by extensions ['ignore', 'ignore_ament_install']
[0.197s] Level 1:colcon.colcon_core.package_identification:_identify(src/uav_description) by extension 'ignore'
[0.197s] Level 1:colcon.colcon_core.package_identification:_identify(src/uav_description) by extension 'ignore_ament_install'
[0.197s] Level 1:colcon.colcon_core.package_identification:_identify(src/uav_description) by extensions ['colcon_pkg']
[0.197s] Level 1:colcon.colcon_core.package_identification:_identify(src/uav_description) by extension 'colcon_pkg'
[0.197s] Level 1:colcon.colcon_core.package_identification:_identify(src/uav_description) by extensions ['colcon_meta']
[0.197s] Level 1:colcon.colcon_core.package_identification:_identify(src/uav_description) by extension 'colcon_meta'
[0.197s] Level 1:colcon.colcon_core.package_identification:_identify(src/uav_description) by extensions ['ros']
[0.197s] Level 1:colcon.colcon_core.package_identification:_identify(src/uav_description) by extension 'ros'
[0.197s] DEBUG:colcon.colcon_core.package_identification:Package 'src/uav_description' with type 'ros.ament_cmake' and name 'uav_description'
[0.197s] Level 1:colcon.colcon_core.package_identification:_identify(src/uav_mode_supervisor) by extensions ['ignore', 'ignore_ament_install']
[0.197s] Level 1:colcon.colcon_core.package_identification:_identify(src/uav_mode_supervisor) by extension 'ignore'
[0.197s] Level 1:colcon.colcon_core.package_identification:_identify(src/uav_mode_supervisor) by extension 'ignore_ament_install'
[0.197s] Level 1:colcon.colcon_core.package_identification:_identify(src/uav_mode_supervisor) by extensions ['colcon_pkg']
[0.197s] Level 1:colcon.colcon_core.package_identification:_identify(src/uav_mode_supervisor) by extension 'colcon_pkg'
[0.197s] Level 1:colcon.colcon_core.package_identification:_identify(src/uav_mode_supervisor) by extensions ['colcon_meta']
[0.197s] Level 1:colcon.colcon_core.package_identification:_identify(src/uav_mode_supervisor) by extension 'colcon_meta'
[0.197s] Level 1:colcon.colcon_core.package_identification:_identify(src/uav_mode_supervisor) by extensions ['ros']
[0.198s] Level 1:colcon.colcon_core.package_identification:_identify(src/uav_mode_supervisor) by extension 'ros'
[0.198s] DEBUG:colcon.colcon_core.package_identification:Package 'src/uav_mode_supervisor' with type 'ros.ament_cmake' and name 'uav_mode_supervisor'
[0.198s] Level 1:colcon.colcon_core.package_identification:_identify(src/uav_visual_landing) by extensions ['ignore', 'ignore_ament_install']
[0.198s] Level 1:colcon.colcon_core.package_identification:_identify(src/uav_visual_landing) by extension 'ignore'
[0.198s] Level 1:colcon.colcon_core.package_identification:_identify(src/uav_visual_landing) by extension 'ignore_ament_install'
[0.198s] Level 1:colcon.colcon_core.package_identification:_identify(src/uav_visual_landing) by extensions ['colcon_pkg']
[0.198s] Level 1:colcon.colcon_core.package_identification:_identify(src/uav_visual_landing) by extension 'colcon_pkg'
[0.198s] Level 1:colcon.colcon_core.package_identification:_identify(src/uav_visual_landing) by extensions ['colcon_meta']
[0.198s] Level 1:colcon.colcon_core.package_identification:_identify(src/uav_visual_landing) by extension 'colcon_meta'
[0.198s] Level 1:colcon.colcon_core.package_identification:_identify(src/uav_visual_landing) by extensions ['ros']
[0.198s] Level 1:colcon.colcon_core.package_identification:_identify(src/uav_visual_landing) by extension 'ros'
[0.199s] DEBUG:colcon.colcon_core.package_identification:Package 'src/uav_visual_landing' with type 'ros.ament_cmake' and name 'uav_visual_landing'
[0.199s] Level 1:colcon.colcon_core.package_discovery:discover_packages(recursive) using defaults
[0.199s] Level 1:colcon.colcon_core.package_discovery:discover_packages(ignore) discover
[0.199s] Level 1:colcon.colcon_core.package_discovery:discover_packages(ignore) using defaults
[0.199s] Level 1:colcon.colcon_core.package_discovery:discover_packages(path) discover
[0.199s] Level 1:colcon.colcon_core.package_discovery:discover_packages(path) using defaults
[0.212s] Level 5:colcon.colcon_core.verb:set package 'uav_bridge' build argument 'cmake_args' from command line to '['-DBUILD_TESTING=ON', '-DCMAKE_BUILD_TYPE=RelWithDebInfo']'
[0.212s] Level 5:colcon.colcon_core.verb:set package 'uav_bridge' build argument 'cmake_target' from command line to 'None'
[0.212s] Level 5:colcon.colcon_core.verb:set package 'uav_bridge' build argument 'cmake_target_skip_unavailable' from command line to 'False'
[0.212s] Level 5:colcon.colcon_core.verb:set package 'uav_bridge' build argument 'cmake_clean_cache' from command line to 'False'
[0.212s] Level 5:colcon.colcon_core.verb:set package 'uav_bridge' build argument 'cmake_clean_first' from command line to 'False'
[0.212s] Level 5:colcon.colcon_core.verb:set package 'uav_bridge' build argument 'cmake_force_configure' from command line to 'False'
[0.212s] Level 5:colcon.colcon_core.verb:set package 'uav_bridge' build argument 'ament_cmake_args' from command line to 'None'
[0.212s] Level 5:colcon.colcon_core.verb:set package 'uav_bridge' build argument 'catkin_cmake_args' from command line to 'None'
[0.212s] Level 5:colcon.colcon_core.verb:set package 'uav_bridge' build argument 'catkin_skip_building_tests' from command line to 'False'
[0.212s] DEBUG:colcon.colcon_core.verb:Building package 'uav_bridge' with the following arguments: {'ament_cmake_args': None, 'build_base': '/home/th1rt3en/doco/uav_hw/src/workspace/doco_uav/build_static_check/uav_bridge', 'catkin_cmake_args': None, 'catkin_skip_building_tests': False, 'cmake_args': ['-DBUILD_TESTING=ON', '-DCMAKE_BUILD_TYPE=RelWithDebInfo'], 'cmake_clean_cache': False, 'cmake_clean_first': False, 'cmake_force_configure': False, 'cmake_target': None, 'cmake_target_skip_unavailable': False, 'install_base': '/home/th1rt3en/doco/uav_hw/src/workspace/doco_uav/install_static_check', 'merge_install': True, 'path': '/home/th1rt3en/doco/uav_hw/src/workspace/doco_uav/src/uav_bridge', 'symlink_install': False, 'test_result_base': None}
[0.212s] Level 5:colcon.colcon_core.verb:set package 'uav_description' build argument 'cmake_args' from command line to '['-DBUILD_TESTING=ON', '-DCMAKE_BUILD_TYPE=RelWithDebInfo']'
[0.212s] Level 5:colcon.colcon_core.verb:set package 'uav_description' build argument 'cmake_target' from command line to 'None'
[0.212s] Level 5:colcon.colcon_core.verb:set package 'uav_description' build argument 'cmake_target_skip_unavailable' from command line to 'False'
[0.212s] Level 5:colcon.colcon_core.verb:set package 'uav_description' build argument 'cmake_clean_cache' from command line to 'False'
[0.212s] Level 5:colcon.colcon_core.verb:set package 'uav_description' build argument 'cmake_clean_first' from command line to 'False'
[0.212s] Level 5:colcon.colcon_core.verb:set package 'uav_description' build argument 'cmake_force_configure' from command line to 'False'
[0.212s] Level 5:colcon.colcon_core.verb:set package 'uav_description' build argument 'ament_cmake_args' from command line to 'None'
[0.212s] Level 5:colcon.colcon_core.verb:set package 'uav_description' build argument 'catkin_cmake_args' from command line to 'None'
[0.212s] Level 5:colcon.colcon_core.verb:set package 'uav_description' build argument 'catkin_skip_building_tests' from command line to 'False'
[0.212s] DEBUG:colcon.colcon_core.verb:Building package 'uav_description' with the following arguments: {'ament_cmake_args': None, 'build_base': '/home/th1rt3en/doco/uav_hw/src/workspace/doco_uav/build_static_check/uav_description', 'catkin_cmake_args': None, 'catkin_skip_building_tests': False, 'cmake_args': ['-DBUILD_TESTING=ON', '-DCMAKE_BUILD_TYPE=RelWithDebInfo'], 'cmake_clean_cache': False, 'cmake_clean_first': False, 'cmake_force_configure': False, 'cmake_target': None, 'cmake_target_skip_unavailable': False, 'install_base': '/home/th1rt3en/doco/uav_hw/src/workspace/doco_uav/install_static_check', 'merge_install': True, 'path': '/home/th1rt3en/doco/uav_hw/src/workspace/doco_uav/src/uav_description', 'symlink_install': False, 'test_result_base': None}
[0.212s] Level 5:colcon.colcon_core.verb:set package 'uav_visual_landing' build argument 'cmake_args' from command line to '['-DBUILD_TESTING=ON', '-DCMAKE_BUILD_TYPE=RelWithDebInfo']'
[0.212s] Level 5:colcon.colcon_core.verb:set package 'uav_visual_landing' build argument 'cmake_target' from command line to 'None'
[0.212s] Level 5:colcon.colcon_core.verb:set package 'uav_visual_landing' build argument 'cmake_target_skip_unavailable' from command line to 'False'
[0.212s] Level 5:colcon.colcon_core.verb:set package 'uav_visual_landing' build argument 'cmake_clean_cache' from command line to 'False'
[0.212s] Level 5:colcon.colcon_core.verb:set package 'uav_visual_landing' build argument 'cmake_clean_first' from command line to 'False'
[0.212s] Level 5:colcon.colcon_core.verb:set package 'uav_visual_landing' build argument 'cmake_force_configure' from command line to 'False'
[0.212s] Level 5:colcon.colcon_core.verb:set package 'uav_visual_landing' build argument 'ament_cmake_args' from command line to 'None'
[0.212s] Level 5:colcon.colcon_core.verb:set package 'uav_visual_landing' build argument 'catkin_cmake_args' from command line to 'None'
[0.212s] Level 5:colcon.colcon_core.verb:set package 'uav_visual_landing' build argument 'catkin_skip_building_tests' from command line to 'False'
[0.213s] DEBUG:colcon.colcon_core.verb:Building package 'uav_visual_landing' with the following arguments: {'ament_cmake_args': None, 'build_base': '/home/th1rt3en/doco/uav_hw/src/workspace/doco_uav/build_static_check/uav_visual_landing', 'catkin_cmake_args': None, 'catkin_skip_building_tests': False, 'cmake_args': ['-DBUILD_TESTING=ON', '-DCMAKE_BUILD_TYPE=RelWithDebInfo'], 'cmake_clean_cache': False, 'cmake_clean_first': False, 'cmake_force_configure': False, 'cmake_target': None, 'cmake_target_skip_unavailable': False, 'install_base': '/home/th1rt3en/doco/uav_hw/src/workspace/doco_uav/install_static_check', 'merge_install': True, 'path': '/home/th1rt3en/doco/uav_hw/src/workspace/doco_uav/src/uav_visual_landing', 'symlink_install': False, 'test_result_base': None}
[0.213s] Level 5:colcon.colcon_core.verb:set package 'uav_bringup' build argument 'cmake_args' from command line to '['-DBUILD_TESTING=ON', '-DCMAKE_BUILD_TYPE=RelWithDebInfo']'
[0.213s] Level 5:colcon.colcon_core.verb:set package 'uav_bringup' build argument 'cmake_target' from command line to 'None'
[0.213s] Level 5:colcon.colcon_core.verb:set package 'uav_bringup' build argument 'cmake_target_skip_unavailable' from command line to 'False'
[0.213s] Level 5:colcon.colcon_core.verb:set package 'uav_bringup' build argument 'cmake_clean_cache' from command line to 'False'
[0.213s] Level 5:colcon.colcon_core.verb:set package 'uav_bringup' build argument 'cmake_clean_first' from command line to 'False'
[0.213s] Level 5:colcon.colcon_core.verb:set package 'uav_bringup' build argument 'cmake_force_configure' from command line to 'False'
[0.213s] Level 5:colcon.colcon_core.verb:set package 'uav_bringup' build argument 'ament_cmake_args' from command line to 'None'
[0.213s] Level 5:colcon.colcon_core.verb:set package 'uav_bringup' build argument 'catkin_cmake_args' from command line to 'None'
[0.213s] Level 5:colcon.colcon_core.verb:set package 'uav_bringup' build argument 'catkin_skip_building_tests' from command line to 'False'
[0.213s] DEBUG:colcon.colcon_core.verb:Building package 'uav_bringup' with the following arguments: {'ament_cmake_args': None, 'build_base': '/home/th1rt3en/doco/uav_hw/src/workspace/doco_uav/build_static_check/uav_bringup', 'catkin_cmake_args': None, 'catkin_skip_building_tests': False, 'cmake_args': ['-DBUILD_TESTING=ON', '-DCMAKE_BUILD_TYPE=RelWithDebInfo'], 'cmake_clean_cache': False, 'cmake_clean_first': False, 'cmake_force_configure': False, 'cmake_target': None, 'cmake_target_skip_unavailable': False, 'install_base': '/home/th1rt3en/doco/uav_hw/src/workspace/doco_uav/install_static_check', 'merge_install': True, 'path': '/home/th1rt3en/doco/uav_hw/src/workspace/doco_uav/src/uav_bringup', 'symlink_install': False, 'test_result_base': None}
[0.213s] Level 5:colcon.colcon_core.verb:set package 'uav_mode_supervisor' build argument 'cmake_args' from command line to '['-DBUILD_TESTING=ON', '-DCMAKE_BUILD_TYPE=RelWithDebInfo']'
[0.213s] Level 5:colcon.colcon_core.verb:set package 'uav_mode_supervisor' build argument 'cmake_target' from command line to 'None'
[0.213s] Level 5:colcon.colcon_core.verb:set package 'uav_mode_supervisor' build argument 'cmake_target_skip_unavailable' from command line to 'False'
[0.213s] Level 5:colcon.colcon_core.verb:set package 'uav_mode_supervisor' build argument 'cmake_clean_cache' from command line to 'False'
[0.213s] Level 5:colcon.colcon_core.verb:set package 'uav_mode_supervisor' build argument 'cmake_clean_first' from command line to 'False'
[0.213s] Level 5:colcon.colcon_core.verb:set package 'uav_mode_supervisor' build argument 'cmake_force_configure' from command line to 'False'
[0.213s] Level 5:colcon.colcon_core.verb:set package 'uav_mode_supervisor' build argument 'ament_cmake_args' from command line to 'None'
[0.213s] Level 5:colcon.colcon_core.verb:set package 'uav_mode_supervisor' build argument 'catkin_cmake_args' from command line to 'None'
[0.213s] Level 5:colcon.colcon_core.verb:set package 'uav_mode_supervisor' build argument 'catkin_skip_building_tests' from command line to 'False'
[0.213s] DEBUG:colcon.colcon_core.verb:Building package 'uav_mode_supervisor' with the following arguments: {'ament_cmake_args': None, 'build_base': '/home/th1rt3en/doco/uav_hw/src/workspace/doco_uav/build_static_check/uav_mode_supervisor', 'catkin_cmake_args': None, 'catkin_skip_building_tests': False, 'cmake_args': ['-DBUILD_TESTING=ON', '-DCMAKE_BUILD_TYPE=RelWithDebInfo'], 'cmake_clean_cache': False, 'cmake_clean_first': False, 'cmake_force_configure': False, 'cmake_target': None, 'cmake_target_skip_unavailable': False, 'install_base': '/home/th1rt3en/doco/uav_hw/src/workspace/doco_uav/install_static_check', 'merge_install': True, 'path': '/home/th1rt3en/doco/uav_hw/src/workspace/doco_uav/src/uav_mode_supervisor', 'symlink_install': False, 'test_result_base': None}
[0.213s] INFO:colcon.colcon_core.executor:Executing jobs using 'parallel' executor
[0.214s] DEBUG:colcon.colcon_parallel_executor.executor.parallel:run_until_complete
[0.215s] INFO:colcon.colcon_ros.task.ament_cmake.build:Building ROS package in '/home/th1rt3en/doco/uav_hw/src/workspace/doco_uav/src/uav_visual_landing' with build type 'ament_cmake'
[0.215s] INFO:colcon.colcon_cmake.task.cmake.build:Building CMake package in '/home/th1rt3en/doco/uav_hw/src/workspace/doco_uav/src/uav_visual_landing'
[0.219s] INFO:colcon.colcon_core.plugin_system:Skipping extension 'colcon_core.shell.bat': Not used on non-Windows systems
[0.219s] INFO:colcon.colcon_core.shell:Skip shell extension 'powershell' for command environment: Not usable outside of PowerShell
[0.219s] DEBUG:colcon.colcon_core.shell:Skip shell extension 'dsv' for command environment
[0.224s] INFO:colcon.colcon_ros.task.ament_cmake.build:Building ROS package in '/home/th1rt3en/doco/uav_hw/src/workspace/doco_uav/src/uav_bridge' with build type 'ament_cmake'
[0.224s] INFO:colcon.colcon_cmake.task.cmake.build:Building CMake package in '/home/th1rt3en/doco/uav_hw/src/workspace/doco_uav/src/uav_bridge'
[0.225s] INFO:colcon.colcon_core.shell:Skip shell extension 'powershell' for command environment: Not usable outside of PowerShell
[0.225s] DEBUG:colcon.colcon_core.shell:Skip shell extension 'dsv' for command environment
[0.226s] INFO:colcon.colcon_ros.task.ament_cmake.build:Building ROS package in '/home/th1rt3en/doco/uav_hw/src/workspace/doco_uav/src/uav_description' with build type 'ament_cmake'
[0.226s] INFO:colcon.colcon_cmake.task.cmake.build:Building CMake package in '/home/th1rt3en/doco/uav_hw/src/workspace/doco_uav/src/uav_description'
[0.226s] INFO:colcon.colcon_core.shell:Skip shell extension 'powershell' for command environment: Not usable outside of PowerShell
[0.226s] DEBUG:colcon.colcon_core.shell:Skip shell extension 'dsv' for command environment
[0.231s] DEBUG:colcon.colcon_core.event_handler.log_command:Invoking command in '/home/th1rt3en/doco/uav_hw/src/workspace/doco_uav/build_static_check/uav_visual_landing': CMAKE_PREFIX_PATH=/opt/ros/humble /usr/bin/cmake /home/th1rt3en/doco/uav_hw/src/workspace/doco_uav/src/uav_visual_landing -DBUILD_TESTING=ON -DCMAKE_BUILD_TYPE=RelWithDebInfo -DCMAKE_INSTALL_PREFIX=/home/th1rt3en/doco/uav_hw/src/workspace/doco_uav/install_static_check
[0.232s] DEBUG:colcon.colcon_core.event_handler.log_command:Invoking command in '/home/th1rt3en/doco/uav_hw/src/workspace/doco_uav/build_static_check/uav_bridge': CMAKE_PREFIX_PATH=/opt/ros/humble /usr/bin/cmake /home/th1rt3en/doco/uav_hw/src/workspace/doco_uav/src/uav_bridge -DBUILD_TESTING=ON -DCMAKE_BUILD_TYPE=RelWithDebInfo -DCMAKE_INSTALL_PREFIX=/home/th1rt3en/doco/uav_hw/src/workspace/doco_uav/install_static_check
[0.234s] DEBUG:colcon.colcon_core.event_handler.log_command:Invoking command in '/home/th1rt3en/doco/uav_hw/src/workspace/doco_uav/build_static_check/uav_description': CMAKE_PREFIX_PATH=/opt/ros/humble /usr/bin/cmake /home/th1rt3en/doco/uav_hw/src/workspace/doco_uav/src/uav_description -DBUILD_TESTING=ON -DCMAKE_BUILD_TYPE=RelWithDebInfo -DCMAKE_INSTALL_PREFIX=/home/th1rt3en/doco/uav_hw/src/workspace/doco_uav/install_static_check
[0.877s] DEBUG:colcon.colcon_core.event_handler.log_command:Invoked command in '/home/th1rt3en/doco/uav_hw/src/workspace/doco_uav/build_static_check/uav_description' returned '0': CMAKE_PREFIX_PATH=/opt/ros/humble /usr/bin/cmake /home/th1rt3en/doco/uav_hw/src/workspace/doco_uav/src/uav_description -DBUILD_TESTING=ON -DCMAKE_BUILD_TYPE=RelWithDebInfo -DCMAKE_INSTALL_PREFIX=/home/th1rt3en/doco/uav_hw/src/workspace/doco_uav/install_static_check
[0.880s] DEBUG:colcon.colcon_core.event_handler.log_command:Invoking command in '/home/th1rt3en/doco/uav_hw/src/workspace/doco_uav/build_static_check/uav_description': CMAKE_PREFIX_PATH=/opt/ros/humble /usr/bin/cmake --build /home/th1rt3en/doco/uav_hw/src/workspace/doco_uav/build_static_check/uav_description -- -j16 -l16
[0.922s] DEBUG:colcon.colcon_core.event_handler.log_command:Invoked command in '/home/th1rt3en/doco/uav_hw/src/workspace/doco_uav/build_static_check/uav_description' returned '0': CMAKE_PREFIX_PATH=/opt/ros/humble /usr/bin/cmake --build /home/th1rt3en/doco/uav_hw/src/workspace/doco_uav/build_static_check/uav_description -- -j16 -l16
[0.934s] DEBUG:colcon.colcon_core.event_handler.log_command:Invoking command in '/home/th1rt3en/doco/uav_hw/src/workspace/doco_uav/build_static_check/uav_description': CMAKE_PREFIX_PATH=/opt/ros/humble /usr/bin/cmake --install /home/th1rt3en/doco/uav_hw/src/workspace/doco_uav/build_static_check/uav_description
[0.971s] Level 1:colcon.colcon_core.environment:create_environment_scripts_only(uav_description)
[0.972s] DEBUG:colcon.colcon_core.event_handler.log_command:Invoked command in '/home/th1rt3en/doco/uav_hw/src/workspace/doco_uav/build_static_check/uav_description' returned '0': CMAKE_PREFIX_PATH=/opt/ros/humble /usr/bin/cmake --install /home/th1rt3en/doco/uav_hw/src/workspace/doco_uav/build_static_check/uav_description
[0.975s] Level 1:colcon.colcon_core.environment:checking '/home/th1rt3en/doco/uav_hw/src/workspace/doco_uav/install_static_check' for CMake module files
[0.975s] Level 1:colcon.colcon_core.environment:checking '/home/th1rt3en/doco/uav_hw/src/workspace/doco_uav/install_static_check' for CMake config files
[0.975s] Level 1:colcon.colcon_core.shell:create_environment_hook('uav_description', 'cmake_prefix_path')
[0.975s] INFO:colcon.colcon_core.shell:Creating environment hook '/home/th1rt3en/doco/uav_hw/src/workspace/doco_uav/install_static_check/share/uav_description/hook/cmake_prefix_path.ps1'
[0.976s] INFO:colcon.colcon_core.shell:Creating environment descriptor '/home/th1rt3en/doco/uav_hw/src/workspace/doco_uav/install_static_check/share/uav_description/hook/cmake_prefix_path.dsv'
[0.976s] INFO:colcon.colcon_core.shell:Creating environment hook '/home/th1rt3en/doco/uav_hw/src/workspace/doco_uav/install_static_check/share/uav_description/hook/cmake_prefix_path.sh'
[0.977s] Level 1:colcon.colcon_core.environment:checking '/home/th1rt3en/doco/uav_hw/src/workspace/doco_uav/install_static_check/bin'
[0.977s] Level 1:colcon.colcon_core.environment:checking '/home/th1rt3en/doco/uav_hw/src/workspace/doco_uav/install_static_check/lib/pkgconfig/uav_description.pc'
[0.979s] Level 1:colcon.colcon_core.environment:checking '/home/th1rt3en/doco/uav_hw/src/workspace/doco_uav/install_static_check/lib/python3.10/site-packages'
[0.979s] Level 1:colcon.colcon_core.environment:checking '/home/th1rt3en/doco/uav_hw/src/workspace/doco_uav/install_static_check/bin'
[0.979s] INFO:colcon.colcon_core.shell:Creating package script '/home/th1rt3en/doco/uav_hw/src/workspace/doco_uav/install_static_check/share/uav_description/package.ps1'
[0.980s] INFO:colcon.colcon_core.shell:Creating package descriptor '/home/th1rt3en/doco/uav_hw/src/workspace/doco_uav/install_static_check/share/uav_description/package.dsv'
[0.980s] INFO:colcon.colcon_core.shell:Creating package script '/home/th1rt3en/doco/uav_hw/src/workspace/doco_uav/install_static_check/share/uav_description/package.sh'
[0.981s] INFO:colcon.colcon_core.shell:Creating package script '/home/th1rt3en/doco/uav_hw/src/workspace/doco_uav/install_static_check/share/uav_description/package.bash'
[0.981s] INFO:colcon.colcon_core.shell:Creating package script '/home/th1rt3en/doco/uav_hw/src/workspace/doco_uav/install_static_check/share/uav_description/package.zsh'
[0.982s] Level 1:colcon.colcon_core.environment:create_file_with_runtime_dependencies(/home/th1rt3en/doco/uav_hw/src/workspace/doco_uav/install_static_check/share/colcon-core/packages/uav_description)
[0.983s] Level 1:colcon.colcon_core.environment:create_environment_scripts_only(uav_description)
[0.984s] Level 1:colcon.colcon_core.environment:checking '/home/th1rt3en/doco/uav_hw/src/workspace/doco_uav/install_static_check' for CMake module files
[0.984s] Level 1:colcon.colcon_core.environment:checking '/home/th1rt3en/doco/uav_hw/src/workspace/doco_uav/install_static_check' for CMake config files
[0.984s] Level 1:colcon.colcon_core.shell:create_environment_hook('uav_description', 'cmake_prefix_path')
[0.984s] INFO:colcon.colcon_core.shell:Creating environment hook '/home/th1rt3en/doco/uav_hw/src/workspace/doco_uav/install_static_check/share/uav_description/hook/cmake_prefix_path.ps1'
[0.984s] INFO:colcon.colcon_core.shell:Creating environment descriptor '/home/th1rt3en/doco/uav_hw/src/workspace/doco_uav/install_static_check/share/uav_description/hook/cmake_prefix_path.dsv'
[0.985s] INFO:colcon.colcon_core.shell:Creating environment hook '/home/th1rt3en/doco/uav_hw/src/workspace/doco_uav/install_static_check/share/uav_description/hook/cmake_prefix_path.sh'
[0.985s] Level 1:colcon.colcon_core.environment:checking '/home/th1rt3en/doco/uav_hw/src/workspace/doco_uav/install_static_check/bin'
[0.985s] Level 1:colcon.colcon_core.environment:checking '/home/th1rt3en/doco/uav_hw/src/workspace/doco_uav/install_static_check/lib/pkgconfig/uav_description.pc'
[0.986s] Level 1:colcon.colcon_core.environment:checking '/home/th1rt3en/doco/uav_hw/src/workspace/doco_uav/install_static_check/lib/python3.10/site-packages'
[0.986s] Level 1:colcon.colcon_core.environment:checking '/home/th1rt3en/doco/uav_hw/src/workspace/doco_uav/install_static_check/bin'
[0.986s] INFO:colcon.colcon_core.shell:Creating package script '/home/th1rt3en/doco/uav_hw/src/workspace/doco_uav/install_static_check/share/uav_description/package.ps1'
[0.986s] INFO:colcon.colcon_core.shell:Creating package descriptor '/home/th1rt3en/doco/uav_hw/src/workspace/doco_uav/install_static_check/share/uav_description/package.dsv'
[0.987s] INFO:colcon.colcon_core.shell:Creating package script '/home/th1rt3en/doco/uav_hw/src/workspace/doco_uav/install_static_check/share/uav_description/package.sh'
[0.987s] INFO:colcon.colcon_core.shell:Creating package script '/home/th1rt3en/doco/uav_hw/src/workspace/doco_uav/install_static_check/share/uav_description/package.bash'
[0.987s] INFO:colcon.colcon_core.shell:Creating package script '/home/th1rt3en/doco/uav_hw/src/workspace/doco_uav/install_static_check/share/uav_description/package.zsh'
[0.987s] Level 1:colcon.colcon_core.environment:create_file_with_runtime_dependencies(/home/th1rt3en/doco/uav_hw/src/workspace/doco_uav/install_static_check/share/colcon-core/packages/uav_description)
[1.385s] DEBUG:colcon.colcon_core.event_handler.log_command:Invoked command in '/home/th1rt3en/doco/uav_hw/src/workspace/doco_uav/build_static_check/uav_visual_landing' returned '1': CMAKE_PREFIX_PATH=/opt/ros/humble /usr/bin/cmake /home/th1rt3en/doco/uav_hw/src/workspace/doco_uav/src/uav_visual_landing -DBUILD_TESTING=ON -DCMAKE_BUILD_TYPE=RelWithDebInfo -DCMAKE_INSTALL_PREFIX=/home/th1rt3en/doco/uav_hw/src/workspace/doco_uav/install_static_check
[1.399s] Level 1:colcon.colcon_core.environment:create_environment_scripts_only(uav_visual_landing)
[1.399s] Level 1:colcon.colcon_core.environment:checking '/home/th1rt3en/doco/uav_hw/src/workspace/doco_uav/install_static_check' for CMake module files
[1.400s] Level 1:colcon.colcon_core.environment:checking '/home/th1rt3en/doco/uav_hw/src/workspace/doco_uav/install_static_check' for CMake config files
[1.400s] Level 1:colcon.colcon_core.shell:create_environment_hook('uav_visual_landing', 'cmake_prefix_path')
[1.400s] INFO:colcon.colcon_core.shell:Creating environment hook '/home/th1rt3en/doco/uav_hw/src/workspace/doco_uav/install_static_check/share/uav_visual_landing/hook/cmake_prefix_path.ps1'
[1.400s] INFO:colcon.colcon_core.shell:Creating environment descriptor '/home/th1rt3en/doco/uav_hw/src/workspace/doco_uav/install_static_check/share/uav_visual_landing/hook/cmake_prefix_path.dsv'
[1.401s] INFO:colcon.colcon_core.shell:Creating environment hook '/home/th1rt3en/doco/uav_hw/src/workspace/doco_uav/install_static_check/share/uav_visual_landing/hook/cmake_prefix_path.sh'
[1.401s] Level 1:colcon.colcon_core.environment:checking '/home/th1rt3en/doco/uav_hw/src/workspace/doco_uav/install_static_check/bin'
[1.401s] Level 1:colcon.colcon_core.environment:checking '/home/th1rt3en/doco/uav_hw/src/workspace/doco_uav/install_static_check/lib/pkgconfig/uav_visual_landing.pc'
[1.401s] Level 1:colcon.colcon_core.environment:checking '/home/th1rt3en/doco/uav_hw/src/workspace/doco_uav/install_static_check/lib/python3.10/site-packages'
[1.401s] Level 1:colcon.colcon_core.environment:checking '/home/th1rt3en/doco/uav_hw/src/workspace/doco_uav/install_static_check/bin'
[1.401s] INFO:colcon.colcon_core.shell:Creating package script '/home/th1rt3en/doco/uav_hw/src/workspace/doco_uav/install_static_check/share/uav_visual_landing/package.ps1'
[1.402s] INFO:colcon.colcon_core.shell:Creating package descriptor '/home/th1rt3en/doco/uav_hw/src/workspace/doco_uav/install_static_check/share/uav_visual_landing/package.dsv'
[1.402s] INFO:colcon.colcon_core.shell:Creating package script '/home/th1rt3en/doco/uav_hw/src/workspace/doco_uav/install_static_check/share/uav_visual_landing/package.sh'
[1.402s] INFO:colcon.colcon_core.shell:Creating package script '/home/th1rt3en/doco/uav_hw/src/workspace/doco_uav/install_static_check/share/uav_visual_landing/package.bash'
[1.402s] INFO:colcon.colcon_core.shell:Creating package script '/home/th1rt3en/doco/uav_hw/src/workspace/doco_uav/install_static_check/share/uav_visual_landing/package.zsh'
[1.402s] Level 1:colcon.colcon_core.environment:create_file_with_runtime_dependencies(/home/th1rt3en/doco/uav_hw/src/workspace/doco_uav/install_static_check/share/colcon-core/packages/uav_visual_landing)
[1.497s] DEBUG:colcon.colcon_parallel_executor.executor.parallel:closing loop
[1.497s] DEBUG:colcon.colcon_parallel_executor.executor.parallel:loop closed
[1.497s] DEBUG:colcon.colcon_parallel_executor.executor.parallel:run_until_complete finished with '1'
[1.498s] DEBUG:colcon.colcon_core.event_reactor:joining thread
[1.528s] INFO:colcon.colcon_core.plugin_system:Skipping extension 'colcon_notification.desktop_notification.terminal_notifier': Not used on non-Darwin systems
[1.528s] INFO:colcon.colcon_core.plugin_system:Skipping extension 'colcon_notification.desktop_notification.win32': Not used on non-Windows systems
[1.528s] INFO:colcon.colcon_notification.desktop_notification:Sending desktop notification using 'notify2'
[1.541s] DEBUG:colcon.colcon_core.event_reactor:joined thread
[1.542s] INFO:colcon.colcon_core.shell:Creating prefix script '/home/th1rt3en/doco/uav_hw/src/workspace/doco_uav/install_static_check/local_setup.ps1'
[1.543s] INFO:colcon.colcon_core.shell:Creating prefix util module '/home/th1rt3en/doco/uav_hw/src/workspace/doco_uav/install_static_check/_local_setup_util_ps1.py'
[1.543s] INFO:colcon.colcon_core.shell:Creating prefix chain script '/home/th1rt3en/doco/uav_hw/src/workspace/doco_uav/install_static_check/setup.ps1'
[1.544s] INFO:colcon.colcon_core.shell:Creating prefix script '/home/th1rt3en/doco/uav_hw/src/workspace/doco_uav/install_static_check/local_setup.sh'
[1.545s] INFO:colcon.colcon_core.shell:Creating prefix util module '/home/th1rt3en/doco/uav_hw/src/workspace/doco_uav/install_static_check/_local_setup_util_sh.py'
[1.545s] INFO:colcon.colcon_core.shell:Creating prefix chain script '/home/th1rt3en/doco/uav_hw/src/workspace/doco_uav/install_static_check/setup.sh'
[1.546s] INFO:colcon.colcon_core.shell:Creating prefix script '/home/th1rt3en/doco/uav_hw/src/workspace/doco_uav/install_static_check/local_setup.bash'
[1.546s] INFO:colcon.colcon_core.shell:Creating prefix chain script '/home/th1rt3en/doco/uav_hw/src/workspace/doco_uav/install_static_check/setup.bash'
[1.547s] INFO:colcon.colcon_core.shell:Creating prefix script '/home/th1rt3en/doco/uav_hw/src/workspace/doco_uav/install_static_check/local_setup.zsh'
[1.547s] INFO:colcon.colcon_core.shell:Creating prefix chain script '/home/th1rt3en/doco/uav_hw/src/workspace/doco_uav/install_static_check/setup.zsh'
