[0.008s] Invoking command in '/home/th1rt3en/doco/uav_hw/src/workspace/doco_uav/build_static_check/uav_bridge': CMAKE_PREFIX_PATH=/opt/ros/humble /usr/bin/cmake /home/th1rt3en/doco/uav_hw/src/workspace/doco_uav/src/uav_bridge -DBUILD_TESTING=ON -DCMAKE_BUILD_TYPE=RelWithDebInfo -DCMAKE_INSTALL_PREFIX=/home/th1rt3en/doco/uav_hw/src/workspace/doco_uav/install_static_check
[0.126s] -- The C compiler identification is GNU 11.4.0
[0.209s] -- The CXX compiler identification is GNU 11.4.0
[0.217s] -- Detecting C compiler ABI info
[0.285s] -- Detecting C compiler ABI info - done
[0.290s] -- Check for working C compiler: /usr/bin/cc - skipped
[0.290s] -- Detecting C compile features
[0.290s] -- Detecting C compile features - done
[0.293s] -- Detecting CXX compiler ABI info
[0.369s] -- Detecting CXX compiler ABI info - done
[0.374s] -- Check for working CXX compiler: /usr/bin/c++ - skipped
[0.375s] -- Detecting CXX compile features
[0.375s] -- Detecting CXX compile features - done
[0.381s] -- Found ament_cmake: 1.3.13 (/opt/ros/humble/share/ament_cmake/cmake)
[0.513s] -- Found Python3: /usr/bin/python3 (found version "3.10.12") found components: Interpreter 
[0.594s] -- Found rclcpp: 16.0.18 (/opt/ros/humble/share/rclcpp/cmake)
[0.637s] -- Found rosidl_generator_c: 3.1.8 (/opt/ros/humble/share/rosidl_generator_c/cmake)
[0.641s] -- Found rosidl_adapter: 3.1.8 (/opt/ros/humble/share/rosidl_adapter/cmake)
[0.650s] -- Found rosidl_generator_cpp: 3.1.8 (/opt/ros/humble/share/rosidl_generator_cpp/cmake)
[0.663s] -- Using all available rosidl_typesupport_c: rosidl_typesupport_fastrtps_c;rosidl_typesupport_introspection_c
[0.676s] -- Using all available rosidl_typesupport_cpp: rosidl_typesupport_fastrtps_cpp;rosidl_typesupport_introspection_cpp
[0.717s] -- Found rmw_implementation_cmake: 6.1.2 (/opt/ros/humble/share/rmw_implementation_cmake/cmake)
[0.720s] -- Found rmw_fastrtps_cpp: 6.2.10 (/opt/ros/humble/share/rmw_fastrtps_cpp/cmake)
[0.815s] -- Found OpenSSL: /usr/lib/x86_64-linux-gnu/libcrypto.so (found version "3.0.2")  
[0.846s] -- Found FastRTPS: /opt/ros/humble/include  
[0.895s] -- Using RMW implementation 'rmw_fastrtps_cpp' as default
[0.906s] -- Looking for pthread.h
[0.978s] -- Looking for pthread.h - found
[0.978s] -- Performing Test CMAKE_HAVE_LIBC_PTHREAD
[1.045s] -- Performing Test CMAKE_HAVE_LIBC_PTHREAD - Success
[1.046s] -- Found Threads: TRUE  
[1.094s] -- Found sensor_msgs: 4.9.1 (/opt/ros/humble/share/sensor_msgs/cmake)
[1.123s] -- Found nav_msgs: 4.9.1 (/opt/ros/humble/share/nav_msgs/cmake)
[1.138s] -- Found std_srvs: 4.9.1 (/opt/ros/humble/share/std_srvs/cmake)
[1.150s] -- Found tf2: 0.25.19 (/opt/ros/humble/share/tf2/cmake)
[1.162s] -- Found tf2_ros: 0.25.19 (/opt/ros/humble/share/tf2_ros/cmake)
[1.244s] CMake Error at CMakeLists.txt:18 (find_package):
[1.244s]   By not providing "Findquadrotor_msgs.cmake" in CMAKE_MODULE_PATH this
[1.244s]   project has asked CMake to find a package configuration file provided by
[1.244s]   "quadrotor_msgs", but CMake did not find one.
[1.244s] 
[1.244s]   Could not find a package configuration file provided by "quadrotor_msgs"
[1.244s]   with any of the following names:
[1.244s] 
[1.245s]     quadrotor_msgsConfig.cmake
[1.245s]     quadrotor_msgs-config.cmake
[1.245s] 
[1.245s]   Add the installation prefix of "quadrotor_msgs" to CMAKE_PREFIX_PATH or set
[1.245s]   "quadrotor_msgs_DIR" to a directory containing one of the above files.  If
[1.245s]   "quadrotor_msgs" provides a separate development package or SDK, be sure it
[1.245s]   has been installed.
[1.245s] 
[1.245s] 
[1.245s] -- Configuring incomplete, errors occurred!
[1.245s] See also "/home/th1rt3en/doco/uav_hw/src/workspace/doco_uav/build_static_check/uav_bridge/CMakeFiles/CMakeOutput.log".
