[0.016s] Invoking command in '/home/th1rt3en/doco/uav_hw/src/workspace/doco_uav/build_static_scan/uav_mode_supervisor': AMENT_PREFIX_PATH=/home/th1rt3en/doco/uav_hw/src/workspace/doco_uav/install_static_scan/uav_visual_landing:${AMENT_PREFIX_PATH} CMAKE_PREFIX_PATH=/home/th1rt3en/doco/uav_hw/src/workspace/doco_uav/install_static_scan/uav_visual_landing:/home/th1rt3en/doco/sim_full/install/ugv_sim_bringup:/home/th1rt3en/doco/sim_full/install/ugv_teleop:/home/th1rt3en/doco/sim_full/install/ugv_slam_tools:/home/th1rt3en/doco/sim_full/install/uav_sim_bringup:/home/th1rt3en/doco/sim_full/install/sim_worlds:/home/th1rt3en/doco/sim_full/install/ugv_sim_tools:/home/th1rt3en/doco/sim_full/install/ugv_safety_watchdog:/home/th1rt3en/doco/sim_full/install/ugv_controller_emulator:/home/th1rt3en/doco/sim_full/install/ugv_base_driver:/home/th1rt3en/doco/sim_full/install/uav_mode_supervisor:/home/th1rt3en/doco/sim_full/install/uav_bringup:/home/th1rt3en/doco/sim_full/install/uav_visual_landing:/home/th1rt3en/doco/sim_full/install/uav_gz_bridge:/home/th1rt3en/doco/sim_full/install/uav_description:/home/th1rt3en/doco/sim_full/install/uav_bridge:/home/th1rt3en/doco/sim_full/install/relative_position_fusion:/home/th1rt3en/doco/sim_full/install/quadrotor_msgs:/home/th1rt3en/doco/sim_full/install/px4_msgs:/home/th1rt3en/doco/sim_full/install/px4:/home/th1rt3en/doco/sim_full/install/orbbec_description:/home/th1rt3en/doco/sim_full/install/orbbec_camera:/home/th1rt3en/doco/sim_full/install/orbbec_camera_msgs:/home/th1rt3en/doco/sim_full/install/lslidar_driver:/home/th1rt3en/doco/sim_full/install/lslidar_msgs:/home/th1rt3en/doco/sim_full/install/duojin01_bringup:/home/th1rt3en/doco/sim_full/install/ugv_bringup:/home/th1rt3en/doco/sim_full/install/ugv_description:/opt/ros/humble LD_LIBRARY_PATH=/home/th1rt3en/doco/uav_hw/src/workspace/doco_uav/install_static_scan/uav_visual_landing/lib:${LD_LIBRARY_PATH} PYTHONPATH=/home/th1rt3en/doco/uav_hw/src/workspace/doco_uav/install_static_scan/uav_visual_landing/local/lib/python3.10/dist-packages:${PYTHONPATH} /usr/bin/cmake /home/th1rt3en/doco/uav_hw/src/workspace/doco_uav/src/uav_mode_supervisor -DBUILD_TESTING=ON -DCMAKE_EXPORT_COMPILE_COMMANDS=ON -DCMAKE_INSTALL_PREFIX=/home/th1rt3en/doco/uav_hw/src/workspace/doco_uav/install_static_scan/uav_mode_supervisor
[0.077s] -- The C compiler identification is GNU 11.4.0
[0.133s] -- The CXX compiler identification is GNU 11.4.0
[0.141s] -- Detecting C compiler ABI info
[0.225s] -- Detecting C compiler ABI info - done
[0.230s] -- Check for working C compiler: /usr/bin/cc - skipped
[0.230s] -- Detecting C compile features
[0.231s] -- Detecting C compile features - done
[0.233s] -- Detecting CXX compiler ABI info
[0.317s] -- Detecting CXX compiler ABI info - done
[0.322s] -- Check for working CXX compiler: /usr/bin/c++ - skipped
[0.322s] -- Detecting CXX compile features
[0.322s] -- Detecting CXX compile features - done
[0.328s] -- Found ament_cmake: 1.3.13 (/opt/ros/humble/share/ament_cmake/cmake)
[0.483s] -- Found Python3: /usr/bin/python3 (found version "3.10.12") found components: Interpreter 
[0.621s] -- Found ament_cmake_gtest: 1.3.13 (/opt/ros/humble/share/ament_cmake_gtest/cmake)
[0.629s] -- Found diagnostic_msgs: 4.9.1 (/opt/ros/humble/share/diagnostic_msgs/cmake)
[0.688s] -- Found rosidl_generator_c: 3.1.8 (/opt/ros/humble/share/rosidl_generator_c/cmake)
[0.698s] -- Found rosidl_adapter: 3.1.8 (/opt/ros/humble/share/rosidl_adapter/cmake)
[0.710s] -- Found rosidl_generator_cpp: 3.1.8 (/opt/ros/humble/share/rosidl_generator_cpp/cmake)
[0.730s] -- Using all available rosidl_typesupport_c: rosidl_typesupport_fastrtps_c;rosidl_typesupport_introspection_c
[0.753s] -- Using all available rosidl_typesupport_cpp: rosidl_typesupport_fastrtps_cpp;rosidl_typesupport_introspection_cpp
[0.799s] -- Found rclcpp: 16.0.18 (/opt/ros/humble/share/rclcpp/cmake)
[0.855s] -- Found rmw_implementation_cmake: 6.1.2 (/opt/ros/humble/share/rmw_implementation_cmake/cmake)
[0.861s] -- Found rmw_fastrtps_cpp: 6.2.10 (/opt/ros/humble/share/rmw_fastrtps_cpp/cmake)
[0.974s] -- Found OpenSSL: /usr/lib/x86_64-linux-gnu/libcrypto.so (found version "3.0.2")  
[1.011s] -- Found FastRTPS: /opt/ros/humble/include  
[1.061s] -- Using RMW implementation 'rmw_fastrtps_cpp' as default
[1.075s] -- Looking for pthread.h
[1.155s] -- Looking for pthread.h - found
[1.155s] -- Performing Test CMAKE_HAVE_LIBC_PTHREAD
[1.236s] -- Performing Test CMAKE_HAVE_LIBC_PTHREAD - Success
[1.237s] -- Found Threads: TRUE  
[1.275s] -- Found relative_position_fusion: 0.0.1 (/home/th1rt3en/doco/sim_full/install/relative_position_fusion/share/relative_position_fusion/cmake)
[1.287s] -- Found rosidl_default_generators: 1.2.0 (/opt/ros/humble/share/rosidl_default_generators/cmake)
[1.302s] -- Found std_srvs: 4.9.1 (/opt/ros/humble/share/std_srvs/cmake)
[1.309s] -- Found uav_visual_landing: 0.0.0 (/home/th1rt3en/doco/uav_hw/src/workspace/doco_uav/install_static_scan/uav_visual_landing/share/uav_visual_landing/cmake)
[1.558s] -- Found ament_cmake_ros: 0.10.0 (/opt/ros/humble/share/ament_cmake_ros/cmake)
[1.883s] -- Using all available rosidl_typesupport_c: rosidl_typesupport_fastrtps_c;rosidl_typesupport_introspection_c
[1.998s] -- Using all available rosidl_typesupport_cpp: rosidl_typesupport_fastrtps_cpp;rosidl_typesupport_introspection_cpp
[2.017s] -- Found PythonInterp: /usr/bin/python3 (found suitable version "3.10.12", minimum required is "3.6") 
[2.021s] -- Found python_cmake_module: 0.10.0 (/opt/ros/humble/share/python_cmake_module/cmake)
[2.047s] -- Found PythonLibs: /usr/lib/x86_64-linux-gnu/libpython3.10.so (found suitable version "3.10.12", minimum required is "3.5") 
[2.047s] -- Using PYTHON_EXECUTABLE: /usr/bin/python3
[2.047s] -- Using PYTHON_INCLUDE_DIRS: /usr/include/python3.10
[2.048s] -- Using PYTHON_LIBRARIES: /usr/lib/x86_64-linux-gnu/libpython3.10.so
[2.068s] -- Found PythonExtra: .so  
[2.117s] -- Found gtest sources under '/opt/ros/humble/src/gtest_vendor': C++ tests using 'Google Test' will be built
[2.125s] -- Configuring done
[2.163s] -- Generating done
[2.174s] -- Build files have been written to: /home/th1rt3en/doco/uav_hw/src/workspace/doco_uav/build_static_scan/uav_mode_supervisor
[2.189s] Invoked command in '/home/th1rt3en/doco/uav_hw/src/workspace/doco_uav/build_static_scan/uav_mode_supervisor' returned '0': AMENT_PREFIX_PATH=/home/th1rt3en/doco/uav_hw/src/workspace/doco_uav/install_static_scan/uav_visual_landing:${AMENT_PREFIX_PATH} CMAKE_PREFIX_PATH=/home/th1rt3en/doco/uav_hw/src/workspace/doco_uav/install_static_scan/uav_visual_landing:/home/th1rt3en/doco/sim_full/install/ugv_sim_bringup:/home/th1rt3en/doco/sim_full/install/ugv_teleop:/home/th1rt3en/doco/sim_full/install/ugv_slam_tools:/home/th1rt3en/doco/sim_full/install/uav_sim_bringup:/home/th1rt3en/doco/sim_full/install/sim_worlds:/home/th1rt3en/doco/sim_full/install/ugv_sim_tools:/home/th1rt3en/doco/sim_full/install/ugv_safety_watchdog:/home/th1rt3en/doco/sim_full/install/ugv_controller_emulator:/home/th1rt3en/doco/sim_full/install/ugv_base_driver:/home/th1rt3en/doco/sim_full/install/uav_mode_supervisor:/home/th1rt3en/doco/sim_full/install/uav_bringup:/home/th1rt3en/doco/sim_full/install/uav_visual_landing:/home/th1rt3en/doco/sim_full/install/uav_gz_bridge:/home/th1rt3en/doco/sim_full/install/uav_description:/home/th1rt3en/doco/sim_full/install/uav_bridge:/home/th1rt3en/doco/sim_full/install/relative_position_fusion:/home/th1rt3en/doco/sim_full/install/quadrotor_msgs:/home/th1rt3en/doco/sim_full/install/px4_msgs:/home/th1rt3en/doco/sim_full/install/px4:/home/th1rt3en/doco/sim_full/install/orbbec_description:/home/th1rt3en/doco/sim_full/install/orbbec_camera:/home/th1rt3en/doco/sim_full/install/orbbec_camera_msgs:/home/th1rt3en/doco/sim_full/install/lslidar_driver:/home/th1rt3en/doco/sim_full/install/lslidar_msgs:/home/th1rt3en/doco/sim_full/install/duojin01_bringup:/home/th1rt3en/doco/sim_full/install/ugv_bringup:/home/th1rt3en/doco/sim_full/install/ugv_description:/opt/ros/humble LD_LIBRARY_PATH=/home/th1rt3en/doco/uav_hw/src/workspace/doco_uav/install_static_scan/uav_visual_landing/lib:${LD_LIBRARY_PATH} PYTHONPATH=/home/th1rt3en/doco/uav_hw/src/workspace/doco_uav/install_static_scan/uav_visual_landing/local/lib/python3.10/dist-packages:${PYTHONPATH} /usr/bin/cmake /home/th1rt3en/doco/uav_hw/src/workspace/doco_uav/src/uav_mode_supervisor -DBUILD_TESTING=ON -DCMAKE_EXPORT_COMPILE_COMMANDS=ON -DCMAKE_INSTALL_PREFIX=/home/th1rt3en/doco/uav_hw/src/workspace/doco_uav/install_static_scan/uav_mode_supervisor
[2.191s] Invoking command in '/home/th1rt3en/doco/uav_hw/src/workspace/doco_uav/build_static_scan/uav_mode_supervisor': AMENT_PREFIX_PATH=/home/th1rt3en/doco/uav_hw/src/workspace/doco_uav/install_static_scan/uav_visual_landing:${AMENT_PREFIX_PATH} CMAKE_PREFIX_PATH=/home/th1rt3en/doco/uav_hw/src/workspace/doco_uav/install_static_scan/uav_visual_landing:/home/th1rt3en/doco/sim_full/install/ugv_sim_bringup:/home/th1rt3en/doco/sim_full/install/ugv_teleop:/home/th1rt3en/doco/sim_full/install/ugv_slam_tools:/home/th1rt3en/doco/sim_full/install/uav_sim_bringup:/home/th1rt3en/doco/sim_full/install/sim_worlds:/home/th1rt3en/doco/sim_full/install/ugv_sim_tools:/home/th1rt3en/doco/sim_full/install/ugv_safety_watchdog:/home/th1rt3en/doco/sim_full/install/ugv_controller_emulator:/home/th1rt3en/doco/sim_full/install/ugv_base_driver:/home/th1rt3en/doco/sim_full/install/uav_mode_supervisor:/home/th1rt3en/doco/sim_full/install/uav_bringup:/home/th1rt3en/doco/sim_full/install/uav_visual_landing:/home/th1rt3en/doco/sim_full/install/uav_gz_bridge:/home/th1rt3en/doco/sim_full/install/uav_description:/home/th1rt3en/doco/sim_full/install/uav_bridge:/home/th1rt3en/doco/sim_full/install/relative_position_fusion:/home/th1rt3en/doco/sim_full/install/quadrotor_msgs:/home/th1rt3en/doco/sim_full/install/px4_msgs:/home/th1rt3en/doco/sim_full/install/px4:/home/th1rt3en/doco/sim_full/install/orbbec_description:/home/th1rt3en/doco/sim_full/install/orbbec_camera:/home/th1rt3en/doco/sim_full/install/orbbec_camera_msgs:/home/th1rt3en/doco/sim_full/install/lslidar_driver:/home/th1rt3en/doco/sim_full/install/lslidar_msgs:/home/th1rt3en/doco/sim_full/install/duojin01_bringup:/home/th1rt3en/doco/sim_full/install/ugv_bringup:/home/th1rt3en/doco/sim_full/install/ugv_description:/opt/ros/humble LD_LIBRARY_PATH=/home/th1rt3en/doco/uav_hw/src/workspace/doco_uav/install_static_scan/uav_visual_landing/lib:${LD_LIBRARY_PATH} PYTHONPATH=/home/th1rt3en/doco/uav_hw/src/workspace/doco_uav/install_static_scan/uav_visual_landing/local/lib/python3.10/dist-packages:${PYTHONPATH} /usr/bin/cmake --build /home/th1rt3en/doco/uav_hw/src/workspace/doco_uav/build_static_scan/uav_mode_supervisor -- -j16 -l16
[2.236s] [  2%] Generating C code for ROS interfaces
[2.247s] [ 10%] Building CXX object CMakeFiles/uav_mode_supervisor_core.dir/src/supervisor_logic.cpp.o
[2.247s] [ 10%] Building CXX object gtest/CMakeFiles/gtest_main.dir/src/gtest_main.cc.o
[2.247s] [ 10%] Building CXX object gtest/CMakeFiles/gtest.dir/src/gtest-all.cc.o
[2.247s] [ 10%] Generating C++ code for ROS interfaces
[2.258s] [ 10%] Built target ament_cmake_python_copy_uav_mode_supervisor
[2.477s] running egg_info
[2.477s] creating uav_mode_supervisor.egg-info
[2.478s] writing uav_mode_supervisor.egg-info/PKG-INFO
[2.478s] writing dependency_links to uav_mode_supervisor.egg-info/dependency_links.txt
[2.478s] writing top-level names to uav_mode_supervisor.egg-info/top_level.txt
[2.479s] writing manifest file 'uav_mode_supervisor.egg-info/SOURCES.txt'
[2.481s] reading manifest file 'uav_mode_supervisor.egg-info/SOURCES.txt'
[2.481s] writing manifest file 'uav_mode_supervisor.egg-info/SOURCES.txt'
[2.522s] [ 10%] Built target ament_cmake_python_build_uav_mode_supervisor_egg
[2.553s] [ 14%] Building C object CMakeFiles/uav_mode_supervisor__rosidl_generator_c.dir/rosidl_generator_c/uav_mode_supervisor/srv/detail/command_supervisor__functions.c.o
[2.554s] [ 14%] Building C object CMakeFiles/uav_mode_supervisor__rosidl_generator_c.dir/rosidl_generator_c/uav_mode_supervisor/msg/detail/supervisor_state__functions.c.o
[2.575s] [ 14%] Built target uav_mode_supervisor__cpp
[2.590s] [ 18%] Generating C++ introspection for ROS interfaces
[2.590s] [ 18%] Generating C++ type support dispatch for ROS interfaces
[2.590s] [ 20%] Generating C++ type support for eProsima Fast-RTPS
[2.623s] [ 22%] Linking C shared library libuav_mode_supervisor__rosidl_generator_c.so
[2.669s] [ 22%] Built target uav_mode_supervisor__rosidl_generator_c
[2.683s] [ 24%] Generating C type support for eProsima Fast-RTPS
[2.686s] [ 28%] Generating C type support dispatch for ROS interfaces
[2.686s] [ 28%] Generating C introspection for ROS interfaces
[2.734s] [ 30%] Linking CXX shared library libuav_mode_supervisor_core.so
[2.891s] [ 30%] Built target uav_mode_supervisor_core
[2.938s] [ 32%] Building CXX object CMakeFiles/uav_mode_supervisor__rosidl_typesupport_cpp.dir/rosidl_typesupport_cpp/uav_mode_supervisor/msg/supervisor_state__type_support.cpp.o
[2.942s] [ 34%] Building CXX object CMakeFiles/uav_mode_supervisor__rosidl_typesupport_cpp.dir/rosidl_typesupport_cpp/uav_mode_supervisor/srv/command_supervisor__type_support.cpp.o
[2.956s] [ 38%] Building CXX object CMakeFiles/uav_mode_supervisor__rosidl_typesupport_introspection_cpp.dir/rosidl_typesupport_introspection_cpp/uav_mode_supervisor/msg/detail/supervisor_state__type_support.cpp.o
[2.957s] [ 38%] Building CXX object CMakeFiles/uav_mode_supervisor__rosidl_typesupport_introspection_cpp.dir/rosidl_typesupport_introspection_cpp/uav_mode_supervisor/srv/detail/command_supervisor__type_support.cpp.o
[2.992s] [ 40%] Building CXX object CMakeFiles/uav_mode_supervisor__rosidl_typesupport_fastrtps_cpp.dir/rosidl_typesupport_fastrtps_cpp/uav_mode_supervisor/msg/detail/dds_fastrtps/supervisor_state__type_support.cpp.o
[2.993s] [ 42%] Building CXX object CMakeFiles/uav_mode_supervisor__rosidl_typesupport_fastrtps_cpp.dir/rosidl_typesupport_fastrtps_cpp/uav_mode_supervisor/srv/detail/dds_fastrtps/command_supervisor__type_support.cpp.o
[3.084s] [ 46%] Building C object CMakeFiles/uav_mode_supervisor__rosidl_typesupport_introspection_c.dir/rosidl_typesupport_introspection_c/uav_mode_supervisor/msg/detail/supervisor_state__type_support.c.o
[3.084s] [ 46%] Building C object CMakeFiles/uav_mode_supervisor__rosidl_typesupport_introspection_c.dir/rosidl_typesupport_introspection_c/uav_mode_supervisor/srv/detail/command_supervisor__type_support.c.o
[3.102s] [ 48%] Building CXX object CMakeFiles/uav_mode_supervisor__rosidl_typesupport_c.dir/rosidl_typesupport_c/uav_mode_supervisor/msg/supervisor_state__type_support.cpp.o
[3.103s] [ 51%] Building CXX object CMakeFiles/uav_mode_supervisor__rosidl_typesupport_c.dir/rosidl_typesupport_c/uav_mode_supervisor/srv/command_supervisor__type_support.cpp.o
[3.151s] [ 53%] Linking C shared library libuav_mode_supervisor__rosidl_typesupport_introspection_c.so
[3.161s] [ 59%] Building CXX object CMakeFiles/uav_mode_supervisor__rosidl_typesupport_fastrtps_c.dir/rosidl_typesupport_fastrtps_c/uav_mode_supervisor/msg/detail/supervisor_state__type_support_c.cpp.o
[3.162s] [ 59%] Building CXX object CMakeFiles/uav_mode_supervisor__rosidl_typesupport_fastrtps_c.dir/rosidl_typesupport_fastrtps_c/uav_mode_supervisor/srv/detail/command_supervisor__type_support_c.cpp.o
[3.163s] [ 59%] Linking CXX shared library libuav_mode_supervisor__rosidl_typesupport_c.so
[3.218s] [ 59%] Built target uav_mode_supervisor__rosidl_typesupport_introspection_c
[3.235s] [ 59%] Built target uav_mode_supervisor__rosidl_typesupport_c
[3.242s] [ 61%] Linking CXX static library libgtest_main.a
[3.319s] [ 63%] Linking CXX shared library libuav_mode_supervisor__rosidl_typesupport_cpp.so
[3.382s] [ 63%] Built target gtest_main
[3.404s] [ 63%] Built target uav_mode_supervisor__rosidl_typesupport_cpp
[3.474s] [ 65%] Linking CXX shared library libuav_mode_supervisor__rosidl_typesupport_introspection_cpp.so
[3.559s] [ 67%] Linking CXX shared library libuav_mode_supervisor__rosidl_typesupport_fastrtps_cpp.so
[3.592s] [ 67%] Built target uav_mode_supervisor__rosidl_typesupport_introspection_cpp
[3.597s] [ 69%] Linking CXX shared library libuav_mode_supervisor__rosidl_typesupport_fastrtps_c.so
[3.681s] [ 69%] Built target uav_mode_supervisor__rosidl_typesupport_fastrtps_cpp
[3.712s] [ 69%] Built target uav_mode_supervisor__rosidl_typesupport_fastrtps_c
[3.740s] [ 69%] Built target uav_mode_supervisor
[3.764s] [ 73%] Building CXX object CMakeFiles/uav_mode_supervisor_node.dir/src/uav_mode_supervisor_node.cpp.o
[3.764s] [ 73%] Generating Python code for ROS interfaces
[4.136s] [ 73%] Built target uav_mode_supervisor__py
[4.169s] [ 77%] Building C object CMakeFiles/uav_mode_supervisor__rosidl_generator_py.dir/rosidl_generator_py/uav_mode_supervisor/msg/_supervisor_state_s.c.o
[4.169s] [ 77%] Building C object CMakeFiles/uav_mode_supervisor__rosidl_generator_py.dir/rosidl_generator_py/uav_mode_supervisor/srv/_command_supervisor_s.c.o
[4.286s] [ 79%] Linking C shared library rosidl_generator_py/uav_mode_supervisor/libuav_mode_supervisor__rosidl_generator_py.so
[4.343s] [ 79%] Built target uav_mode_supervisor__rosidl_generator_py
[4.372s] [ 85%] Building C object CMakeFiles/uav_mode_supervisor__rosidl_typesupport_fastrtps_c__pyext.dir/rosidl_generator_py/uav_mode_supervisor/_uav_mode_supervisor_s.ep.rosidl_typesupport_fastrtps_c.c.o
[4.372s] [ 85%] Building C object CMakeFiles/uav_mode_supervisor__rosidl_typesupport_c__pyext.dir/rosidl_generator_py/uav_mode_supervisor/_uav_mode_supervisor_s.ep.rosidl_typesupport_c.c.o
[4.372s] [ 85%] Building C object CMakeFiles/uav_mode_supervisor__rosidl_typesupport_introspection_c__pyext.dir/rosidl_generator_py/uav_mode_supervisor/_uav_mode_supervisor_s.ep.rosidl_typesupport_introspection_c.c.o
[4.472s] [ 91%] Linking C shared library rosidl_generator_py/uav_mode_supervisor/uav_mode_supervisor_s__rosidl_typesupport_fastrtps_c.cpython-310-x86_64-linux-gnu.so
[4.472s] [ 91%] Linking C shared library rosidl_generator_py/uav_mode_supervisor/uav_mode_supervisor_s__rosidl_typesupport_introspection_c.cpython-310-x86_64-linux-gnu.so
[4.472s] [ 91%] Linking C shared library rosidl_generator_py/uav_mode_supervisor/uav_mode_supervisor_s__rosidl_typesupport_c.cpython-310-x86_64-linux-gnu.so
[4.515s] [ 91%] Built target uav_mode_supervisor__rosidl_typesupport_fastrtps_c__pyext
[4.515s] [ 91%] Built target uav_mode_supervisor__rosidl_typesupport_introspection_c__pyext
[4.515s] [ 91%] Built target uav_mode_supervisor__rosidl_typesupport_c__pyext
[5.373s] [ 93%] Linking CXX static library libgtest.a
[5.481s] [ 93%] Built target gtest
[5.507s] [ 95%] Building CXX object CMakeFiles/test_supervisor_logic.dir/test/test_supervisor_logic.cpp.o
[6.448s] [ 97%] Linking CXX executable test_supervisor_logic
[6.575s] [ 97%] Built target test_supervisor_logic
[18.275s] [100%] Linking CXX executable uav_mode_supervisor_node
[19.018s] [100%] Built target uav_mode_supervisor_node
[19.034s] Invoked command in '/home/th1rt3en/doco/uav_hw/src/workspace/doco_uav/build_static_scan/uav_mode_supervisor' returned '0': AMENT_PREFIX_PATH=/home/th1rt3en/doco/uav_hw/src/workspace/doco_uav/install_static_scan/uav_visual_landing:${AMENT_PREFIX_PATH} CMAKE_PREFIX_PATH=/home/th1rt3en/doco/uav_hw/src/workspace/doco_uav/install_static_scan/uav_visual_landing:/home/th1rt3en/doco/sim_full/install/ugv_sim_bringup:/home/th1rt3en/doco/sim_full/install/ugv_teleop:/home/th1rt3en/doco/sim_full/install/ugv_slam_tools:/home/th1rt3en/doco/sim_full/install/uav_sim_bringup:/home/th1rt3en/doco/sim_full/install/sim_worlds:/home/th1rt3en/doco/sim_full/install/ugv_sim_tools:/home/th1rt3en/doco/sim_full/install/ugv_safety_watchdog:/home/th1rt3en/doco/sim_full/install/ugv_controller_emulator:/home/th1rt3en/doco/sim_full/install/ugv_base_driver:/home/th1rt3en/doco/sim_full/install/uav_mode_supervisor:/home/th1rt3en/doco/sim_full/install/uav_bringup:/home/th1rt3en/doco/sim_full/install/uav_visual_landing:/home/th1rt3en/doco/sim_full/install/uav_gz_bridge:/home/th1rt3en/doco/sim_full/install/uav_description:/home/th1rt3en/doco/sim_full/install/uav_bridge:/home/th1rt3en/doco/sim_full/install/relative_position_fusion:/home/th1rt3en/doco/sim_full/install/quadrotor_msgs:/home/th1rt3en/doco/sim_full/install/px4_msgs:/home/th1rt3en/doco/sim_full/install/px4:/home/th1rt3en/doco/sim_full/install/orbbec_description:/home/th1rt3en/doco/sim_full/install/orbbec_camera:/home/th1rt3en/doco/sim_full/install/orbbec_camera_msgs:/home/th1rt3en/doco/sim_full/install/lslidar_driver:/home/th1rt3en/doco/sim_full/install/lslidar_msgs:/home/th1rt3en/doco/sim_full/install/duojin01_bringup:/home/th1rt3en/doco/sim_full/install/ugv_bringup:/home/th1rt3en/doco/sim_full/install/ugv_description:/opt/ros/humble LD_LIBRARY_PATH=/home/th1rt3en/doco/uav_hw/src/workspace/doco_uav/install_static_scan/uav_visual_landing/lib:${LD_LIBRARY_PATH} PYTHONPATH=/home/th1rt3en/doco/uav_hw/src/workspace/doco_uav/install_static_scan/uav_visual_landing/local/lib/python3.10/dist-packages:${PYTHONPATH} /usr/bin/cmake --build /home/th1rt3en/doco/uav_hw/src/workspace/doco_uav/build_static_scan/uav_mode_supervisor -- -j16 -l16
[19.036s] Invoking command in '/home/th1rt3en/doco/uav_hw/src/workspace/doco_uav/build_static_scan/uav_mode_supervisor': AMENT_PREFIX_PATH=/home/th1rt3en/doco/uav_hw/src/workspace/doco_uav/install_static_scan/uav_visual_landing:${AMENT_PREFIX_PATH} CMAKE_PREFIX_PATH=/home/th1rt3en/doco/uav_hw/src/workspace/doco_uav/install_static_scan/uav_visual_landing:/home/th1rt3en/doco/sim_full/install/ugv_sim_bringup:/home/th1rt3en/doco/sim_full/install/ugv_teleop:/home/th1rt3en/doco/sim_full/install/ugv_slam_tools:/home/th1rt3en/doco/sim_full/install/uav_sim_bringup:/home/th1rt3en/doco/sim_full/install/sim_worlds:/home/th1rt3en/doco/sim_full/install/ugv_sim_tools:/home/th1rt3en/doco/sim_full/install/ugv_safety_watchdog:/home/th1rt3en/doco/sim_full/install/ugv_controller_emulator:/home/th1rt3en/doco/sim_full/install/ugv_base_driver:/home/th1rt3en/doco/sim_full/install/uav_mode_supervisor:/home/th1rt3en/doco/sim_full/install/uav_bringup:/home/th1rt3en/doco/sim_full/install/uav_visual_landing:/home/th1rt3en/doco/sim_full/install/uav_gz_bridge:/home/th1rt3en/doco/sim_full/install/uav_description:/home/th1rt3en/doco/sim_full/install/uav_bridge:/home/th1rt3en/doco/sim_full/install/relative_position_fusion:/home/th1rt3en/doco/sim_full/install/quadrotor_msgs:/home/th1rt3en/doco/sim_full/install/px4_msgs:/home/th1rt3en/doco/sim_full/install/px4:/home/th1rt3en/doco/sim_full/install/orbbec_description:/home/th1rt3en/doco/sim_full/install/orbbec_camera:/home/th1rt3en/doco/sim_full/install/orbbec_camera_msgs:/home/th1rt3en/doco/sim_full/install/lslidar_driver:/home/th1rt3en/doco/sim_full/install/lslidar_msgs:/home/th1rt3en/doco/sim_full/install/duojin01_bringup:/home/th1rt3en/doco/sim_full/install/ugv_bringup:/home/th1rt3en/doco/sim_full/install/ugv_description:/opt/ros/humble LD_LIBRARY_PATH=/home/th1rt3en/doco/uav_hw/src/workspace/doco_uav/install_static_scan/uav_visual_landing/lib:${LD_LIBRARY_PATH} PYTHONPATH=/home/th1rt3en/doco/uav_hw/src/workspace/doco_uav/install_static_scan/uav_visual_landing/local/lib/python3.10/dist-packages:${PYTHONPATH} /usr/bin/cmake --install /home/th1rt3en/doco/uav_hw/src/workspace/doco_uav/build_static_scan/uav_mode_supervisor
[19.048s] -- Install configuration: ""
[19.048s] -- Installing: /home/th1rt3en/doco/uav_hw/src/workspace/doco_uav/install_static_scan/uav_mode_supervisor/share/ament_index/resource_index/rosidl_interfaces/uav_mode_supervisor
[19.049s] -- Installing: /home/th1rt3en/doco/uav_hw/src/workspace/doco_uav/install_static_scan/uav_mode_supervisor/include/uav_mode_supervisor/uav_mode_supervisor
[19.049s] -- Installing: /home/th1rt3en/doco/uav_hw/src/workspace/doco_uav/install_static_scan/uav_mode_supervisor/include/uav_mode_supervisor/uav_mode_supervisor/srv
[19.049s] -- Installing: /home/th1rt3en/doco/uav_hw/src/workspace/doco_uav/install_static_scan/uav_mode_supervisor/include/uav_mode_supervisor/uav_mode_supervisor/srv/detail
[19.049s] -- Installing: /home/th1rt3en/doco/uav_hw/src/workspace/doco_uav/install_static_scan/uav_mode_supervisor/include/uav_mode_supervisor/uav_mode_supervisor/srv/detail/command_supervisor__type_support.h
[19.049s] -- Installing: /home/th1rt3en/doco/uav_hw/src/workspace/doco_uav/install_static_scan/uav_mode_supervisor/include/uav_mode_supervisor/uav_mode_supervisor/srv/detail/command_supervisor__functions.c
[19.049s] -- Installing: /home/th1rt3en/doco/uav_hw/src/workspace/doco_uav/install_static_scan/uav_mode_supervisor/include/uav_mode_supervisor/uav_mode_supervisor/srv/detail/command_supervisor__struct.h
[19.049s] -- Installing: /home/th1rt3en/doco/uav_hw/src/workspace/doco_uav/install_static_scan/uav_mode_supervisor/include/uav_mode_supervisor/uav_mode_supervisor/srv/detail/command_supervisor__functions.h
[19.050s] -- Installing: /home/th1rt3en/doco/uav_hw/src/workspace/doco_uav/install_static_scan/uav_mode_supervisor/include/uav_mode_supervisor/uav_mode_supervisor/srv/command_supervisor.h
[19.050s] -- Installing: /home/th1rt3en/doco/uav_hw/src/workspace/doco_uav/install_static_scan/uav_mode_supervisor/include/uav_mode_supervisor/uav_mode_supervisor/msg
[19.050s] -- Installing: /home/th1rt3en/doco/uav_hw/src/workspace/doco_uav/install_static_scan/uav_mode_supervisor/include/uav_mode_supervisor/uav_mode_supervisor/msg/detail
[19.050s] -- Installing: /home/th1rt3en/doco/uav_hw/src/workspace/doco_uav/install_static_scan/uav_mode_supervisor/include/uav_mode_supervisor/uav_mode_supervisor/msg/detail/supervisor_state__functions.h
[19.050s] -- Installing: /home/th1rt3en/doco/uav_hw/src/workspace/doco_uav/install_static_scan/uav_mode_supervisor/include/uav_mode_supervisor/uav_mode_supervisor/msg/detail/supervisor_state__type_support.h
[19.050s] -- Installing: /home/th1rt3en/doco/uav_hw/src/workspace/doco_uav/install_static_scan/uav_mode_supervisor/include/uav_mode_supervisor/uav_mode_supervisor/msg/detail/supervisor_state__struct.h
[19.050s] -- Installing: /home/th1rt3en/doco/uav_hw/src/workspace/doco_uav/install_static_scan/uav_mode_supervisor/include/uav_mode_supervisor/uav_mode_supervisor/msg/detail/supervisor_state__functions.c
[19.050s] -- Installing: /home/th1rt3en/doco/uav_hw/src/workspace/doco_uav/install_static_scan/uav_mode_supervisor/include/uav_mode_supervisor/uav_mode_supervisor/msg/rosidl_generator_c__visibility_control.h
[19.050s] -- Installing: /home/th1rt3en/doco/uav_hw/src/workspace/doco_uav/install_static_scan/uav_mode_supervisor/include/uav_mode_supervisor/uav_mode_supervisor/msg/supervisor_state.h
[19.050s] -- Installing: /home/th1rt3en/doco/uav_hw/src/workspace/doco_uav/install_static_scan/uav_mode_supervisor/share/uav_mode_supervisor/environment/library_path.sh
[19.050s] -- Installing: /home/th1rt3en/doco/uav_hw/src/workspace/doco_uav/install_static_scan/uav_mode_supervisor/share/uav_mode_supervisor/environment/library_path.dsv
[19.050s] -- Installing: /home/th1rt3en/doco/uav_hw/src/workspace/doco_uav/install_static_scan/uav_mode_supervisor/lib/libuav_mode_supervisor__rosidl_generator_c.so
[19.051s] -- Set runtime path of "/home/th1rt3en/doco/uav_hw/src/workspace/doco_uav/install_static_scan/uav_mode_supervisor/lib/libuav_mode_supervisor__rosidl_generator_c.so" to ""
[19.051s] -- Up-to-date: /home/th1rt3en/doco/uav_hw/src/workspace/doco_uav/install_static_scan/uav_mode_supervisor/include/uav_mode_supervisor/uav_mode_supervisor
[19.051s] -- Up-to-date: /home/th1rt3en/doco/uav_hw/src/workspace/doco_uav/install_static_scan/uav_mode_supervisor/include/uav_mode_supervisor/uav_mode_supervisor/srv
[19.051s] -- Up-to-date: /home/th1rt3en/doco/uav_hw/src/workspace/doco_uav/install_static_scan/uav_mode_supervisor/include/uav_mode_supervisor/uav_mode_supervisor/srv/detail
[19.051s] -- Installing: /home/th1rt3en/doco/uav_hw/src/workspace/doco_uav/install_static_scan/uav_mode_supervisor/include/uav_mode_supervisor/uav_mode_supervisor/srv/detail/command_supervisor__rosidl_typesupport_fastrtps_c.h
[19.051s] -- Up-to-date: /home/th1rt3en/doco/uav_hw/src/workspace/doco_uav/install_static_scan/uav_mode_supervisor/include/uav_mode_supervisor/uav_mode_supervisor/msg
[19.051s] -- Up-to-date: /home/th1rt3en/doco/uav_hw/src/workspace/doco_uav/install_static_scan/uav_mode_supervisor/include/uav_mode_supervisor/uav_mode_supervisor/msg/detail
[19.051s] -- Installing: /home/th1rt3en/doco/uav_hw/src/workspace/doco_uav/install_static_scan/uav_mode_supervisor/include/uav_mode_supervisor/uav_mode_supervisor/msg/detail/supervisor_state__rosidl_typesupport_fastrtps_c.h
[19.051s] -- Installing: /home/th1rt3en/doco/uav_hw/src/workspace/doco_uav/install_static_scan/uav_mode_supervisor/include/uav_mode_supervisor/uav_mode_supervisor/msg/rosidl_typesupport_fastrtps_c__visibility_control.h
[19.052s] -- Installing: /home/th1rt3en/doco/uav_hw/src/workspace/doco_uav/install_static_scan/uav_mode_supervisor/lib/libuav_mode_supervisor__rosidl_typesupport_fastrtps_c.so
[19.052s] -- Set runtime path of "/home/th1rt3en/doco/uav_hw/src/workspace/doco_uav/install_static_scan/uav_mode_supervisor/lib/libuav_mode_supervisor__rosidl_typesupport_fastrtps_c.so" to ""
[19.052s] -- Up-to-date: /home/th1rt3en/doco/uav_hw/src/workspace/doco_uav/install_static_scan/uav_mode_supervisor/include/uav_mode_supervisor/uav_mode_supervisor
[19.052s] -- Up-to-date: /home/th1rt3en/doco/uav_hw/src/workspace/doco_uav/install_static_scan/uav_mode_supervisor/include/uav_mode_supervisor/uav_mode_supervisor/srv
[19.052s] -- Installing: /home/th1rt3en/doco/uav_hw/src/workspace/doco_uav/install_static_scan/uav_mode_supervisor/include/uav_mode_supervisor/uav_mode_supervisor/srv/command_supervisor.hpp
[19.052s] -- Up-to-date: /home/th1rt3en/doco/uav_hw/src/workspace/doco_uav/install_static_scan/uav_mode_supervisor/include/uav_mode_supervisor/uav_mode_supervisor/srv/detail
[19.052s] -- Installing: /home/th1rt3en/doco/uav_hw/src/workspace/doco_uav/install_static_scan/uav_mode_supervisor/include/uav_mode_supervisor/uav_mode_supervisor/srv/detail/command_supervisor__type_support.hpp
[19.052s] -- Installing: /home/th1rt3en/doco/uav_hw/src/workspace/doco_uav/install_static_scan/uav_mode_supervisor/include/uav_mode_supervisor/uav_mode_supervisor/srv/detail/command_supervisor__traits.hpp
[19.052s] -- Installing: /home/th1rt3en/doco/uav_hw/src/workspace/doco_uav/install_static_scan/uav_mode_supervisor/include/uav_mode_supervisor/uav_mode_supervisor/srv/detail/command_supervisor__builder.hpp
[19.052s] -- Installing: /home/th1rt3en/doco/uav_hw/src/workspace/doco_uav/install_static_scan/uav_mode_supervisor/include/uav_mode_supervisor/uav_mode_supervisor/srv/detail/command_supervisor__struct.hpp
[19.053s] -- Up-to-date: /home/th1rt3en/doco/uav_hw/src/workspace/doco_uav/install_static_scan/uav_mode_supervisor/include/uav_mode_supervisor/uav_mode_supervisor/msg
[19.053s] -- Installing: /home/th1rt3en/doco/uav_hw/src/workspace/doco_uav/install_static_scan/uav_mode_supervisor/include/uav_mode_supervisor/uav_mode_supervisor/msg/rosidl_generator_cpp__visibility_control.hpp
[19.053s] -- Up-to-date: /home/th1rt3en/doco/uav_hw/src/workspace/doco_uav/install_static_scan/uav_mode_supervisor/include/uav_mode_supervisor/uav_mode_supervisor/msg/detail
[19.053s] -- Installing: /home/th1rt3en/doco/uav_hw/src/workspace/doco_uav/install_static_scan/uav_mode_supervisor/include/uav_mode_supervisor/uav_mode_supervisor/msg/detail/supervisor_state__builder.hpp
[19.053s] -- Installing: /home/th1rt3en/doco/uav_hw/src/workspace/doco_uav/install_static_scan/uav_mode_supervisor/include/uav_mode_supervisor/uav_mode_supervisor/msg/detail/supervisor_state__traits.hpp
[19.053s] -- Installing: /home/th1rt3en/doco/uav_hw/src/workspace/doco_uav/install_static_scan/uav_mode_supervisor/include/uav_mode_supervisor/uav_mode_supervisor/msg/detail/supervisor_state__type_support.hpp
[19.053s] -- Installing: /home/th1rt3en/doco/uav_hw/src/workspace/doco_uav/install_static_scan/uav_mode_supervisor/include/uav_mode_supervisor/uav_mode_supervisor/msg/detail/supervisor_state__struct.hpp
[19.053s] -- Installing: /home/th1rt3en/doco/uav_hw/src/workspace/doco_uav/install_static_scan/uav_mode_supervisor/include/uav_mode_supervisor/uav_mode_supervisor/msg/supervisor_state.hpp
[19.054s] -- Up-to-date: /home/th1rt3en/doco/uav_hw/src/workspace/doco_uav/install_static_scan/uav_mode_supervisor/include/uav_mode_supervisor/uav_mode_supervisor
[19.054s] -- Up-to-date: /home/th1rt3en/doco/uav_hw/src/workspace/doco_uav/install_static_scan/uav_mode_supervisor/include/uav_mode_supervisor/uav_mode_supervisor/srv
[19.054s] -- Up-to-date: /home/th1rt3en/doco/uav_hw/src/workspace/doco_uav/install_static_scan/uav_mode_supervisor/include/uav_mode_supervisor/uav_mode_supervisor/srv/detail
[19.054s] -- Installing: /home/th1rt3en/doco/uav_hw/src/workspace/doco_uav/install_static_scan/uav_mode_supervisor/include/uav_mode_supervisor/uav_mode_supervisor/srv/detail/command_supervisor__rosidl_typesupport_fastrtps_cpp.hpp
[19.054s] -- Installing: /home/th1rt3en/doco/uav_hw/src/workspace/doco_uav/install_static_scan/uav_mode_supervisor/include/uav_mode_supervisor/uav_mode_supervisor/srv/detail/dds_fastrtps
[19.054s] -- Up-to-date: /home/th1rt3en/doco/uav_hw/src/workspace/doco_uav/install_static_scan/uav_mode_supervisor/include/uav_mode_supervisor/uav_mode_supervisor/msg
[19.054s] -- Up-to-date: /home/th1rt3en/doco/uav_hw/src/workspace/doco_uav/install_static_scan/uav_mode_supervisor/include/uav_mode_supervisor/uav_mode_supervisor/msg/detail
[19.054s] -- Installing: /home/th1rt3en/doco/uav_hw/src/workspace/doco_uav/install_static_scan/uav_mode_supervisor/include/uav_mode_supervisor/uav_mode_supervisor/msg/detail/supervisor_state__rosidl_typesupport_fastrtps_cpp.hpp
[19.054s] -- Installing: /home/th1rt3en/doco/uav_hw/src/workspace/doco_uav/install_static_scan/uav_mode_supervisor/include/uav_mode_supervisor/uav_mode_supervisor/msg/detail/dds_fastrtps
[19.054s] -- Installing: /home/th1rt3en/doco/uav_hw/src/workspace/doco_uav/install_static_scan/uav_mode_supervisor/include/uav_mode_supervisor/uav_mode_supervisor/msg/rosidl_typesupport_fastrtps_cpp__visibility_control.h
[19.055s] -- Installing: /home/th1rt3en/doco/uav_hw/src/workspace/doco_uav/install_static_scan/uav_mode_supervisor/lib/libuav_mode_supervisor__rosidl_typesupport_fastrtps_cpp.so
[19.055s] -- Set runtime path of "/home/th1rt3en/doco/uav_hw/src/workspace/doco_uav/install_static_scan/uav_mode_supervisor/lib/libuav_mode_supervisor__rosidl_typesupport_fastrtps_cpp.so" to ""
[19.055s] -- Up-to-date: /home/th1rt3en/doco/uav_hw/src/workspace/doco_uav/install_static_scan/uav_mode_supervisor/include/uav_mode_supervisor/uav_mode_supervisor
[19.055s] -- Up-to-date: /home/th1rt3en/doco/uav_hw/src/workspace/doco_uav/install_static_scan/uav_mode_supervisor/include/uav_mode_supervisor/uav_mode_supervisor/srv
[19.055s] -- Up-to-date: /home/th1rt3en/doco/uav_hw/src/workspace/doco_uav/install_static_scan/uav_mode_supervisor/include/uav_mode_supervisor/uav_mode_supervisor/srv/detail
[19.055s] -- Installing: /home/th1rt3en/doco/uav_hw/src/workspace/doco_uav/install_static_scan/uav_mode_supervisor/include/uav_mode_supervisor/uav_mode_supervisor/srv/detail/command_supervisor__rosidl_typesupport_introspection_c.h
[19.055s] -- Installing: /home/th1rt3en/doco/uav_hw/src/workspace/doco_uav/install_static_scan/uav_mode_supervisor/include/uav_mode_supervisor/uav_mode_supervisor/srv/detail/command_supervisor__type_support.c
[19.055s] -- Up-to-date: /home/th1rt3en/doco/uav_hw/src/workspace/doco_uav/install_static_scan/uav_mode_supervisor/include/uav_mode_supervisor/uav_mode_supervisor/msg
[19.055s] -- Installing: /home/th1rt3en/doco/uav_hw/src/workspace/doco_uav/install_static_scan/uav_mode_supervisor/include/uav_mode_supervisor/uav_mode_supervisor/msg/rosidl_typesupport_introspection_c__visibility_control.h
[19.056s] -- Up-to-date: /home/th1rt3en/doco/uav_hw/src/workspace/doco_uav/install_static_scan/uav_mode_supervisor/include/uav_mode_supervisor/uav_mode_supervisor/msg/detail
[19.056s] -- Installing: /home/th1rt3en/doco/uav_hw/src/workspace/doco_uav/install_static_scan/uav_mode_supervisor/include/uav_mode_supervisor/uav_mode_supervisor/msg/detail/supervisor_state__rosidl_typesupport_introspection_c.h
[19.056s] -- Installing: /home/th1rt3en/doco/uav_hw/src/workspace/doco_uav/install_static_scan/uav_mode_supervisor/include/uav_mode_supervisor/uav_mode_supervisor/msg/detail/supervisor_state__type_support.c
[19.056s] -- Installing: /home/th1rt3en/doco/uav_hw/src/workspace/doco_uav/install_static_scan/uav_mode_supervisor/lib/libuav_mode_supervisor__rosidl_typesupport_introspection_c.so
[19.056s] -- Set runtime path of "/home/th1rt3en/doco/uav_hw/src/workspace/doco_uav/install_static_scan/uav_mode_supervisor/lib/libuav_mode_supervisor__rosidl_typesupport_introspection_c.so" to ""
[19.056s] -- Installing: /home/th1rt3en/doco/uav_hw/src/workspace/doco_uav/install_static_scan/uav_mode_supervisor/lib/libuav_mode_supervisor__rosidl_typesupport_c.so
[19.057s] -- Set runtime path of "/home/th1rt3en/doco/uav_hw/src/workspace/doco_uav/install_static_scan/uav_mode_supervisor/lib/libuav_mode_supervisor__rosidl_typesupport_c.so" to ""
[19.057s] -- Up-to-date: /home/th1rt3en/doco/uav_hw/src/workspace/doco_uav/install_static_scan/uav_mode_supervisor/include/uav_mode_supervisor/uav_mode_supervisor
[19.057s] -- Up-to-date: /home/th1rt3en/doco/uav_hw/src/workspace/doco_uav/install_static_scan/uav_mode_supervisor/include/uav_mode_supervisor/uav_mode_supervisor/srv
[19.057s] -- Up-to-date: /home/th1rt3en/doco/uav_hw/src/workspace/doco_uav/install_static_scan/uav_mode_supervisor/include/uav_mode_supervisor/uav_mode_supervisor/srv/detail
[19.057s] -- Installing: /home/th1rt3en/doco/uav_hw/src/workspace/doco_uav/install_static_scan/uav_mode_supervisor/include/uav_mode_supervisor/uav_mode_supervisor/srv/detail/command_supervisor__rosidl_typesupport_introspection_cpp.hpp
[19.057s] -- Installing: /home/th1rt3en/doco/uav_hw/src/workspace/doco_uav/install_static_scan/uav_mode_supervisor/include/uav_mode_supervisor/uav_mode_supervisor/srv/detail/command_supervisor__type_support.cpp
[19.057s] -- Up-to-date: /home/th1rt3en/doco/uav_hw/src/workspace/doco_uav/install_static_scan/uav_mode_supervisor/include/uav_mode_supervisor/uav_mode_supervisor/msg
[19.057s] -- Up-to-date: /home/th1rt3en/doco/uav_hw/src/workspace/doco_uav/install_static_scan/uav_mode_supervisor/include/uav_mode_supervisor/uav_mode_supervisor/msg/detail
[19.057s] -- Installing: /home/th1rt3en/doco/uav_hw/src/workspace/doco_uav/install_static_scan/uav_mode_supervisor/include/uav_mode_supervisor/uav_mode_supervisor/msg/detail/supervisor_state__type_support.cpp
[19.057s] -- Installing: /home/th1rt3en/doco/uav_hw/src/workspace/doco_uav/install_static_scan/uav_mode_supervisor/include/uav_mode_supervisor/uav_mode_supervisor/msg/detail/supervisor_state__rosidl_typesupport_introspection_cpp.hpp
[19.057s] -- Installing: /home/th1rt3en/doco/uav_hw/src/workspace/doco_uav/install_static_scan/uav_mode_supervisor/lib/libuav_mode_supervisor__rosidl_typesupport_introspection_cpp.so
[19.058s] -- Set runtime path of "/home/th1rt3en/doco/uav_hw/src/workspace/doco_uav/install_static_scan/uav_mode_supervisor/lib/libuav_mode_supervisor__rosidl_typesupport_introspection_cpp.so" to ""
[19.058s] -- Installing: /home/th1rt3en/doco/uav_hw/src/workspace/doco_uav/install_static_scan/uav_mode_supervisor/lib/libuav_mode_supervisor__rosidl_typesupport_cpp.so
[19.058s] -- Set runtime path of "/home/th1rt3en/doco/uav_hw/src/workspace/doco_uav/install_static_scan/uav_mode_supervisor/lib/libuav_mode_supervisor__rosidl_typesupport_cpp.so" to ""
[19.058s] -- Installing: /home/th1rt3en/doco/uav_hw/src/workspace/doco_uav/install_static_scan/uav_mode_supervisor/share/uav_mode_supervisor/environment/pythonpath.sh
[19.058s] -- Installing: /home/th1rt3en/doco/uav_hw/src/workspace/doco_uav/install_static_scan/uav_mode_supervisor/share/uav_mode_supervisor/environment/pythonpath.dsv
[19.058s] -- Installing: /home/th1rt3en/doco/uav_hw/src/workspace/doco_uav/install_static_scan/uav_mode_supervisor/local/lib/python3.10/dist-packages/uav_mode_supervisor-0.0.0-py3.10.egg-info
[19.059s] -- Installing: /home/th1rt3en/doco/uav_hw/src/workspace/doco_uav/install_static_scan/uav_mode_supervisor/local/lib/python3.10/dist-packages/uav_mode_supervisor-0.0.0-py3.10.egg-info/top_level.txt
[19.059s] -- Installing: /home/th1rt3en/doco/uav_hw/src/workspace/doco_uav/install_static_scan/uav_mode_supervisor/local/lib/python3.10/dist-packages/uav_mode_supervisor-0.0.0-py3.10.egg-info/PKG-INFO
[19.059s] -- Installing: /home/th1rt3en/doco/uav_hw/src/workspace/doco_uav/install_static_scan/uav_mode_supervisor/local/lib/python3.10/dist-packages/uav_mode_supervisor-0.0.0-py3.10.egg-info/SOURCES.txt
[19.059s] -- Installing: /home/th1rt3en/doco/uav_hw/src/workspace/doco_uav/install_static_scan/uav_mode_supervisor/local/lib/python3.10/dist-packages/uav_mode_supervisor-0.0.0-py3.10.egg-info/dependency_links.txt
[19.059s] -- Installing: /home/th1rt3en/doco/uav_hw/src/workspace/doco_uav/install_static_scan/uav_mode_supervisor/local/lib/python3.10/dist-packages/uav_mode_supervisor
[19.059s] -- Installing: /home/th1rt3en/doco/uav_hw/src/workspace/doco_uav/install_static_scan/uav_mode_supervisor/local/lib/python3.10/dist-packages/uav_mode_supervisor/uav_mode_supervisor_s__rosidl_typesupport_introspection_c.cpython-310-x86_64-linux-gnu.so
[19.060s] -- Installing: /home/th1rt3en/doco/uav_hw/src/workspace/doco_uav/install_static_scan/uav_mode_supervisor/local/lib/python3.10/dist-packages/uav_mode_supervisor/uav_mode_supervisor_s__rosidl_typesupport_c.cpython-310-x86_64-linux-gnu.so
[19.060s] -- Installing: /home/th1rt3en/doco/uav_hw/src/workspace/doco_uav/install_static_scan/uav_mode_supervisor/local/lib/python3.10/dist-packages/uav_mode_supervisor/__init__.py
[19.060s] -- Installing: /home/th1rt3en/doco/uav_hw/src/workspace/doco_uav/install_static_scan/uav_mode_supervisor/local/lib/python3.10/dist-packages/uav_mode_supervisor/srv
[19.060s] -- Installing: /home/th1rt3en/doco/uav_hw/src/workspace/doco_uav/install_static_scan/uav_mode_supervisor/local/lib/python3.10/dist-packages/uav_mode_supervisor/srv/__init__.py
[19.060s] -- Installing: /home/th1rt3en/doco/uav_hw/src/workspace/doco_uav/install_static_scan/uav_mode_supervisor/local/lib/python3.10/dist-packages/uav_mode_supervisor/srv/_command_supervisor.py
[19.060s] -- Installing: /home/th1rt3en/doco/uav_hw/src/workspace/doco_uav/install_static_scan/uav_mode_supervisor/local/lib/python3.10/dist-packages/uav_mode_supervisor/srv/_command_supervisor_s.c
[19.061s] -- Installing: /home/th1rt3en/doco/uav_hw/src/workspace/doco_uav/install_static_scan/uav_mode_supervisor/local/lib/python3.10/dist-packages/uav_mode_supervisor/_uav_mode_supervisor_s.ep.rosidl_typesupport_c.c
[19.061s] -- Installing: /home/th1rt3en/doco/uav_hw/src/workspace/doco_uav/install_static_scan/uav_mode_supervisor/local/lib/python3.10/dist-packages/uav_mode_supervisor/_uav_mode_supervisor_s.ep.rosidl_typesupport_fastrtps_c.c
[19.061s] -- Installing: /home/th1rt3en/doco/uav_hw/src/workspace/doco_uav/install_static_scan/uav_mode_supervisor/local/lib/python3.10/dist-packages/uav_mode_supervisor/libuav_mode_supervisor__rosidl_generator_py.so
[19.061s] -- Installing: /home/th1rt3en/doco/uav_hw/src/workspace/doco_uav/install_static_scan/uav_mode_supervisor/local/lib/python3.10/dist-packages/uav_mode_supervisor/uav_mode_supervisor_s__rosidl_typesupport_fastrtps_c.cpython-310-x86_64-linux-gnu.so
[19.061s] -- Installing: /home/th1rt3en/doco/uav_hw/src/workspace/doco_uav/install_static_scan/uav_mode_supervisor/local/lib/python3.10/dist-packages/uav_mode_supervisor/_uav_mode_supervisor_s.ep.rosidl_typesupport_introspection_c.c
[19.062s] -- Installing: /home/th1rt3en/doco/uav_hw/src/workspace/doco_uav/install_static_scan/uav_mode_supervisor/local/lib/python3.10/dist-packages/uav_mode_supervisor/msg
[19.062s] -- Installing: /home/th1rt3en/doco/uav_hw/src/workspace/doco_uav/install_static_scan/uav_mode_supervisor/local/lib/python3.10/dist-packages/uav_mode_supervisor/msg/__init__.py
[19.062s] -- Installing: /home/th1rt3en/doco/uav_hw/src/workspace/doco_uav/install_static_scan/uav_mode_supervisor/local/lib/python3.10/dist-packages/uav_mode_supervisor/msg/_supervisor_state_s.c
[19.062s] -- Installing: /home/th1rt3en/doco/uav_hw/src/workspace/doco_uav/install_static_scan/uav_mode_supervisor/local/lib/python3.10/dist-packages/uav_mode_supervisor/msg/_supervisor_state.py
[19.111s] Listing '/home/th1rt3en/doco/uav_hw/src/workspace/doco_uav/install_static_scan/uav_mode_supervisor/local/lib/python3.10/dist-packages/uav_mode_supervisor'...
[19.111s] Compiling '/home/th1rt3en/doco/uav_hw/src/workspace/doco_uav/install_static_scan/uav_mode_supervisor/local/lib/python3.10/dist-packages/uav_mode_supervisor/__init__.py'...
[19.111s] Listing '/home/th1rt3en/doco/uav_hw/src/workspace/doco_uav/install_static_scan/uav_mode_supervisor/local/lib/python3.10/dist-packages/uav_mode_supervisor/msg'...
[19.111s] Compiling '/home/th1rt3en/doco/uav_hw/src/workspace/doco_uav/install_static_scan/uav_mode_supervisor/local/lib/python3.10/dist-packages/uav_mode_supervisor/msg/__init__.py'...
[19.111s] Compiling '/home/th1rt3en/doco/uav_hw/src/workspace/doco_uav/install_static_scan/uav_mode_supervisor/local/lib/python3.10/dist-packages/uav_mode_supervisor/msg/_supervisor_state.py'...
[19.112s] Listing '/home/th1rt3en/doco/uav_hw/src/workspace/doco_uav/install_static_scan/uav_mode_supervisor/local/lib/python3.10/dist-packages/uav_mode_supervisor/srv'...
[19.112s] Compiling '/home/th1rt3en/doco/uav_hw/src/workspace/doco_uav/install_static_scan/uav_mode_supervisor/local/lib/python3.10/dist-packages/uav_mode_supervisor/srv/__init__.py'...
[19.112s] Compiling '/home/th1rt3en/doco/uav_hw/src/workspace/doco_uav/install_static_scan/uav_mode_supervisor/local/lib/python3.10/dist-packages/uav_mode_supervisor/srv/_command_supervisor.py'...
[19.117s] -- Installing: /home/th1rt3en/doco/uav_hw/src/workspace/doco_uav/install_static_scan/uav_mode_supervisor/local/lib/python3.10/dist-packages/uav_mode_supervisor/uav_mode_supervisor_s__rosidl_typesupport_fastrtps_c.cpython-310-x86_64-linux-gnu.so
[19.118s] -- Set runtime path of "/home/th1rt3en/doco/uav_hw/src/workspace/doco_uav/install_static_scan/uav_mode_supervisor/local/lib/python3.10/dist-packages/uav_mode_supervisor/uav_mode_supervisor_s__rosidl_typesupport_fastrtps_c.cpython-310-x86_64-linux-gnu.so" to ""
[19.118s] -- Installing: /home/th1rt3en/doco/uav_hw/src/workspace/doco_uav/install_static_scan/uav_mode_supervisor/local/lib/python3.10/dist-packages/uav_mode_supervisor/uav_mode_supervisor_s__rosidl_typesupport_introspection_c.cpython-310-x86_64-linux-gnu.so
[19.118s] -- Set runtime path of "/home/th1rt3en/doco/uav_hw/src/workspace/doco_uav/install_static_scan/uav_mode_supervisor/local/lib/python3.10/dist-packages/uav_mode_supervisor/uav_mode_supervisor_s__rosidl_typesupport_introspection_c.cpython-310-x86_64-linux-gnu.so" to ""
[19.118s] -- Installing: /home/th1rt3en/doco/uav_hw/src/workspace/doco_uav/install_static_scan/uav_mode_supervisor/local/lib/python3.10/dist-packages/uav_mode_supervisor/uav_mode_supervisor_s__rosidl_typesupport_c.cpython-310-x86_64-linux-gnu.so
[19.119s] -- Set runtime path of "/home/th1rt3en/doco/uav_hw/src/workspace/doco_uav/install_static_scan/uav_mode_supervisor/local/lib/python3.10/dist-packages/uav_mode_supervisor/uav_mode_supervisor_s__rosidl_typesupport_c.cpython-310-x86_64-linux-gnu.so" to ""
[19.119s] -- Installing: /home/th1rt3en/doco/uav_hw/src/workspace/doco_uav/install_static_scan/uav_mode_supervisor/lib/libuav_mode_supervisor__rosidl_generator_py.so
[19.119s] -- Set runtime path of "/home/th1rt3en/doco/uav_hw/src/workspace/doco_uav/install_static_scan/uav_mode_supervisor/lib/libuav_mode_supervisor__rosidl_generator_py.so" to ""
[19.124s] -- Installing: /home/th1rt3en/doco/uav_hw/src/workspace/doco_uav/install_static_scan/uav_mode_supervisor/share/uav_mode_supervisor/msg/SupervisorState.idl
[19.124s] -- Installing: /home/th1rt3en/doco/uav_hw/src/workspace/doco_uav/install_static_scan/uav_mode_supervisor/share/uav_mode_supervisor/srv/CommandSupervisor.idl
[19.124s] -- Installing: /home/th1rt3en/doco/uav_hw/src/workspace/doco_uav/install_static_scan/uav_mode_supervisor/share/uav_mode_supervisor/msg/SupervisorState.msg
[19.124s] -- Installing: /home/th1rt3en/doco/uav_hw/src/workspace/doco_uav/install_static_scan/uav_mode_supervisor/share/uav_mode_supervisor/srv/CommandSupervisor.srv
[19.124s] -- Installing: /home/th1rt3en/doco/uav_hw/src/workspace/doco_uav/install_static_scan/uav_mode_supervisor/share/uav_mode_supervisor/srv/CommandSupervisor_Request.msg
[19.124s] -- Installing: /home/th1rt3en/doco/uav_hw/src/workspace/doco_uav/install_static_scan/uav_mode_supervisor/share/uav_mode_supervisor/srv/CommandSupervisor_Response.msg
[19.124s] -- Installing: /home/th1rt3en/doco/uav_hw/src/workspace/doco_uav/install_static_scan/uav_mode_supervisor/lib/libuav_mode_supervisor_core.so
[19.124s] -- Installing: /home/th1rt3en/doco/uav_hw/src/workspace/doco_uav/install_static_scan/uav_mode_supervisor/lib/uav_mode_supervisor/uav_mode_supervisor_node
[19.135s] -- Set runtime path of "/home/th1rt3en/doco/uav_hw/src/workspace/doco_uav/install_static_scan/uav_mode_supervisor/lib/uav_mode_supervisor/uav_mode_supervisor_node" to ""
[19.135s] -- Up-to-date: /home/th1rt3en/doco/uav_hw/src/workspace/doco_uav/install_static_scan/uav_mode_supervisor/include
[19.135s] -- Up-to-date: /home/th1rt3en/doco/uav_hw/src/workspace/doco_uav/install_static_scan/uav_mode_supervisor/include/uav_mode_supervisor
[19.135s] -- Installing: /home/th1rt3en/doco/uav_hw/src/workspace/doco_uav/install_static_scan/uav_mode_supervisor/include/uav_mode_supervisor/supervisor_logic.hpp
[19.135s] -- Installing: /home/th1rt3en/doco/uav_hw/src/workspace/doco_uav/install_static_scan/uav_mode_supervisor/share/uav_mode_supervisor/launch
[19.136s] -- Installing: /home/th1rt3en/doco/uav_hw/src/workspace/doco_uav/install_static_scan/uav_mode_supervisor/share/uav_mode_supervisor/launch/uav_mode_supervisor.launch.py
[19.136s] -- Installing: /home/th1rt3en/doco/uav_hw/src/workspace/doco_uav/install_static_scan/uav_mode_supervisor/share/uav_mode_supervisor/launch/__pycache__
[19.136s] -- Installing: /home/th1rt3en/doco/uav_hw/src/workspace/doco_uav/install_static_scan/uav_mode_supervisor/share/uav_mode_supervisor/launch/__pycache__/uav_mode_supervisor.launch.cpython-310.pyc
[19.136s] -- Installing: /home/th1rt3en/doco/uav_hw/src/workspace/doco_uav/install_static_scan/uav_mode_supervisor/share/uav_mode_supervisor/config
[19.136s] -- Installing: /home/th1rt3en/doco/uav_hw/src/workspace/doco_uav/install_static_scan/uav_mode_supervisor/share/uav_mode_supervisor/config/uav_mode_supervisor.yaml
[19.136s] -- Installing: /home/th1rt3en/doco/uav_hw/src/workspace/doco_uav/install_static_scan/uav_mode_supervisor/share/uav_mode_supervisor/README.md
[19.137s] -- Installing: /home/th1rt3en/doco/uav_hw/src/workspace/doco_uav/install_static_scan/uav_mode_supervisor/share/ament_index/resource_index/package_run_dependencies/uav_mode_supervisor
[19.137s] -- Installing: /home/th1rt3en/doco/uav_hw/src/workspace/doco_uav/install_static_scan/uav_mode_supervisor/share/ament_index/resource_index/parent_prefix_path/uav_mode_supervisor
[19.137s] -- Installing: /home/th1rt3en/doco/uav_hw/src/workspace/doco_uav/install_static_scan/uav_mode_supervisor/share/uav_mode_supervisor/environment/ament_prefix_path.sh
[19.137s] -- Installing: /home/th1rt3en/doco/uav_hw/src/workspace/doco_uav/install_static_scan/uav_mode_supervisor/share/uav_mode_supervisor/environment/ament_prefix_path.dsv
[19.137s] -- Installing: /home/th1rt3en/doco/uav_hw/src/workspace/doco_uav/install_static_scan/uav_mode_supervisor/share/uav_mode_supervisor/environment/path.sh
[19.138s] -- Installing: /home/th1rt3en/doco/uav_hw/src/workspace/doco_uav/install_static_scan/uav_mode_supervisor/share/uav_mode_supervisor/environment/path.dsv
[19.138s] -- Installing: /home/th1rt3en/doco/uav_hw/src/workspace/doco_uav/install_static_scan/uav_mode_supervisor/share/uav_mode_supervisor/local_setup.bash
[19.138s] -- Installing: /home/th1rt3en/doco/uav_hw/src/workspace/doco_uav/install_static_scan/uav_mode_supervisor/share/uav_mode_supervisor/local_setup.sh
[19.138s] -- Installing: /home/th1rt3en/doco/uav_hw/src/workspace/doco_uav/install_static_scan/uav_mode_supervisor/share/uav_mode_supervisor/local_setup.zsh
[19.138s] -- Installing: /home/th1rt3en/doco/uav_hw/src/workspace/doco_uav/install_static_scan/uav_mode_supervisor/share/uav_mode_supervisor/local_setup.dsv
[19.138s] -- Installing: /home/th1rt3en/doco/uav_hw/src/workspace/doco_uav/install_static_scan/uav_mode_supervisor/share/uav_mode_supervisor/package.dsv
[19.139s] -- Installing: /home/th1rt3en/doco/uav_hw/src/workspace/doco_uav/install_static_scan/uav_mode_supervisor/share/ament_index/resource_index/packages/uav_mode_supervisor
[19.139s] -- Installing: /home/th1rt3en/doco/uav_hw/src/workspace/doco_uav/install_static_scan/uav_mode_supervisor/share/uav_mode_supervisor/cmake/export_uav_mode_supervisor__rosidl_generator_cExport.cmake
[19.139s] -- Installing: /home/th1rt3en/doco/uav_hw/src/workspace/doco_uav/install_static_scan/uav_mode_supervisor/share/uav_mode_supervisor/cmake/export_uav_mode_supervisor__rosidl_generator_cExport-noconfig.cmake
[19.139s] -- Installing: /home/th1rt3en/doco/uav_hw/src/workspace/doco_uav/install_static_scan/uav_mode_supervisor/share/uav_mode_supervisor/cmake/export_uav_mode_supervisor__rosidl_typesupport_fastrtps_cExport.cmake
[19.139s] -- Installing: /home/th1rt3en/doco/uav_hw/src/workspace/doco_uav/install_static_scan/uav_mode_supervisor/share/uav_mode_supervisor/cmake/export_uav_mode_supervisor__rosidl_typesupport_fastrtps_cExport-noconfig.cmake
[19.139s] -- Installing: /home/th1rt3en/doco/uav_hw/src/workspace/doco_uav/install_static_scan/uav_mode_supervisor/share/uav_mode_supervisor/cmake/export_uav_mode_supervisor__rosidl_generator_cppExport.cmake
[19.140s] -- Installing: /home/th1rt3en/doco/uav_hw/src/workspace/doco_uav/install_static_scan/uav_mode_supervisor/share/uav_mode_supervisor/cmake/export_uav_mode_supervisor__rosidl_typesupport_fastrtps_cppExport.cmake
[19.140s] -- Installing: /home/th1rt3en/doco/uav_hw/src/workspace/doco_uav/install_static_scan/uav_mode_supervisor/share/uav_mode_supervisor/cmake/export_uav_mode_supervisor__rosidl_typesupport_fastrtps_cppExport-noconfig.cmake
[19.140s] -- Installing: /home/th1rt3en/doco/uav_hw/src/workspace/doco_uav/install_static_scan/uav_mode_supervisor/share/uav_mode_supervisor/cmake/uav_mode_supervisor__rosidl_typesupport_introspection_cExport.cmake
[19.140s] -- Installing: /home/th1rt3en/doco/uav_hw/src/workspace/doco_uav/install_static_scan/uav_mode_supervisor/share/uav_mode_supervisor/cmake/uav_mode_supervisor__rosidl_typesupport_introspection_cExport-noconfig.cmake
[19.140s] -- Installing: /home/th1rt3en/doco/uav_hw/src/workspace/doco_uav/install_static_scan/uav_mode_supervisor/share/uav_mode_supervisor/cmake/uav_mode_supervisor__rosidl_typesupport_cExport.cmake
[19.140s] -- Installing: /home/th1rt3en/doco/uav_hw/src/workspace/doco_uav/install_static_scan/uav_mode_supervisor/share/uav_mode_supervisor/cmake/uav_mode_supervisor__rosidl_typesupport_cExport-noconfig.cmake
[19.140s] -- Installing: /home/th1rt3en/doco/uav_hw/src/workspace/doco_uav/install_static_scan/uav_mode_supervisor/share/uav_mode_supervisor/cmake/uav_mode_supervisor__rosidl_typesupport_introspection_cppExport.cmake
[19.141s] -- Installing: /home/th1rt3en/doco/uav_hw/src/workspace/doco_uav/install_static_scan/uav_mode_supervisor/share/uav_mode_supervisor/cmake/uav_mode_supervisor__rosidl_typesupport_introspection_cppExport-noconfig.cmake
[19.141s] -- Installing: /home/th1rt3en/doco/uav_hw/src/workspace/doco_uav/install_static_scan/uav_mode_supervisor/share/uav_mode_supervisor/cmake/uav_mode_supervisor__rosidl_typesupport_cppExport.cmake
[19.141s] -- Installing: /home/th1rt3en/doco/uav_hw/src/workspace/doco_uav/install_static_scan/uav_mode_supervisor/share/uav_mode_supervisor/cmake/uav_mode_supervisor__rosidl_typesupport_cppExport-noconfig.cmake
[19.141s] -- Installing: /home/th1rt3en/doco/uav_hw/src/workspace/doco_uav/install_static_scan/uav_mode_supervisor/share/uav_mode_supervisor/cmake/export_uav_mode_supervisor__rosidl_generator_pyExport.cmake
[19.141s] -- Installing: /home/th1rt3en/doco/uav_hw/src/workspace/doco_uav/install_static_scan/uav_mode_supervisor/share/uav_mode_supervisor/cmake/export_uav_mode_supervisor__rosidl_generator_pyExport-noconfig.cmake
[19.141s] -- Installing: /home/th1rt3en/doco/uav_hw/src/workspace/doco_uav/install_static_scan/uav_mode_supervisor/share/uav_mode_supervisor/cmake/rosidl_cmake-extras.cmake
[19.141s] -- Installing: /home/th1rt3en/doco/uav_hw/src/workspace/doco_uav/install_static_scan/uav_mode_supervisor/share/uav_mode_supervisor/cmake/ament_cmake_export_dependencies-extras.cmake
[19.142s] -- Installing: /home/th1rt3en/doco/uav_hw/src/workspace/doco_uav/install_static_scan/uav_mode_supervisor/share/uav_mode_supervisor/cmake/ament_cmake_export_include_directories-extras.cmake
[19.142s] -- Installing: /home/th1rt3en/doco/uav_hw/src/workspace/doco_uav/install_static_scan/uav_mode_supervisor/share/uav_mode_supervisor/cmake/ament_cmake_export_libraries-extras.cmake
[19.142s] -- Installing: /home/th1rt3en/doco/uav_hw/src/workspace/doco_uav/install_static_scan/uav_mode_supervisor/share/uav_mode_supervisor/cmake/ament_cmake_export_targets-extras.cmake
[19.142s] -- Installing: /home/th1rt3en/doco/uav_hw/src/workspace/doco_uav/install_static_scan/uav_mode_supervisor/share/uav_mode_supervisor/cmake/rosidl_cmake_export_typesupport_targets-extras.cmake
[19.142s] -- Installing: /home/th1rt3en/doco/uav_hw/src/workspace/doco_uav/install_static_scan/uav_mode_supervisor/share/uav_mode_supervisor/cmake/rosidl_cmake_export_typesupport_libraries-extras.cmake
[19.142s] -- Installing: /home/th1rt3en/doco/uav_hw/src/workspace/doco_uav/install_static_scan/uav_mode_supervisor/share/uav_mode_supervisor/cmake/uav_mode_supervisorConfig.cmake
[19.142s] -- Installing: /home/th1rt3en/doco/uav_hw/src/workspace/doco_uav/install_static_scan/uav_mode_supervisor/share/uav_mode_supervisor/cmake/uav_mode_supervisorConfig-version.cmake
[19.143s] -- Installing: /home/th1rt3en/doco/uav_hw/src/workspace/doco_uav/install_static_scan/uav_mode_supervisor/share/uav_mode_supervisor/package.xml
[19.146s] Invoked command in '/home/th1rt3en/doco/uav_hw/src/workspace/doco_uav/build_static_scan/uav_mode_supervisor' returned '0': AMENT_PREFIX_PATH=/home/th1rt3en/doco/uav_hw/src/workspace/doco_uav/install_static_scan/uav_visual_landing:${AMENT_PREFIX_PATH} CMAKE_PREFIX_PATH=/home/th1rt3en/doco/uav_hw/src/workspace/doco_uav/install_static_scan/uav_visual_landing:/home/th1rt3en/doco/sim_full/install/ugv_sim_bringup:/home/th1rt3en/doco/sim_full/install/ugv_teleop:/home/th1rt3en/doco/sim_full/install/ugv_slam_tools:/home/th1rt3en/doco/sim_full/install/uav_sim_bringup:/home/th1rt3en/doco/sim_full/install/sim_worlds:/home/th1rt3en/doco/sim_full/install/ugv_sim_tools:/home/th1rt3en/doco/sim_full/install/ugv_safety_watchdog:/home/th1rt3en/doco/sim_full/install/ugv_controller_emulator:/home/th1rt3en/doco/sim_full/install/ugv_base_driver:/home/th1rt3en/doco/sim_full/install/uav_mode_supervisor:/home/th1rt3en/doco/sim_full/install/uav_bringup:/home/th1rt3en/doco/sim_full/install/uav_visual_landing:/home/th1rt3en/doco/sim_full/install/uav_gz_bridge:/home/th1rt3en/doco/sim_full/install/uav_description:/home/th1rt3en/doco/sim_full/install/uav_bridge:/home/th1rt3en/doco/sim_full/install/relative_position_fusion:/home/th1rt3en/doco/sim_full/install/quadrotor_msgs:/home/th1rt3en/doco/sim_full/install/px4_msgs:/home/th1rt3en/doco/sim_full/install/px4:/home/th1rt3en/doco/sim_full/install/orbbec_description:/home/th1rt3en/doco/sim_full/install/orbbec_camera:/home/th1rt3en/doco/sim_full/install/orbbec_camera_msgs:/home/th1rt3en/doco/sim_full/install/lslidar_driver:/home/th1rt3en/doco/sim_full/install/lslidar_msgs:/home/th1rt3en/doco/sim_full/install/duojin01_bringup:/home/th1rt3en/doco/sim_full/install/ugv_bringup:/home/th1rt3en/doco/sim_full/install/ugv_description:/opt/ros/humble LD_LIBRARY_PATH=/home/th1rt3en/doco/uav_hw/src/workspace/doco_uav/install_static_scan/uav_visual_landing/lib:${LD_LIBRARY_PATH} PYTHONPATH=/home/th1rt3en/doco/uav_hw/src/workspace/doco_uav/install_static_scan/uav_visual_landing/local/lib/python3.10/dist-packages:${PYTHONPATH} /usr/bin/cmake --install /home/th1rt3en/doco/uav_hw/src/workspace/doco_uav/build_static_scan/uav_mode_supervisor
